<?xml version="1.0" encoding="utf-8"?>
<CoverageSession xmlns:xsd="http://www.w3.org/2001/XMLSchema" xmlns:xsi="http://www.w3.org/2001/XMLSchema-instance" Version="4.6.0.0">
  <Summary numSequencePoints="1695" visitedSequencePoints="1462" numBranchPoints="600" visitedBranchPoints="444" sequenceCoverage="86.25" branchCoverage="74" maxCyclomaticComplexity="66" minCyclomaticComplexity="1" maxCrapScore="66.81" minCrapScore="1" visitedClasses="16" numClasses="19" visitedMethods="185" numMethods="210" />
  <Modules>
    <Module hash="F1-28-52-18-3E-7F-95-37-64-55-3A-34-78-7A-96-5E-8D-30-FD-71">
      <Summary numSequencePoints="985" visitedSequencePoints="906" numBranchPoints="138" visitedBranchPoints="122" sequenceCoverage="91.98" branchCoverage="88.41" maxCyclomaticComplexity="15" minCyclomaticComplexity="1" maxCrapScore="17.71" minCrapScore="1" visitedClasses="13" numClasses="14" visitedMethods="92" numMethods="94" />
      <ModulePath>D:\github\TheByteStuff\Log4NetAppenders\src\Log4NetAppenders.UnitTest\bin\Release\Log4NetAppenders.UnitTest.dll</ModulePath>
      <ModuleTime>2020-08-18T18:37:47.8891085Z</ModuleTime>
      <ModuleName>Log4NetAppenders.UnitTest</ModuleName>
      <Files>
        <File uid="1" fullPath="D:\github\TheByteStuff\Log4NetAppenders\src\Log4NetAppenders.UnitTest\ConnectionInfo.cs" />
        <File uid="2" fullPath="D:\github\TheByteStuff\Log4NetAppenders\src\Log4NetAppenders.UnitTest\IoHelper.cs" />
        <File uid="3" fullPath="D:\github\TheByteStuff\Log4NetAppenders\src\Log4NetAppenders.UnitTest\MockServer.cs" />
        <File uid="4" fullPath="D:\github\TheByteStuff\Log4NetAppenders\src\Log4NetAppenders.UnitTest\RemoteSyslogAsyncSSLAppenderTest.cs" />
        <File uid="7" fullPath="D:\github\TheByteStuff\Log4NetAppenders\src\Log4NetAppenders.UnitTest\EncryptedForwardingAppenderTest.cs" />
        <File uid="12" fullPath="D:\github\TheByteStuff\Log4NetAppenders\src\Log4NetAppenders.UnitTest\RemoteSyslogSSLAppenderTest.cs" />
      </Files>
      <Classes>
        <Class>
          <Summary numSequencePoints="13" visitedSequencePoints="13" numBranchPoints="6" visitedBranchPoints="6" sequenceCoverage="100" branchCoverage="100" maxCyclomaticComplexity="3" minCyclomaticComplexity="1" maxCrapScore="3" minCrapScore="1" visitedClasses="1" numClasses="1" visitedMethods="2" numMethods="2" />
          <FullName>Log4NetAppenders.UnitTest.ConnectionInfo</FullName>
          <Methods>
            <Method visited="true" cyclomaticComplexity="1" nPathComplexity="0" sequenceCoverage="100" branchCoverage="100" crapScore="1" isConstructor="true" isStatic="false" isGetter="false" isSetter="false">
              <Summary numSequencePoints="4" visitedSequencePoints="4" numBranchPoints="1" visitedBranchPoints="1" sequenceCoverage="100" branchCoverage="100" maxCyclomaticComplexity="1" minCyclomaticComplexity="1" maxCrapScore="1" minCrapScore="1" visitedClasses="0" numClasses="0" visitedMethods="1" numMethods="1" />
              <MetadataToken>100663297</MetadataToken>
              <Name>System.Void Log4NetAppenders.UnitTest.ConnectionInfo::.ctor(System.Net.Sockets.Socket,System.Net.Sockets.NetworkStream)</Name>
              <FileRef uid="1" />
              <SequencePoints>
                <SequencePoint vc="75" uspid="1" ordinal="0" offset="0" sl="12" sc="9" el="12" ec="67" bec="0" bev="0" fileid="1" />
                <SequencePoint vc="75" uspid="2" ordinal="1" offset="6" sl="14" sc="13" el="14" ec="29" bec="0" bev="0" fileid="1" />
                <SequencePoint vc="75" uspid="3" ordinal="2" offset="13" sl="15" sc="13" el="15" ec="29" bec="0" bev="0" fileid="1" />
                <SequencePoint vc="75" uspid="4" ordinal="3" offset="20" sl="16" sc="9" el="16" ec="10" bec="0" bev="0" fileid="1" />
              </SequencePoints>
              <BranchPoints />
              <MethodPoint xsi:type="SequencePoint" vc="75" uspid="1" ordinal="0" offset="0" sl="12" sc="9" el="12" ec="67" bec="0" bev="0" fileid="1" />
            </Method>
            <Method visited="true" cyclomaticComplexity="3" nPathComplexity="4" sequenceCoverage="100" branchCoverage="100" crapScore="3" isConstructor="false" isStatic="false" isGetter="false" isSetter="false">
              <Summary numSequencePoints="9" visitedSequencePoints="9" numBranchPoints="5" visitedBranchPoints="5" sequenceCoverage="100" branchCoverage="100" maxCyclomaticComplexity="3" minCyclomaticComplexity="3" maxCrapScore="3" minCrapScore="3" visitedClasses="0" numClasses="0" visitedMethods="1" numMethods="1" />
              <MetadataToken>100663298</MetadataToken>
              <Name>System.Void Log4NetAppenders.UnitTest.ConnectionInfo::Close()</Name>
              <FileRef uid="1" />
              <SequencePoints>
                <SequencePoint vc="148" uspid="5" ordinal="0" offset="0" sl="23" sc="13" el="23" ec="32" bec="2" bev="2" fileid="1" />
                <SequencePoint vc="75" uspid="6" ordinal="1" offset="8" sl="24" sc="17" el="24" ec="32" bec="0" bev="0" fileid="1" />
                <SequencePoint vc="148" uspid="7" ordinal="2" offset="19" sl="25" sc="13" el="25" ec="27" bec="0" bev="0" fileid="1" />
                <SequencePoint vc="148" uspid="8" ordinal="3" offset="26" sl="27" sc="13" el="27" ec="32" bec="2" bev="2" fileid="1" />
                <SequencePoint vc="75" uspid="9" ordinal="4" offset="34" sl="29" sc="17" el="29" ec="54" bec="0" bev="0" fileid="1" />
                <SequencePoint vc="75" uspid="10" ordinal="5" offset="46" sl="30" sc="17" el="30" ec="42" bec="0" bev="0" fileid="1" />
                <SequencePoint vc="75" uspid="11" ordinal="6" offset="58" sl="31" sc="17" el="31" ec="32" bec="0" bev="0" fileid="1" />
                <SequencePoint vc="148" uspid="12" ordinal="7" offset="69" sl="33" sc="13" el="33" ec="27" bec="0" bev="0" fileid="1" />
                <SequencePoint vc="148" uspid="13" ordinal="8" offset="76" sl="34" sc="9" el="34" ec="10" bec="0" bev="0" fileid="1" />
              </SequencePoints>
              <BranchPoints>
                <BranchPoint vc="75" uspid="14" ordinal="0" offset="6" sl="23" path="0" offsetend="8" fileid="1" />
                <BranchPoint vc="73" uspid="15" ordinal="1" offset="6" sl="23" path="1" offsetend="19" fileid="1" />
                <BranchPoint vc="75" uspid="16" ordinal="2" offset="32" sl="27" path="0" offsetend="34" fileid="1" />
                <BranchPoint vc="73" uspid="17" ordinal="3" offset="32" sl="27" path="1" offsetend="69" fileid="1" />
              </BranchPoints>
              <MethodPoint xsi:type="SequencePoint" vc="148" uspid="5" ordinal="0" offset="0" sl="23" sc="13" el="23" ec="32" bec="2" bev="2" fileid="1" />
            </Method>
          </Methods>
        </Class>
        <Class>
          <Summary numSequencePoints="15" visitedSequencePoints="11" numBranchPoints="4" visitedBranchPoints="3" sequenceCoverage="73.33" branchCoverage="75" maxCyclomaticComplexity="2" minCyclomaticComplexity="1" maxCrapScore="6" minCrapScore="1" visitedClasses="1" numClasses="1" visitedMethods="3" numMethods="4" />
          <FullName>Log4NetAppenders.UnitTest.IoHelper</FullName>
          <Methods>
            <Method visited="true" cyclomaticComplexity="1" nPathComplexity="0" sequenceCoverage="100" branchCoverage="100" crapScore="1" isConstructor="false" isStatic="true" isGetter="false" isSetter="false">
              <Summary numSequencePoints="6" visitedSequencePoints="6" numBranchPoints="1" visitedBranchPoints="1" sequenceCoverage="100" branchCoverage="100" maxCyclomaticComplexity="1" minCyclomaticComplexity="1" maxCrapScore="1" minCrapScore="1" visitedClasses="0" numClasses="0" visitedMethods="1" numMethods="1" />
              <MetadataToken>100663299</MetadataToken>
              <Name>System.IO.Stream Log4NetAppenders.UnitTest.IoHelper::GetStream(System.String)</Name>
              <FileRef uid="2" />
              <SequencePoints>
                <SequencePoint vc="503" uspid="18" ordinal="0" offset="0" sl="12" sc="13" el="12" ec="54" bec="0" bev="0" fileid="2" />
                <SequencePoint vc="503" uspid="19" ordinal="1" offset="5" sl="13" sc="13" el="13" ec="60" bec="0" bev="0" fileid="2" />
                <SequencePoint vc="503" uspid="20" ordinal="2" offset="11" sl="14" sc="13" el="14" ec="38" bec="0" bev="0" fileid="2" />
                <SequencePoint vc="503" uspid="21" ordinal="3" offset="18" sl="15" sc="13" el="15" ec="28" bec="0" bev="0" fileid="2" />
                <SequencePoint vc="503" uspid="22" ordinal="4" offset="23" sl="16" sc="13" el="16" ec="33" bec="0" bev="0" fileid="2" />
                <SequencePoint vc="503" uspid="23" ordinal="5" offset="31" sl="17" sc="13" el="17" ec="27" bec="0" bev="0" fileid="2" />
              </SequencePoints>
              <BranchPoints />
              <MethodPoint xsi:type="SequencePoint" vc="503" uspid="18" ordinal="0" offset="0" sl="12" sc="13" el="12" ec="54" bec="0" bev="0" fileid="2" />
            </Method>
            <Method visited="true" cyclomaticComplexity="2" nPathComplexity="0" sequenceCoverage="100" branchCoverage="100" crapScore="2" isConstructor="false" isStatic="true" isGetter="false" isSetter="false">
              <Summary numSequencePoints="4" visitedSequencePoints="4" numBranchPoints="1" visitedBranchPoints="1" sequenceCoverage="100" branchCoverage="100" maxCyclomaticComplexity="2" minCyclomaticComplexity="2" maxCrapScore="2" minCrapScore="2" visitedClasses="0" numClasses="0" visitedMethods="1" numMethods="1" />
              <MetadataToken>100663300</MetadataToken>
              <Name>System.String Log4NetAppenders.UnitTest.IoHelper::GetString(System.IO.Stream)</Name>
              <FileRef uid="2" />
              <SequencePoints>
                <SequencePoint vc="503" uspid="24" ordinal="0" offset="0" sl="23" sc="20" el="23" ec="71" bec="0" bev="0" fileid="2" />
                <SequencePoint vc="503" uspid="25" ordinal="1" offset="7" sl="25" sc="17" el="25" ec="45" bec="0" bev="0" fileid="2" />
                <SequencePoint vc="503" uspid="26" ordinal="2" offset="14" sl="26" sc="13" el="26" ec="14" bec="0" bev="0" fileid="2" />
                <SequencePoint vc="503" uspid="27" ordinal="3" offset="26" sl="27" sc="13" el="27" ec="27" bec="0" bev="0" fileid="2" />
              </SequencePoints>
              <BranchPoints />
              <MethodPoint xsi:type="SequencePoint" vc="503" uspid="24" ordinal="0" offset="0" sl="23" sc="20" el="23" ec="71" bec="0" bev="0" fileid="2" />
            </Method>
            <Method visited="false" cyclomaticComplexity="2" nPathComplexity="0" sequenceCoverage="0" branchCoverage="0" crapScore="6" isConstructor="false" isStatic="true" isGetter="false" isSetter="false">
              <Summary numSequencePoints="4" visitedSequencePoints="0" numBranchPoints="1" visitedBranchPoints="0" sequenceCoverage="0" branchCoverage="0" maxCyclomaticComplexity="2" minCyclomaticComplexity="2" maxCrapScore="6" minCrapScore="6" visitedClasses="0" numClasses="0" visitedMethods="0" numMethods="1" />
              <MetadataToken>100663301</MetadataToken>
              <Name>System.Void Log4NetAppenders.UnitTest.IoHelper::WriteStream(System.IO.Stream,System.Byte[]&amp;)</Name>
              <FileRef uid="2" />
              <SequencePoints>
                <SequencePoint vc="0" uspid="28" ordinal="0" offset="0" sl="32" sc="20" el="32" ec="53" bec="0" bev="0" fileid="2" />
                <SequencePoint vc="0" uspid="29" ordinal="1" offset="2" sl="34" sc="17" el="34" ec="68" bec="0" bev="0" fileid="2" />
                <SequencePoint vc="0" uspid="30" ordinal="2" offset="15" sl="35" sc="13" el="35" ec="14" bec="0" bev="0" fileid="2" />
                <SequencePoint vc="0" uspid="31" ordinal="3" offset="27" sl="36" sc="9" el="36" ec="10" bec="0" bev="0" fileid="2" />
              </SequencePoints>
              <BranchPoints />
              <MethodPoint xsi:type="SequencePoint" vc="0" uspid="28" ordinal="0" offset="0" sl="32" sc="20" el="32" ec="53" bec="0" bev="0" fileid="2" />
            </Method>
            <Method visited="true" cyclomaticComplexity="1" nPathComplexity="0" sequenceCoverage="100" branchCoverage="100" crapScore="1" isConstructor="true" isStatic="true" isGetter="false" isSetter="false">
              <Summary numSequencePoints="1" visitedSequencePoints="1" numBranchPoints="1" visitedBranchPoints="1" sequenceCoverage="100" branchCoverage="100" maxCyclomaticComplexity="1" minCyclomaticComplexity="1" maxCrapScore="1" minCrapScore="1" visitedClasses="0" numClasses="0" visitedMethods="1" numMethods="1" />
              <MetadataToken>100663302</MetadataToken>
              <Name>System.Void Log4NetAppenders.UnitTest.IoHelper::.cctor()</Name>
              <FileRef uid="2" />
              <SequencePoints>
                <SequencePoint vc="1" uspid="32" ordinal="0" offset="0" sl="8" sc="9" el="8" ec="114" bec="0" bev="0" fileid="2" />
              </SequencePoints>
              <BranchPoints />
              <MethodPoint xsi:type="SequencePoint" vc="1" uspid="32" ordinal="0" offset="0" sl="8" sc="9" el="8" ec="114" bec="0" bev="0" fileid="2" />
            </Method>
          </Methods>
        </Class>
        <Class>
          <Summary numSequencePoints="88" visitedSequencePoints="78" numBranchPoints="20" visitedBranchPoints="17" sequenceCoverage="88.64" branchCoverage="85" maxCyclomaticComplexity="5" minCyclomaticComplexity="1" maxCrapScore="5.27" minCrapScore="1" visitedClasses="1" numClasses="1" visitedMethods="10" numMethods="10" />
          <FullName>Log4NetAppenders.UnitTest.MockServer</FullName>
          <Methods>
            <Method visited="true" cyclomaticComplexity="3" nPathComplexity="2" sequenceCoverage="90" branchCoverage="66.67" crapScore="3.01" isConstructor="false" isStatic="false" isGetter="false" isSetter="false">
              <Summary numSequencePoints="10" visitedSequencePoints="9" numBranchPoints="3" visitedBranchPoints="2" sequenceCoverage="90" branchCoverage="66.67" maxCyclomaticComplexity="3" minCyclomaticComplexity="3" maxCrapScore="3.01" minCrapScore="3.01" visitedClasses="0" numClasses="0" visitedMethods="1" numMethods="1" />
              <MetadataToken>100663303</MetadataToken>
              <Name>System.Void Log4NetAppenders.UnitTest.MockServer::Start(System.Int32,System.String)</Name>
              <FileRef uid="3" />
              <SequencePoints>
                <SequencePoint vc="2" uspid="33" ordinal="0" offset="0" sl="25" sc="13" el="25" ec="73" bec="0" bev="0" fileid="3" />
                <SequencePoint vc="2" uspid="34" ordinal="1" offset="10" sl="26" sc="13" el="26" ec="25" bec="0" bev="0" fileid="3" />
                <SequencePoint vc="2" uspid="35" ordinal="2" offset="27" sl="28" sc="17" el="28" ec="45" bec="2" bev="1" fileid="3" />
                <SequencePoint vc="0" uspid="36" ordinal="3" offset="35" sl="29" sc="21" el="29" ec="59" bec="0" bev="0" fileid="3" />
                <SequencePoint vc="2" uspid="37" ordinal="4" offset="41" sl="31" sc="17" el="31" ec="30" bec="0" bev="0" fileid="3" />
                <SequencePoint vc="2" uspid="38" ordinal="5" offset="48" sl="32" sc="17" el="32" ec="76" bec="0" bev="0" fileid="3" />
                <SequencePoint vc="2" uspid="39" ordinal="6" offset="60" sl="34" sc="17" el="34" ec="54" bec="0" bev="0" fileid="3" />
                <SequencePoint vc="2" uspid="40" ordinal="7" offset="83" sl="35" sc="17" el="35" ec="41" bec="0" bev="0" fileid="3" />
                <SequencePoint vc="2" uspid="41" ordinal="8" offset="94" sl="36" sc="13" el="36" ec="14" bec="0" bev="0" fileid="3" />
                <SequencePoint vc="2" uspid="42" ordinal="9" offset="106" sl="37" sc="9" el="37" ec="10" bec="0" bev="0" fileid="3" />
              </SequencePoints>
              <BranchPoints>
                <BranchPoint vc="0" uspid="43" ordinal="0" offset="33" sl="28" path="0" offsetend="35" fileid="3" />
                <BranchPoint vc="2" uspid="44" ordinal="1" offset="33" sl="28" path="1" offsetend="41" fileid="3" />
              </BranchPoints>
              <MethodPoint xsi:type="SequencePoint" vc="2" uspid="33" ordinal="0" offset="0" sl="25" sc="13" el="25" ec="73" bec="0" bev="0" fileid="3" />
            </Method>
            <Method visited="true" cyclomaticComplexity="4" nPathComplexity="4" sequenceCoverage="90.91" branchCoverage="60" crapScore="4.01" isConstructor="false" isStatic="false" isGetter="false" isSetter="false">
              <Summary numSequencePoints="11" visitedSequencePoints="10" numBranchPoints="5" visitedBranchPoints="3" sequenceCoverage="90.91" branchCoverage="60" maxCyclomaticComplexity="4" minCyclomaticComplexity="4" maxCrapScore="4.01" minCrapScore="4.01" visitedClasses="0" numClasses="0" visitedMethods="1" numMethods="1" />
              <MetadataToken>100663304</MetadataToken>
              <Name>System.Void Log4NetAppenders.UnitTest.MockServer::Stop()</Name>
              <FileRef uid="3" />
              <SequencePoints>
                <SequencePoint vc="2" uspid="45" ordinal="0" offset="0" sl="41" sc="13" el="41" ec="72" bec="0" bev="0" fileid="3" />
                <SequencePoint vc="2" uspid="46" ordinal="1" offset="10" sl="42" sc="13" el="42" ec="25" bec="0" bev="0" fileid="3" />
                <SequencePoint vc="2" uspid="47" ordinal="2" offset="27" sl="44" sc="17" el="44" ec="39" bec="2" bev="1" fileid="3" />
                <SequencePoint vc="2" uspid="48" ordinal="3" offset="35" sl="46" sc="21" el="46" ec="38" bec="0" bev="0" fileid="3" />
                <SequencePoint vc="2" uspid="49" ordinal="4" offset="46" sl="47" sc="21" el="47" ec="38" bec="0" bev="0" fileid="3" />
                <SequencePoint vc="2" uspid="50" ordinal="5" offset="53" sl="50" sc="17" el="50" ec="41" bec="0" bev="0" fileid="3" />
                <SequencePoint vc="2" uspid="51" ordinal="6" offset="60" sl="52" sc="17" el="52" ec="68" bec="2" bev="1" fileid="3" />
                <SequencePoint vc="0" uspid="52" ordinal="7" offset="87" sl="53" sc="21" el="53" ec="45" bec="0" bev="0" fileid="3" />
                <SequencePoint vc="2" uspid="53" ordinal="8" offset="98" sl="54" sc="17" el="54" ec="40" bec="0" bev="0" fileid="3" />
                <SequencePoint vc="2" uspid="54" ordinal="9" offset="105" sl="55" sc="13" el="55" ec="14" bec="0" bev="0" fileid="3" />
                <SequencePoint vc="2" uspid="55" ordinal="10" offset="117" sl="56" sc="9" el="56" ec="10" bec="0" bev="0" fileid="3" />
              </SequencePoints>
              <BranchPoints>
                <BranchPoint vc="2" uspid="56" ordinal="0" offset="33" sl="44" path="0" offsetend="35" fileid="3" />
                <BranchPoint vc="0" uspid="57" ordinal="1" offset="33" sl="44" path="1" offsetend="53" fileid="3" />
                <BranchPoint vc="0" uspid="58" ordinal="2" offset="85" sl="52" path="0" offsetend="87" fileid="3" />
                <BranchPoint vc="2" uspid="59" ordinal="3" offset="85" sl="52" path="1" offsetend="98" fileid="3" />
              </BranchPoints>
              <MethodPoint xsi:type="SequencePoint" vc="2" uspid="45" ordinal="0" offset="0" sl="41" sc="13" el="41" ec="72" bec="0" bev="0" fileid="3" />
            </Method>
            <Method visited="true" cyclomaticComplexity="4" nPathComplexity="2" sequenceCoverage="100" branchCoverage="100" crapScore="4" isConstructor="false" isStatic="false" isGetter="false" isSetter="false">
              <Summary numSequencePoints="10" visitedSequencePoints="10" numBranchPoints="3" visitedBranchPoints="3" sequenceCoverage="100" branchCoverage="100" maxCyclomaticComplexity="4" minCyclomaticComplexity="4" maxCrapScore="4" minCrapScore="4" visitedClasses="0" numClasses="0" visitedMethods="1" numMethods="1" />
              <MetadataToken>100663305</MetadataToken>
              <Name>System.Void Log4NetAppenders.UnitTest.MockServer::CloseConnections(System.Boolean)</Name>
              <FileRef uid="3" />
              <SequencePoints>
                <SequencePoint vc="3" uspid="60" ordinal="0" offset="0" sl="60" sc="13" el="60" ec="23" bec="2" bev="2" fileid="3" />
                <SequencePoint vc="1" uspid="61" ordinal="1" offset="3" sl="61" sc="17" el="61" ec="88" bec="0" bev="0" fileid="3" />
                <SequencePoint vc="3" uspid="62" ordinal="2" offset="13" sl="63" sc="13" el="63" ec="25" bec="0" bev="0" fileid="3" />
                <SequencePoint vc="3" uspid="63" ordinal="3" offset="30" sl="65" sc="44" el="65" ec="56" bec="0" bev="0" fileid="3" />
                <SequencePoint vc="73" uspid="64" ordinal="4" offset="44" sl="65" sc="26" el="65" ec="40" bec="0" bev="0" fileid="3" />
                <SequencePoint vc="73" uspid="65" ordinal="5" offset="51" sl="67" sc="21" el="67" ec="40" bec="0" bev="0" fileid="3" />
                <SequencePoint vc="76" uspid="66" ordinal="6" offset="56" sl="65" sc="41" el="65" ec="43" bec="0" bev="0" fileid="3" />
                <SequencePoint vc="3" uspid="67" ordinal="7" offset="81" sl="69" sc="17" el="69" ec="38" bec="0" bev="0" fileid="3" />
                <SequencePoint vc="3" uspid="68" ordinal="8" offset="92" sl="70" sc="13" el="70" ec="14" bec="0" bev="0" fileid="3" />
                <SequencePoint vc="3" uspid="69" ordinal="9" offset="104" sl="71" sc="9" el="71" ec="10" bec="0" bev="0" fileid="3" />
              </SequencePoints>
              <BranchPoints>
                <BranchPoint vc="1" uspid="70" ordinal="0" offset="1" sl="60" path="0" offsetend="3" fileid="3" />
                <BranchPoint vc="2" uspid="71" ordinal="1" offset="1" sl="60" path="1" offsetend="13" fileid="3" />
              </BranchPoints>
              <MethodPoint xsi:type="SequencePoint" vc="3" uspid="60" ordinal="0" offset="0" sl="60" sc="13" el="60" ec="23" bec="2" bev="2" fileid="3" />
            </Method>
            <Method visited="true" cyclomaticComplexity="1" nPathComplexity="0" sequenceCoverage="100" branchCoverage="100" crapScore="1" isConstructor="false" isStatic="false" isGetter="false" isSetter="false">
              <Summary numSequencePoints="2" visitedSequencePoints="2" numBranchPoints="1" visitedBranchPoints="1" sequenceCoverage="100" branchCoverage="100" maxCyclomaticComplexity="1" minCyclomaticComplexity="1" maxCrapScore="1" minCrapScore="1" visitedClasses="0" numClasses="0" visitedMethods="1" numMethods="1" />
              <MetadataToken>100663306</MetadataToken>
              <Name>System.Void Log4NetAppenders.UnitTest.MockServer::Dispose()</Name>
              <FileRef uid="3" />
              <SequencePoints>
                <SequencePoint vc="2" uspid="74" ordinal="0" offset="0" sl="75" sc="13" el="75" ec="20" bec="0" bev="0" fileid="3" />
                <SequencePoint vc="2" uspid="75" ordinal="1" offset="6" sl="76" sc="9" el="76" ec="10" bec="0" bev="0" fileid="3" />
              </SequencePoints>
              <BranchPoints />
              <MethodPoint xsi:type="SequencePoint" vc="2" uspid="74" ordinal="0" offset="0" sl="75" sc="13" el="75" ec="20" bec="0" bev="0" fileid="3" />
            </Method>
            <Method visited="true" cyclomaticComplexity="1" nPathComplexity="0" sequenceCoverage="80" branchCoverage="100" crapScore="1.01" isConstructor="false" isStatic="false" isGetter="false" isSetter="false">
              <Summary numSequencePoints="10" visitedSequencePoints="8" numBranchPoints="1" visitedBranchPoints="1" sequenceCoverage="80" branchCoverage="100" maxCyclomaticComplexity="1" minCyclomaticComplexity="1" maxCrapScore="1.01" minCrapScore="1.01" visitedClasses="0" numClasses="0" visitedMethods="1" numMethods="1" />
              <MetadataToken>100663307</MetadataToken>
              <Name>System.Void Log4NetAppenders.UnitTest.MockServer::Listen()</Name>
              <FileRef uid="3" />
              <SequencePoints>
                <SequencePoint vc="2" uspid="76" ordinal="0" offset="0" sl="82" sc="17" el="82" ec="67" bec="0" bev="0" fileid="3" />
                <SequencePoint vc="2" uspid="77" ordinal="1" offset="22" sl="83" sc="17" el="83" ec="35" bec="0" bev="0" fileid="3" />
                <SequencePoint vc="76" uspid="78" ordinal="2" offset="33" sl="87" sc="21" el="87" ec="59" bec="0" bev="0" fileid="3" />
                <SequencePoint vc="75" uspid="79" ordinal="3" offset="45" sl="88" sc="21" el="88" ec="47" bec="0" bev="0" fileid="3" />
                <SequencePoint vc="75" uspid="80" ordinal="4" offset="52" sl="85" sc="17" el="85" ec="29" bec="0" bev="0" fileid="3" />
                <SequencePoint vc="2" uspid="81" ordinal="5" offset="54" sl="91" sc="13" el="91" ec="36" bec="0" bev="0" fileid="3" />
                <SequencePoint vc="2" uspid="82" ordinal="6" offset="55" sl="92" sc="15" el="92" ec="16" bec="0" bev="0" fileid="3" />
                <SequencePoint vc="0" uspid="83" ordinal="7" offset="57" sl="95" sc="17" el="95" ec="38" bec="0" bev="0" fileid="3" />
                <SequencePoint vc="0" uspid="84" ordinal="8" offset="62" sl="96" sc="13" el="96" ec="14" bec="0" bev="0" fileid="3" />
                <SequencePoint vc="2" uspid="85" ordinal="9" offset="64" sl="97" sc="9" el="97" ec="10" bec="0" bev="0" fileid="3" />
              </SequencePoints>
              <BranchPoints />
              <MethodPoint xsi:type="SequencePoint" vc="2" uspid="76" ordinal="0" offset="0" sl="82" sc="17" el="82" ec="67" bec="0" bev="0" fileid="3" />
            </Method>
            <Method visited="true" cyclomaticComplexity="2" nPathComplexity="0" sequenceCoverage="100" branchCoverage="100" crapScore="2" isConstructor="false" isStatic="false" isGetter="false" isSetter="false">
              <Summary numSequencePoints="8" visitedSequencePoints="8" numBranchPoints="1" visitedBranchPoints="1" sequenceCoverage="100" branchCoverage="100" maxCyclomaticComplexity="2" minCyclomaticComplexity="2" maxCrapScore="2" minCrapScore="2" visitedClasses="0" numClasses="0" visitedMethods="1" numMethods="1" />
              <MetadataToken>100663308</MetadataToken>
              <Name>System.Void Log4NetAppenders.UnitTest.MockServer::ProcessConnection(System.Net.Sockets.Socket)</Name>
              <FileRef uid="3" />
              <SequencePoints>
                <SequencePoint vc="75" uspid="86" ordinal="0" offset="0" sl="101" sc="13" el="101" ec="25" bec="0" bev="0" fileid="3" />
                <SequencePoint vc="75" uspid="87" ordinal="1" offset="17" sl="103" sc="17" el="103" ec="56" bec="0" bev="0" fileid="3" />
                <SequencePoint vc="75" uspid="88" ordinal="2" offset="24" sl="104" sc="17" el="104" ec="73" bec="0" bev="0" fileid="3" />
                <SequencePoint vc="75" uspid="89" ordinal="3" offset="32" sl="105" sc="17" el="105" ec="50" bec="0" bev="0" fileid="3" />
                <SequencePoint vc="75" uspid="90" ordinal="4" offset="45" sl="107" sc="17" el="107" ec="64" bec="0" bev="0" fileid="3" />
                <SequencePoint vc="75" uspid="91" ordinal="5" offset="62" sl="108" sc="17" el="108" ec="46" bec="0" bev="0" fileid="3" />
                <SequencePoint vc="75" uspid="92" ordinal="6" offset="68" sl="109" sc="13" el="109" ec="14" bec="0" bev="0" fileid="3" />
                <SequencePoint vc="75" uspid="93" ordinal="7" offset="80" sl="110" sc="9" el="110" ec="10" bec="0" bev="0" fileid="3" />
              </SequencePoints>
              <BranchPoints />
              <MethodPoint xsi:type="SequencePoint" vc="75" uspid="86" ordinal="0" offset="0" sl="101" sc="13" el="101" ec="25" bec="0" bev="0" fileid="3" />
            </Method>
            <Method visited="true" cyclomaticComplexity="5" nPathComplexity="2" sequenceCoverage="77.78" branchCoverage="100" crapScore="5.27" isConstructor="false" isStatic="false" isGetter="false" isSetter="false">
              <Summary numSequencePoints="27" visitedSequencePoints="21" numBranchPoints="3" visitedBranchPoints="3" sequenceCoverage="77.78" branchCoverage="100" maxCyclomaticComplexity="5" minCyclomaticComplexity="5" maxCrapScore="5.27" minCrapScore="5.27" visitedClasses="0" numClasses="0" visitedMethods="1" numMethods="1" />
              <MetadataToken>100663309</MetadataToken>
              <Name>System.Void Log4NetAppenders.UnitTest.MockServer::ConnectionThreadEntry(System.Object)</Name>
              <FileRef uid="3" />
              <SequencePoints>
                <SequencePoint vc="75" uspid="94" ordinal="0" offset="0" sl="116" sc="17" el="116" ec="56" bec="0" bev="0" fileid="3" />
                <SequencePoint vc="75" uspid="95" ordinal="1" offset="7" sl="118" sc="17" el="118" ec="73" bec="0" bev="0" fileid="3" />
                <SequencePoint vc="75" uspid="96" ordinal="2" offset="20" sl="121" sc="21" el="121" ec="104" bec="0" bev="0" fileid="3" />
                <SequencePoint vc="69" uspid="97" ordinal="3" offset="39" sl="123" sc="28" el="123" ec="68" bec="0" bev="0" fileid="3" />
                <SequencePoint vc="105" uspid="98" ordinal="4" offset="46" sl="127" sc="29" el="127" ec="58" bec="0" bev="0" fileid="3" />
                <SequencePoint vc="56" uspid="99" ordinal="5" offset="53" sl="128" sc="29" el="128" ec="46" bec="2" bev="2" fileid="3" />
                <SequencePoint vc="36" uspid="100" ordinal="6" offset="56" sl="131" sc="29" el="131" ec="41" bec="0" bev="0" fileid="3" />
                <SequencePoint vc="36" uspid="101" ordinal="7" offset="76" sl="133" sc="33" el="133" ec="53" bec="0" bev="0" fileid="3" />
                <SequencePoint vc="36" uspid="102" ordinal="8" offset="88" sl="134" sc="29" el="134" ec="30" bec="0" bev="0" fileid="3" />
                <SequencePoint vc="36" uspid="103" ordinal="9" offset="102" sl="135" sc="29" el="135" ec="60" bec="0" bev="0" fileid="3" />
                <SequencePoint vc="36" uspid="104" ordinal="10" offset="118" sl="125" sc="25" el="125" ec="37" bec="0" bev="0" fileid="3" />
                <SequencePoint vc="20" uspid="105" ordinal="11" offset="120" sl="137" sc="21" el="137" ec="22" bec="0" bev="0" fileid="3" />
                <SequencePoint vc="20" uspid="106" ordinal="12" offset="132" sl="138" sc="17" el="138" ec="18" bec="0" bev="0" fileid="3" />
                <SequencePoint vc="0" uspid="107" ordinal="13" offset="134" sl="139" sc="17" el="139" ec="48" bec="0" bev="0" fileid="3" />
                <SequencePoint vc="0" uspid="108" ordinal="14" offset="135" sl="140" sc="19" el="140" ec="20" bec="0" bev="0" fileid="3" />
                <SequencePoint vc="0" uspid="109" ordinal="15" offset="137" sl="141" sc="17" el="141" ec="40" bec="0" bev="0" fileid="3" />
                <SequencePoint vc="0" uspid="110" ordinal="16" offset="138" sl="142" sc="19" el="142" ec="20" bec="0" bev="0" fileid="3" />
                <SequencePoint vc="55" uspid="111" ordinal="17" offset="140" sl="143" sc="17" el="143" ec="36" bec="0" bev="0" fileid="3" />
                <SequencePoint vc="55" uspid="112" ordinal="18" offset="141" sl="144" sc="19" el="144" ec="20" bec="0" bev="0" fileid="3" />
                <SequencePoint vc="75" uspid="113" ordinal="19" offset="143" sl="146" sc="17" el="146" ec="29" bec="0" bev="0" fileid="3" />
                <SequencePoint vc="75" uspid="114" ordinal="20" offset="163" sl="148" sc="21" el="148" ec="40" bec="0" bev="0" fileid="3" />
                <SequencePoint vc="75" uspid="115" ordinal="21" offset="169" sl="149" sc="21" el="149" ec="53" bec="0" bev="0" fileid="3" />
                <SequencePoint vc="75" uspid="116" ordinal="22" offset="182" sl="150" sc="17" el="150" ec="18" bec="0" bev="0" fileid="3" />
                <SequencePoint vc="75" uspid="117" ordinal="23" offset="196" sl="151" sc="13" el="151" ec="14" bec="0" bev="0" fileid="3" />
                <SequencePoint vc="0" uspid="118" ordinal="24" offset="198" sl="154" sc="17" el="154" ec="38" bec="0" bev="0" fileid="3" />
                <SequencePoint vc="0" uspid="119" ordinal="25" offset="203" sl="155" sc="13" el="155" ec="14" bec="0" bev="0" fileid="3" />
                <SequencePoint vc="75" uspid="120" ordinal="26" offset="205" sl="156" sc="9" el="156" ec="10" bec="0" bev="0" fileid="3" />
              </SequencePoints>
              <BranchPoints>
                <BranchPoint vc="36" uspid="121" ordinal="0" offset="54" sl="128" path="0" offsetend="56" fileid="3" />
                <BranchPoint vc="20" uspid="122" ordinal="1" offset="54" sl="128" path="1" offsetend="120" fileid="3" />
              </BranchPoints>
              <MethodPoint xsi:type="SequencePoint" vc="75" uspid="94" ordinal="0" offset="0" sl="116" sc="17" el="116" ec="56" bec="0" bev="0" fileid="3" />
            </Method>
            <Method visited="true" cyclomaticComplexity="2" nPathComplexity="0" sequenceCoverage="100" branchCoverage="100" crapScore="2" isConstructor="false" isStatic="false" isGetter="false" isSetter="false">
              <Summary numSequencePoints="3" visitedSequencePoints="3" numBranchPoints="1" visitedBranchPoints="1" sequenceCoverage="100" branchCoverage="100" maxCyclomaticComplexity="2" minCyclomaticComplexity="2" maxCrapScore="2" minCrapScore="2" visitedClasses="0" numClasses="0" visitedMethods="1" numMethods="1" />
              <MetadataToken>100663310</MetadataToken>
              <Name>System.Collections.Generic.List`1&lt;System.String&gt; Log4NetAppenders.UnitTest.MockServer::GetMessages()</Name>
              <FileRef uid="3" />
              <SequencePoints>
                <SequencePoint vc="6" uspid="123" ordinal="0" offset="0" sl="160" sc="13" el="160" ec="25" bec="0" bev="0" fileid="3" />
                <SequencePoint vc="6" uspid="124" ordinal="1" offset="17" sl="162" sc="17" el="162" ec="52" bec="0" bev="0" fileid="3" />
                <SequencePoint vc="6" uspid="125" ordinal="2" offset="41" sl="164" sc="9" el="164" ec="10" bec="0" bev="0" fileid="3" />
              </SequencePoints>
              <BranchPoints />
              <MethodPoint xsi:type="SequencePoint" vc="6" uspid="123" ordinal="0" offset="0" sl="160" sc="13" el="160" ec="25" bec="0" bev="0" fileid="3" />
            </Method>
            <Method visited="true" cyclomaticComplexity="2" nPathComplexity="0" sequenceCoverage="100" branchCoverage="100" crapScore="2" isConstructor="false" isStatic="false" isGetter="false" isSetter="false">
              <Summary numSequencePoints="4" visitedSequencePoints="4" numBranchPoints="1" visitedBranchPoints="1" sequenceCoverage="100" branchCoverage="100" maxCyclomaticComplexity="2" minCyclomaticComplexity="2" maxCrapScore="2" minCrapScore="2" visitedClasses="0" numClasses="0" visitedMethods="1" numMethods="1" />
              <MetadataToken>100663311</MetadataToken>
              <Name>System.Void Log4NetAppenders.UnitTest.MockServer::ClearMessages()</Name>
              <FileRef uid="3" />
              <SequencePoints>
                <SequencePoint vc="2" uspid="126" ordinal="0" offset="0" sl="168" sc="13" el="168" ec="25" bec="0" bev="0" fileid="3" />
                <SequencePoint vc="2" uspid="127" ordinal="1" offset="17" sl="170" sc="17" el="170" ec="35" bec="0" bev="0" fileid="3" />
                <SequencePoint vc="2" uspid="128" ordinal="2" offset="28" sl="171" sc="13" el="171" ec="14" bec="0" bev="0" fileid="3" />
                <SequencePoint vc="2" uspid="129" ordinal="3" offset="40" sl="172" sc="9" el="172" ec="10" bec="0" bev="0" fileid="3" />
              </SequencePoints>
              <BranchPoints />
              <MethodPoint xsi:type="SequencePoint" vc="2" uspid="126" ordinal="0" offset="0" sl="168" sc="13" el="168" ec="25" bec="0" bev="0" fileid="3" />
            </Method>
            <Method visited="true" cyclomaticComplexity="1" nPathComplexity="0" sequenceCoverage="100" branchCoverage="100" crapScore="1" isConstructor="true" isStatic="false" isGetter="false" isSetter="false">
              <Summary numSequencePoints="3" visitedSequencePoints="3" numBranchPoints="1" visitedBranchPoints="1" sequenceCoverage="100" branchCoverage="100" maxCyclomaticComplexity="1" minCyclomaticComplexity="1" maxCrapScore="1" minCrapScore="1" visitedClasses="0" numClasses="0" visitedMethods="1" numMethods="1" />
              <MetadataToken>100663312</MetadataToken>
              <Name>System.Void Log4NetAppenders.UnitTest.MockServer::.ctor()</Name>
              <FileRef uid="3" />
              <SequencePoints>
                <SequencePoint vc="2" uspid="130" ordinal="0" offset="0" sl="174" sc="9" el="174" ec="46" bec="0" bev="0" fileid="3" />
                <SequencePoint vc="2" uspid="131" ordinal="1" offset="11" sl="179" sc="9" el="179" ec="95" bec="0" bev="0" fileid="3" />
                <SequencePoint vc="2" uspid="132" ordinal="2" offset="22" sl="182" sc="9" el="182" ec="62" bec="0" bev="0" fileid="3" />
              </SequencePoints>
              <BranchPoints />
              <MethodPoint xsi:type="SequencePoint" vc="2" uspid="130" ordinal="0" offset="0" sl="174" sc="9" el="174" ec="46" bec="0" bev="0" fileid="3" />
            </Method>
          </Methods>
        </Class>
        <Class>
          <Summary numSequencePoints="329" visitedSequencePoints="311" numBranchPoints="30" visitedBranchPoints="30" sequenceCoverage="94.53" branchCoverage="100" maxCyclomaticComplexity="3" minCyclomaticComplexity="1" maxCrapScore="3" minCrapScore="1" visitedClasses="1" numClasses="1" visitedMethods="26" numMethods="26" />
          <FullName>Log4NetAppenders.UnitTest.RemoteSyslogAsyncSSLAppenderTest</FullName>
          <Methods>
            <Method visited="true" cyclomaticComplexity="1" nPathComplexity="0" sequenceCoverage="100" branchCoverage="100" crapScore="1" isConstructor="false" isStatic="true" isGetter="false" isSetter="false">
              <Summary numSequencePoints="2" visitedSequencePoints="2" numBranchPoints="1" visitedBranchPoints="1" sequenceCoverage="100" branchCoverage="100" maxCyclomaticComplexity="1" minCyclomaticComplexity="1" maxCrapScore="1" minCrapScore="1" visitedClasses="0" numClasses="0" visitedMethods="1" numMethods="1" />
              <MetadataToken>100663313</MetadataToken>
              <Name>System.String Log4NetAppenders.UnitTest.RemoteSyslogAsyncSSLAppenderTest::FormatMessage(System.String)</Name>
              <FileRef uid="4" />
              <SequencePoints>
                <SequencePoint vc="12" uspid="133" ordinal="0" offset="0" sl="38" sc="13" el="38" ec="53" bec="0" bev="0" fileid="4" />
                <SequencePoint vc="12" uspid="134" ordinal="1" offset="21" sl="39" sc="13" el="39" ec="28" bec="0" bev="0" fileid="4" />
              </SequencePoints>
              <BranchPoints />
              <MethodPoint xsi:type="SequencePoint" vc="12" uspid="133" ordinal="0" offset="0" sl="38" sc="13" el="38" ec="53" bec="0" bev="0" fileid="4" />
            </Method>
            <Method visited="true" cyclomaticComplexity="1" nPathComplexity="0" sequenceCoverage="100" branchCoverage="100" crapScore="1" isConstructor="false" isStatic="true" isGetter="false" isSetter="false">
              <Summary numSequencePoints="10" visitedSequencePoints="10" numBranchPoints="1" visitedBranchPoints="1" sequenceCoverage="100" branchCoverage="100" maxCyclomaticComplexity="1" minCyclomaticComplexity="1" maxCrapScore="1" minCrapScore="1" visitedClasses="0" numClasses="0" visitedMethods="1" numMethods="1" />
              <MetadataToken>100663314</MetadataToken>
              <Name>System.Void Log4NetAppenders.UnitTest.RemoteSyslogAsyncSSLAppenderTest::CreateAppender()</Name>
              <FileRef uid="4" />
              <SequencePoints>
                <SequencePoint vc="1" uspid="135" ordinal="0" offset="0" sl="44" sc="13" el="44" ec="60" bec="0" bev="0" fileid="4" />
                <SequencePoint vc="1" uspid="136" ordinal="1" offset="11" sl="45" sc="13" el="45" ec="38" bec="0" bev="0" fileid="4" />
                <SequencePoint vc="1" uspid="137" ordinal="2" offset="17" sl="47" sc="13" el="55" ec="15" bec="0" bev="0" fileid="4" />
                <SequencePoint vc="1" uspid="138" ordinal="3" offset="98" sl="56" sc="13" el="56" ec="40" bec="0" bev="0" fileid="4" />
                <SequencePoint vc="1" uspid="139" ordinal="4" offset="104" sl="58" sc="13" el="62" ec="15" bec="0" bev="0" fileid="4" />
                <SequencePoint vc="1" uspid="140" ordinal="5" offset="128" sl="63" sc="13" el="63" ec="44" bec="0" bev="0" fileid="4" />
                <SequencePoint vc="1" uspid="141" ordinal="6" offset="134" sl="65" sc="13" el="65" ec="65" bec="0" bev="0" fileid="4" />
                <SequencePoint vc="1" uspid="142" ordinal="7" offset="154" sl="67" sc="13" el="67" ec="34" bec="0" bev="0" fileid="4" />
                <SequencePoint vc="1" uspid="143" ordinal="8" offset="160" sl="68" sc="13" el="68" ec="79" bec="0" bev="0" fileid="4" />
                <SequencePoint vc="1" uspid="144" ordinal="9" offset="180" sl="69" sc="9" el="69" ec="10" bec="0" bev="0" fileid="4" />
              </SequencePoints>
              <BranchPoints />
              <MethodPoint xsi:type="SequencePoint" vc="1" uspid="135" ordinal="0" offset="0" sl="44" sc="13" el="44" ec="60" bec="0" bev="0" fileid="4" />
            </Method>
            <Method visited="true" cyclomaticComplexity="1" nPathComplexity="0" sequenceCoverage="100" branchCoverage="100" crapScore="1" isConstructor="false" isStatic="true" isGetter="false" isSetter="false">
              <Summary numSequencePoints="3" visitedSequencePoints="3" numBranchPoints="1" visitedBranchPoints="1" sequenceCoverage="100" branchCoverage="100" maxCyclomaticComplexity="1" minCyclomaticComplexity="1" maxCrapScore="1" minCrapScore="1" visitedClasses="0" numClasses="0" visitedMethods="1" numMethods="1" />
              <MetadataToken>100663315</MetadataToken>
              <Name>System.Void Log4NetAppenders.UnitTest.RemoteSyslogAsyncSSLAppenderTest::SuiteSetUp(Microsoft.VisualStudio.TestTools.UnitTesting.TestContext)</Name>
              <FileRef uid="4" />
              <SequencePoints>
                <SequencePoint vc="1" uspid="145" ordinal="0" offset="0" sl="77" sc="13" el="77" ec="56" bec="0" bev="0" fileid="4" />
                <SequencePoint vc="1" uspid="146" ordinal="1" offset="20" sl="78" sc="13" el="78" ec="30" bec="0" bev="0" fileid="4" />
                <SequencePoint vc="1" uspid="147" ordinal="2" offset="25" sl="79" sc="9" el="79" ec="10" bec="0" bev="0" fileid="4" />
              </SequencePoints>
              <BranchPoints />
              <MethodPoint xsi:type="SequencePoint" vc="1" uspid="145" ordinal="0" offset="0" sl="77" sc="13" el="77" ec="56" bec="0" bev="0" fileid="4" />
            </Method>
            <Method visited="true" cyclomaticComplexity="1" nPathComplexity="0" sequenceCoverage="100" branchCoverage="100" crapScore="1" isConstructor="false" isStatic="true" isGetter="false" isSetter="false">
              <Summary numSequencePoints="2" visitedSequencePoints="2" numBranchPoints="1" visitedBranchPoints="1" sequenceCoverage="100" branchCoverage="100" maxCyclomaticComplexity="1" minCyclomaticComplexity="1" maxCrapScore="1" minCrapScore="1" visitedClasses="0" numClasses="0" visitedMethods="1" numMethods="1" />
              <MetadataToken>100663316</MetadataToken>
              <Name>System.Void Log4NetAppenders.UnitTest.RemoteSyslogAsyncSSLAppenderTest::SuiteTearDown()</Name>
              <FileRef uid="4" />
              <SequencePoints>
                <SequencePoint vc="1" uspid="148" ordinal="0" offset="0" sl="85" sc="13" el="85" ec="31" bec="0" bev="0" fileid="4" />
                <SequencePoint vc="1" uspid="149" ordinal="1" offset="10" sl="86" sc="9" el="86" ec="10" bec="0" bev="0" fileid="4" />
              </SequencePoints>
              <BranchPoints />
              <MethodPoint xsi:type="SequencePoint" vc="1" uspid="148" ordinal="0" offset="0" sl="85" sc="13" el="85" ec="31" bec="0" bev="0" fileid="4" />
            </Method>
            <Method visited="true" cyclomaticComplexity="1" nPathComplexity="0" sequenceCoverage="100" branchCoverage="100" crapScore="1" isConstructor="false" isStatic="false" isGetter="false" isSetter="false">
              <Summary numSequencePoints="1" visitedSequencePoints="1" numBranchPoints="1" visitedBranchPoints="1" sequenceCoverage="100" branchCoverage="100" maxCyclomaticComplexity="1" minCyclomaticComplexity="1" maxCrapScore="1" minCrapScore="1" visitedClasses="0" numClasses="0" visitedMethods="1" numMethods="1" />
              <MetadataToken>100663317</MetadataToken>
              <Name>System.Void Log4NetAppenders.UnitTest.RemoteSyslogAsyncSSLAppenderTest::TestSetUp()</Name>
              <FileRef uid="4" />
              <SequencePoints>
                <SequencePoint vc="19" uspid="150" ordinal="0" offset="0" sl="93" sc="9" el="93" ec="10" bec="0" bev="0" fileid="4" />
              </SequencePoints>
              <BranchPoints />
              <MethodPoint xsi:type="SequencePoint" vc="19" uspid="150" ordinal="0" offset="0" sl="93" sc="9" el="93" ec="10" bec="0" bev="0" fileid="4" />
            </Method>
            <Method visited="true" cyclomaticComplexity="1" nPathComplexity="0" sequenceCoverage="100" branchCoverage="100" crapScore="1" isConstructor="false" isStatic="false" isGetter="false" isSetter="false">
              <Summary numSequencePoints="1" visitedSequencePoints="1" numBranchPoints="1" visitedBranchPoints="1" sequenceCoverage="100" branchCoverage="100" maxCyclomaticComplexity="1" minCyclomaticComplexity="1" maxCrapScore="1" minCrapScore="1" visitedClasses="0" numClasses="0" visitedMethods="1" numMethods="1" />
              <MetadataToken>100663318</MetadataToken>
              <Name>System.Void Log4NetAppenders.UnitTest.RemoteSyslogAsyncSSLAppenderTest::TestTearDown()</Name>
              <FileRef uid="4" />
              <SequencePoints>
                <SequencePoint vc="19" uspid="151" ordinal="0" offset="0" sl="100" sc="9" el="100" ec="10" bec="0" bev="0" fileid="4" />
              </SequencePoints>
              <BranchPoints />
              <MethodPoint xsi:type="SequencePoint" vc="19" uspid="151" ordinal="0" offset="0" sl="100" sc="9" el="100" ec="10" bec="0" bev="0" fileid="4" />
            </Method>
            <Method visited="true" cyclomaticComplexity="1" nPathComplexity="0" sequenceCoverage="100" branchCoverage="100" crapScore="1" isConstructor="false" isStatic="false" isGetter="false" isSetter="false">
              <Summary numSequencePoints="6" visitedSequencePoints="6" numBranchPoints="1" visitedBranchPoints="1" sequenceCoverage="100" branchCoverage="100" maxCyclomaticComplexity="1" minCyclomaticComplexity="1" maxCrapScore="1" minCrapScore="1" visitedClasses="0" numClasses="0" visitedMethods="1" numMethods="1" />
              <MetadataToken>100663319</MetadataToken>
              <Name>System.Void Log4NetAppenders.UnitTest.RemoteSyslogAsyncSSLAppenderTest::TestCertPathNotDefinedSkipDisableSSL()</Name>
              <FileRef uid="4" />
              <SequencePoints>
                <SequencePoint vc="1" uspid="152" ordinal="0" offset="0" sl="106" sc="13" el="106" ec="48" bec="0" bev="0" fileid="4" />
                <SequencePoint vc="1" uspid="153" ordinal="1" offset="6" sl="107" sc="13" el="112" ec="15" bec="0" bev="0" fileid="4" />
                <SequencePoint vc="1" uspid="154" ordinal="2" offset="57" sl="113" sc="13" el="113" ec="40" bec="0" bev="0" fileid="4" />
                <SequencePoint vc="1" uspid="155" ordinal="3" offset="63" sl="114" sc="13" el="114" ec="109" bec="0" bev="0" fileid="4" />
                <SequencePoint vc="1" uspid="156" ordinal="4" offset="70" sl="115" sc="13" el="115" ec="122" bec="0" bev="0" fileid="4" />
                <SequencePoint vc="1" uspid="157" ordinal="5" offset="88" sl="116" sc="9" el="116" ec="10" bec="0" bev="0" fileid="4" />
              </SequencePoints>
              <BranchPoints />
              <MethodPoint xsi:type="SequencePoint" vc="1" uspid="152" ordinal="0" offset="0" sl="106" sc="13" el="106" ec="48" bec="0" bev="0" fileid="4" />
            </Method>
            <Method visited="true" cyclomaticComplexity="1" nPathComplexity="0" sequenceCoverage="100" branchCoverage="100" crapScore="1" isConstructor="false" isStatic="false" isGetter="false" isSetter="false">
              <Summary numSequencePoints="6" visitedSequencePoints="6" numBranchPoints="1" visitedBranchPoints="1" sequenceCoverage="100" branchCoverage="100" maxCyclomaticComplexity="1" minCyclomaticComplexity="1" maxCrapScore="1" minCrapScore="1" visitedClasses="0" numClasses="0" visitedMethods="1" numMethods="1" />
              <MetadataToken>100663320</MetadataToken>
              <Name>System.Void Log4NetAppenders.UnitTest.RemoteSyslogAsyncSSLAppenderTest::TestCertPathNotValidSkipDisableSSL()</Name>
              <FileRef uid="4" />
              <SequencePoints>
                <SequencePoint vc="1" uspid="158" ordinal="0" offset="0" sl="121" sc="13" el="121" ec="48" bec="0" bev="0" fileid="4" />
                <SequencePoint vc="1" uspid="159" ordinal="1" offset="6" sl="122" sc="13" el="127" ec="15" bec="0" bev="0" fileid="4" />
                <SequencePoint vc="1" uspid="160" ordinal="2" offset="61" sl="128" sc="13" el="128" ec="40" bec="0" bev="0" fileid="4" />
                <SequencePoint vc="1" uspid="161" ordinal="3" offset="67" sl="129" sc="13" el="129" ec="109" bec="0" bev="0" fileid="4" />
                <SequencePoint vc="1" uspid="162" ordinal="4" offset="74" sl="130" sc="13" el="130" ec="122" bec="0" bev="0" fileid="4" />
                <SequencePoint vc="1" uspid="163" ordinal="5" offset="92" sl="131" sc="9" el="131" ec="10" bec="0" bev="0" fileid="4" />
              </SequencePoints>
              <BranchPoints />
              <MethodPoint xsi:type="SequencePoint" vc="1" uspid="158" ordinal="0" offset="0" sl="121" sc="13" el="121" ec="48" bec="0" bev="0" fileid="4" />
            </Method>
            <Method visited="true" cyclomaticComplexity="1" nPathComplexity="0" sequenceCoverage="50" branchCoverage="100" crapScore="1.12" isConstructor="false" isStatic="false" isGetter="false" isSetter="false">
              <Summary numSequencePoints="4" visitedSequencePoints="2" numBranchPoints="1" visitedBranchPoints="1" sequenceCoverage="50" branchCoverage="100" maxCyclomaticComplexity="1" minCyclomaticComplexity="1" maxCrapScore="1.12" minCrapScore="1.12" visitedClasses="0" numClasses="0" visitedMethods="1" numMethods="1" />
              <MetadataToken>100663321</MetadataToken>
              <Name>System.Void Log4NetAppenders.UnitTest.RemoteSyslogAsyncSSLAppenderTest::TestSysLogFacilityNotDefinedException()</Name>
              <FileRef uid="4" />
              <SequencePoints>
                <SequencePoint vc="1" uspid="164" ordinal="0" offset="0" sl="138" sc="13" el="144" ec="15" bec="0" bev="0" fileid="4" />
                <SequencePoint vc="1" uspid="165" ordinal="1" offset="55" sl="145" sc="13" el="145" ec="40" bec="0" bev="0" fileid="4" />
                <SequencePoint vc="0" uspid="166" ordinal="2" offset="60" sl="146" sc="13" el="146" ec="56" bec="0" bev="0" fileid="4" />
                <SequencePoint vc="0" uspid="167" ordinal="3" offset="70" sl="147" sc="9" el="147" ec="10" bec="0" bev="0" fileid="4" />
              </SequencePoints>
              <BranchPoints />
              <MethodPoint xsi:type="SequencePoint" vc="1" uspid="164" ordinal="0" offset="0" sl="138" sc="13" el="144" ec="15" bec="0" bev="0" fileid="4" />
            </Method>
            <Method visited="true" cyclomaticComplexity="1" nPathComplexity="0" sequenceCoverage="60" branchCoverage="100" crapScore="1.06" isConstructor="false" isStatic="false" isGetter="false" isSetter="false">
              <Summary numSequencePoints="5" visitedSequencePoints="3" numBranchPoints="1" visitedBranchPoints="1" sequenceCoverage="60" branchCoverage="100" maxCyclomaticComplexity="1" minCyclomaticComplexity="1" maxCrapScore="1.06" minCrapScore="1.06" visitedClasses="0" numClasses="0" visitedMethods="1" numMethods="1" />
              <MetadataToken>100663322</MetadataToken>
              <Name>System.Void Log4NetAppenders.UnitTest.RemoteSyslogAsyncSSLAppenderTest::TestRemoteHostNotDefinedException()</Name>
              <FileRef uid="4" />
              <SequencePoints>
                <SequencePoint vc="1" uspid="168" ordinal="0" offset="0" sl="154" sc="13" el="154" ec="48" bec="0" bev="0" fileid="4" />
                <SequencePoint vc="1" uspid="169" ordinal="1" offset="6" sl="155" sc="13" el="162" ec="15" bec="0" bev="0" fileid="4" />
                <SequencePoint vc="1" uspid="170" ordinal="2" offset="64" sl="163" sc="13" el="163" ec="40" bec="0" bev="0" fileid="4" />
                <SequencePoint vc="0" uspid="171" ordinal="3" offset="69" sl="164" sc="13" el="164" ec="56" bec="0" bev="0" fileid="4" />
                <SequencePoint vc="0" uspid="172" ordinal="4" offset="79" sl="165" sc="9" el="165" ec="10" bec="0" bev="0" fileid="4" />
              </SequencePoints>
              <BranchPoints />
              <MethodPoint xsi:type="SequencePoint" vc="1" uspid="168" ordinal="0" offset="0" sl="154" sc="13" el="154" ec="48" bec="0" bev="0" fileid="4" />
            </Method>
            <Method visited="true" cyclomaticComplexity="1" nPathComplexity="0" sequenceCoverage="60" branchCoverage="100" crapScore="1.06" isConstructor="false" isStatic="false" isGetter="false" isSetter="false">
              <Summary numSequencePoints="5" visitedSequencePoints="3" numBranchPoints="1" visitedBranchPoints="1" sequenceCoverage="60" branchCoverage="100" maxCyclomaticComplexity="1" minCyclomaticComplexity="1" maxCrapScore="1.06" minCrapScore="1.06" visitedClasses="0" numClasses="0" visitedMethods="1" numMethods="1" />
              <MetadataToken>100663323</MetadataToken>
              <Name>System.Void Log4NetAppenders.UnitTest.RemoteSyslogAsyncSSLAppenderTest::TestRemoteHostNotValidException()</Name>
              <FileRef uid="4" />
              <SequencePoints>
                <SequencePoint vc="1" uspid="173" ordinal="0" offset="0" sl="171" sc="13" el="171" ec="48" bec="0" bev="0" fileid="4" />
                <SequencePoint vc="1" uspid="174" ordinal="1" offset="6" sl="172" sc="13" el="177" ec="15" bec="0" bev="0" fileid="4" />
                <SequencePoint vc="1" uspid="175" ordinal="2" offset="65" sl="178" sc="13" el="178" ec="40" bec="0" bev="0" fileid="4" />
                <SequencePoint vc="0" uspid="176" ordinal="3" offset="70" sl="179" sc="13" el="179" ec="56" bec="0" bev="0" fileid="4" />
                <SequencePoint vc="0" uspid="177" ordinal="4" offset="80" sl="180" sc="9" el="180" ec="10" bec="0" bev="0" fileid="4" />
              </SequencePoints>
              <BranchPoints />
              <MethodPoint xsi:type="SequencePoint" vc="1" uspid="173" ordinal="0" offset="0" sl="171" sc="13" el="171" ec="48" bec="0" bev="0" fileid="4" />
            </Method>
            <Method visited="true" cyclomaticComplexity="1" nPathComplexity="0" sequenceCoverage="66.67" branchCoverage="100" crapScore="1.04" isConstructor="false" isStatic="false" isGetter="false" isSetter="false">
              <Summary numSequencePoints="3" visitedSequencePoints="2" numBranchPoints="1" visitedBranchPoints="1" sequenceCoverage="66.67" branchCoverage="100" maxCyclomaticComplexity="1" minCyclomaticComplexity="1" maxCrapScore="1.04" minCrapScore="1.04" visitedClasses="0" numClasses="0" visitedMethods="1" numMethods="1" />
              <MetadataToken>100663324</MetadataToken>
              <Name>System.Void Log4NetAppenders.UnitTest.RemoteSyslogAsyncSSLAppenderTest::TestRemotePortOutOfRange_BelowException()</Name>
              <FileRef uid="4" />
              <SequencePoints>
                <SequencePoint vc="1" uspid="178" ordinal="0" offset="0" sl="186" sc="13" el="186" ec="48" bec="0" bev="0" fileid="4" />
                <SequencePoint vc="1" uspid="179" ordinal="1" offset="6" sl="187" sc="13" el="194" ec="15" bec="0" bev="0" fileid="4" />
                <SequencePoint vc="0" uspid="180" ordinal="2" offset="69" sl="195" sc="9" el="195" ec="10" bec="0" bev="0" fileid="4" />
              </SequencePoints>
              <BranchPoints />
              <MethodPoint xsi:type="SequencePoint" vc="1" uspid="178" ordinal="0" offset="0" sl="186" sc="13" el="186" ec="48" bec="0" bev="0" fileid="4" />
            </Method>
            <Method visited="true" cyclomaticComplexity="1" nPathComplexity="0" sequenceCoverage="66.67" branchCoverage="100" crapScore="1.04" isConstructor="false" isStatic="false" isGetter="false" isSetter="false">
              <Summary numSequencePoints="3" visitedSequencePoints="2" numBranchPoints="1" visitedBranchPoints="1" sequenceCoverage="66.67" branchCoverage="100" maxCyclomaticComplexity="1" minCyclomaticComplexity="1" maxCrapScore="1.04" minCrapScore="1.04" visitedClasses="0" numClasses="0" visitedMethods="1" numMethods="1" />
              <MetadataToken>100663325</MetadataToken>
              <Name>System.Void Log4NetAppenders.UnitTest.RemoteSyslogAsyncSSLAppenderTest::TestRemotePortOutOfRange_AboveException()</Name>
              <FileRef uid="4" />
              <SequencePoints>
                <SequencePoint vc="1" uspid="181" ordinal="0" offset="0" sl="201" sc="13" el="201" ec="48" bec="0" bev="0" fileid="4" />
                <SequencePoint vc="1" uspid="182" ordinal="1" offset="6" sl="202" sc="13" el="209" ec="15" bec="0" bev="0" fileid="4" />
                <SequencePoint vc="0" uspid="183" ordinal="2" offset="73" sl="210" sc="9" el="210" ec="10" bec="0" bev="0" fileid="4" />
              </SequencePoints>
              <BranchPoints />
              <MethodPoint xsi:type="SequencePoint" vc="1" uspid="181" ordinal="0" offset="0" sl="201" sc="13" el="201" ec="48" bec="0" bev="0" fileid="4" />
            </Method>
            <Method visited="true" cyclomaticComplexity="1" nPathComplexity="0" sequenceCoverage="60" branchCoverage="100" crapScore="1.06" isConstructor="false" isStatic="false" isGetter="false" isSetter="false">
              <Summary numSequencePoints="5" visitedSequencePoints="3" numBranchPoints="1" visitedBranchPoints="1" sequenceCoverage="60" branchCoverage="100" maxCyclomaticComplexity="1" minCyclomaticComplexity="1" maxCrapScore="1.06" minCrapScore="1.06" visitedClasses="0" numClasses="0" visitedMethods="1" numMethods="1" />
              <MetadataToken>100663326</MetadataToken>
              <Name>System.Void Log4NetAppenders.UnitTest.RemoteSyslogAsyncSSLAppenderTest::TestCertPathNotDefinedException()</Name>
              <FileRef uid="4" />
              <SequencePoints>
                <SequencePoint vc="1" uspid="184" ordinal="0" offset="0" sl="217" sc="13" el="217" ec="48" bec="0" bev="0" fileid="4" />
                <SequencePoint vc="1" uspid="185" ordinal="1" offset="6" sl="218" sc="13" el="222" ec="15" bec="0" bev="0" fileid="4" />
                <SequencePoint vc="1" uspid="186" ordinal="2" offset="50" sl="223" sc="13" el="223" ec="40" bec="0" bev="0" fileid="4" />
                <SequencePoint vc="0" uspid="187" ordinal="3" offset="55" sl="224" sc="13" el="224" ec="56" bec="0" bev="0" fileid="4" />
                <SequencePoint vc="0" uspid="188" ordinal="4" offset="65" sl="225" sc="9" el="225" ec="10" bec="0" bev="0" fileid="4" />
              </SequencePoints>
              <BranchPoints />
              <MethodPoint xsi:type="SequencePoint" vc="1" uspid="184" ordinal="0" offset="0" sl="217" sc="13" el="217" ec="48" bec="0" bev="0" fileid="4" />
            </Method>
            <Method visited="true" cyclomaticComplexity="1" nPathComplexity="0" sequenceCoverage="60" branchCoverage="100" crapScore="1.06" isConstructor="false" isStatic="false" isGetter="false" isSetter="false">
              <Summary numSequencePoints="5" visitedSequencePoints="3" numBranchPoints="1" visitedBranchPoints="1" sequenceCoverage="60" branchCoverage="100" maxCyclomaticComplexity="1" minCyclomaticComplexity="1" maxCrapScore="1.06" minCrapScore="1.06" visitedClasses="0" numClasses="0" visitedMethods="1" numMethods="1" />
              <MetadataToken>100663327</MetadataToken>
              <Name>System.Void Log4NetAppenders.UnitTest.RemoteSyslogAsyncSSLAppenderTest::TestCertPathNotValidException()</Name>
              <FileRef uid="4" />
              <SequencePoints>
                <SequencePoint vc="1" uspid="189" ordinal="0" offset="0" sl="232" sc="13" el="232" ec="48" bec="0" bev="0" fileid="4" />
                <SequencePoint vc="1" uspid="190" ordinal="1" offset="6" sl="233" sc="13" el="237" ec="15" bec="0" bev="0" fileid="4" />
                <SequencePoint vc="1" uspid="191" ordinal="2" offset="54" sl="238" sc="13" el="238" ec="40" bec="0" bev="0" fileid="4" />
                <SequencePoint vc="0" uspid="192" ordinal="3" offset="59" sl="239" sc="13" el="239" ec="56" bec="0" bev="0" fileid="4" />
                <SequencePoint vc="0" uspid="193" ordinal="4" offset="69" sl="240" sc="9" el="240" ec="10" bec="0" bev="0" fileid="4" />
              </SequencePoints>
              <BranchPoints />
              <MethodPoint xsi:type="SequencePoint" vc="1" uspid="189" ordinal="0" offset="0" sl="232" sc="13" el="232" ec="48" bec="0" bev="0" fileid="4" />
            </Method>
            <Method visited="true" cyclomaticComplexity="1" nPathComplexity="0" sequenceCoverage="50" branchCoverage="100" crapScore="1.12" isConstructor="false" isStatic="false" isGetter="false" isSetter="false">
              <Summary numSequencePoints="4" visitedSequencePoints="2" numBranchPoints="1" visitedBranchPoints="1" sequenceCoverage="50" branchCoverage="100" maxCyclomaticComplexity="1" minCyclomaticComplexity="1" maxCrapScore="1.12" minCrapScore="1.12" visitedClasses="0" numClasses="0" visitedMethods="1" numMethods="1" />
              <MetadataToken>100663328</MetadataToken>
              <Name>System.Void Log4NetAppenders.UnitTest.RemoteSyslogAsyncSSLAppenderTest::TestSysLogFacilityNotDefined1Exception()</Name>
              <FileRef uid="4" />
              <SequencePoints>
                <SequencePoint vc="1" uspid="194" ordinal="0" offset="0" sl="247" sc="13" el="251" ec="15" bec="0" bev="0" fileid="4" />
                <SequencePoint vc="1" uspid="195" ordinal="1" offset="48" sl="252" sc="13" el="252" ec="40" bec="0" bev="0" fileid="4" />
                <SequencePoint vc="0" uspid="196" ordinal="2" offset="53" sl="253" sc="13" el="253" ec="56" bec="0" bev="0" fileid="4" />
                <SequencePoint vc="0" uspid="197" ordinal="3" offset="63" sl="254" sc="9" el="254" ec="10" bec="0" bev="0" fileid="4" />
              </SequencePoints>
              <BranchPoints />
              <MethodPoint xsi:type="SequencePoint" vc="1" uspid="194" ordinal="0" offset="0" sl="247" sc="13" el="251" ec="15" bec="0" bev="0" fileid="4" />
            </Method>
            <Method visited="true" cyclomaticComplexity="1" nPathComplexity="0" sequenceCoverage="50" branchCoverage="100" crapScore="1.12" isConstructor="false" isStatic="false" isGetter="false" isSetter="false">
              <Summary numSequencePoints="4" visitedSequencePoints="2" numBranchPoints="1" visitedBranchPoints="1" sequenceCoverage="50" branchCoverage="100" maxCyclomaticComplexity="1" minCyclomaticComplexity="1" maxCrapScore="1.12" minCrapScore="1.12" visitedClasses="0" numClasses="0" visitedMethods="1" numMethods="1" />
              <MetadataToken>100663329</MetadataToken>
              <Name>System.Void Log4NetAppenders.UnitTest.RemoteSyslogAsyncSSLAppenderTest::TestSysLogFacilityNotDefined2Exception()</Name>
              <FileRef uid="4" />
              <SequencePoints>
                <SequencePoint vc="1" uspid="198" ordinal="0" offset="0" sl="260" sc="13" el="264" ec="15" bec="0" bev="0" fileid="4" />
                <SequencePoint vc="1" uspid="199" ordinal="1" offset="52" sl="265" sc="13" el="265" ec="40" bec="0" bev="0" fileid="4" />
                <SequencePoint vc="0" uspid="200" ordinal="2" offset="57" sl="266" sc="13" el="266" ec="56" bec="0" bev="0" fileid="4" />
                <SequencePoint vc="0" uspid="201" ordinal="3" offset="67" sl="267" sc="9" el="267" ec="10" bec="0" bev="0" fileid="4" />
              </SequencePoints>
              <BranchPoints />
              <MethodPoint xsi:type="SequencePoint" vc="1" uspid="198" ordinal="0" offset="0" sl="260" sc="13" el="264" ec="15" bec="0" bev="0" fileid="4" />
            </Method>
            <Method visited="true" cyclomaticComplexity="1" nPathComplexity="0" sequenceCoverage="50" branchCoverage="100" crapScore="1.12" isConstructor="false" isStatic="false" isGetter="false" isSetter="false">
              <Summary numSequencePoints="4" visitedSequencePoints="2" numBranchPoints="1" visitedBranchPoints="1" sequenceCoverage="50" branchCoverage="100" maxCyclomaticComplexity="1" minCyclomaticComplexity="1" maxCrapScore="1.12" minCrapScore="1.12" visitedClasses="0" numClasses="0" visitedMethods="1" numMethods="1" />
              <MetadataToken>100663330</MetadataToken>
              <Name>System.Void Log4NetAppenders.UnitTest.RemoteSyslogAsyncSSLAppenderTest::TestSysLogFacilityInvalidException()</Name>
              <FileRef uid="4" />
              <SequencePoints>
                <SequencePoint vc="1" uspid="202" ordinal="0" offset="0" sl="273" sc="13" el="277" ec="15" bec="0" bev="0" fileid="4" />
                <SequencePoint vc="1" uspid="203" ordinal="1" offset="52" sl="278" sc="13" el="278" ec="40" bec="0" bev="0" fileid="4" />
                <SequencePoint vc="0" uspid="204" ordinal="2" offset="57" sl="279" sc="13" el="279" ec="56" bec="0" bev="0" fileid="4" />
                <SequencePoint vc="0" uspid="205" ordinal="3" offset="67" sl="280" sc="9" el="280" ec="10" bec="0" bev="0" fileid="4" />
              </SequencePoints>
              <BranchPoints />
              <MethodPoint xsi:type="SequencePoint" vc="1" uspid="202" ordinal="0" offset="0" sl="273" sc="13" el="277" ec="15" bec="0" bev="0" fileid="4" />
            </Method>
            <Method visited="true" cyclomaticComplexity="1" nPathComplexity="0" sequenceCoverage="100" branchCoverage="100" crapScore="1" isConstructor="false" isStatic="false" isGetter="false" isSetter="false">
              <Summary numSequencePoints="6" visitedSequencePoints="6" numBranchPoints="1" visitedBranchPoints="1" sequenceCoverage="100" branchCoverage="100" maxCyclomaticComplexity="1" minCyclomaticComplexity="1" maxCrapScore="1" minCrapScore="1" visitedClasses="0" numClasses="0" visitedMethods="1" numMethods="1" />
              <MetadataToken>100663331</MetadataToken>
              <Name>System.Void Log4NetAppenders.UnitTest.RemoteSyslogAsyncSSLAppenderTest::TestDomainNameAsync()</Name>
              <FileRef uid="4" />
              <SequencePoints>
                <SequencePoint vc="1" uspid="206" ordinal="0" offset="0" sl="285" sc="13" el="285" ec="48" bec="0" bev="0" fileid="4" />
                <SequencePoint vc="1" uspid="207" ordinal="1" offset="6" sl="286" sc="13" el="291" ec="15" bec="0" bev="0" fileid="4" />
                <SequencePoint vc="1" uspid="208" ordinal="2" offset="66" sl="293" sc="13" el="293" ec="64" bec="0" bev="0" fileid="4" />
                <SequencePoint vc="1" uspid="209" ordinal="3" offset="82" sl="295" sc="13" el="299" ec="15" bec="0" bev="0" fileid="4" />
                <SequencePoint vc="1" uspid="210" ordinal="4" offset="131" sl="300" sc="13" el="300" ec="65" bec="0" bev="0" fileid="4" />
                <SequencePoint vc="1" uspid="211" ordinal="5" offset="147" sl="301" sc="9" el="301" ec="10" bec="0" bev="0" fileid="4" />
              </SequencePoints>
              <BranchPoints />
              <MethodPoint xsi:type="SequencePoint" vc="1" uspid="206" ordinal="0" offset="0" sl="285" sc="13" el="285" ec="48" bec="0" bev="0" fileid="4" />
            </Method>
            <Method visited="true" cyclomaticComplexity="1" nPathComplexity="0" sequenceCoverage="100" branchCoverage="100" crapScore="1" isConstructor="false" isStatic="false" isGetter="false" isSetter="false">
              <Summary numSequencePoints="6" visitedSequencePoints="6" numBranchPoints="1" visitedBranchPoints="1" sequenceCoverage="100" branchCoverage="100" maxCyclomaticComplexity="1" minCyclomaticComplexity="1" maxCrapScore="1" minCrapScore="1" visitedClasses="0" numClasses="0" visitedMethods="1" numMethods="1" />
              <MetadataToken>100663332</MetadataToken>
              <Name>System.Void Log4NetAppenders.UnitTest.RemoteSyslogAsyncSSLAppenderTest::TestAppName()</Name>
              <FileRef uid="4" />
              <SequencePoints>
                <SequencePoint vc="1" uspid="212" ordinal="0" offset="0" sl="306" sc="13" el="306" ec="48" bec="0" bev="0" fileid="4" />
                <SequencePoint vc="1" uspid="213" ordinal="1" offset="6" sl="307" sc="13" el="311" ec="15" bec="0" bev="0" fileid="4" />
                <SequencePoint vc="1" uspid="214" ordinal="2" offset="55" sl="312" sc="13" el="312" ec="94" bec="0" bev="0" fileid="4" />
                <SequencePoint vc="1" uspid="215" ordinal="3" offset="81" sl="314" sc="13" el="317" ec="15" bec="0" bev="0" fileid="4" />
                <SequencePoint vc="1" uspid="216" ordinal="4" offset="109" sl="318" sc="13" el="318" ec="53" bec="0" bev="0" fileid="4" />
                <SequencePoint vc="1" uspid="217" ordinal="5" offset="125" sl="319" sc="9" el="319" ec="10" bec="0" bev="0" fileid="4" />
              </SequencePoints>
              <BranchPoints />
              <MethodPoint xsi:type="SequencePoint" vc="1" uspid="212" ordinal="0" offset="0" sl="306" sc="13" el="306" ec="48" bec="0" bev="0" fileid="4" />
            </Method>
            <Method visited="true" cyclomaticComplexity="1" nPathComplexity="0" sequenceCoverage="100" branchCoverage="100" crapScore="1" isConstructor="false" isStatic="false" isGetter="false" isSetter="false">
              <Summary numSequencePoints="8" visitedSequencePoints="8" numBranchPoints="1" visitedBranchPoints="1" sequenceCoverage="100" branchCoverage="100" maxCyclomaticComplexity="1" minCyclomaticComplexity="1" maxCrapScore="1" minCrapScore="1" visitedClasses="0" numClasses="0" visitedMethods="1" numMethods="1" />
              <MetadataToken>100663333</MetadataToken>
              <Name>System.Void Log4NetAppenders.UnitTest.RemoteSyslogAsyncSSLAppenderTest::TestDiagnosticFlags()</Name>
              <FileRef uid="4" />
              <SequencePoints>
                <SequencePoint vc="1" uspid="218" ordinal="0" offset="0" sl="325" sc="13" el="325" ec="48" bec="0" bev="0" fileid="4" />
                <SequencePoint vc="1" uspid="219" ordinal="1" offset="6" sl="326" sc="13" el="332" ec="15" bec="0" bev="0" fileid="4" />
                <SequencePoint vc="1" uspid="220" ordinal="2" offset="69" sl="333" sc="13" el="333" ec="66" bec="0" bev="0" fileid="4" />
                <SequencePoint vc="1" uspid="221" ordinal="3" offset="81" sl="334" sc="13" el="334" ec="72" bec="0" bev="0" fileid="4" />
                <SequencePoint vc="1" uspid="222" ordinal="4" offset="93" sl="336" sc="13" el="341" ec="15" bec="0" bev="0" fileid="4" />
                <SequencePoint vc="1" uspid="223" ordinal="5" offset="135" sl="342" sc="13" el="342" ec="68" bec="0" bev="0" fileid="4" />
                <SequencePoint vc="1" uspid="224" ordinal="6" offset="147" sl="343" sc="13" el="343" ec="74" bec="0" bev="0" fileid="4" />
                <SequencePoint vc="1" uspid="225" ordinal="7" offset="159" sl="344" sc="9" el="344" ec="10" bec="0" bev="0" fileid="4" />
              </SequencePoints>
              <BranchPoints />
              <MethodPoint xsi:type="SequencePoint" vc="1" uspid="218" ordinal="0" offset="0" sl="325" sc="13" el="325" ec="48" bec="0" bev="0" fileid="4" />
            </Method>
            <Method visited="true" cyclomaticComplexity="1" nPathComplexity="0" sequenceCoverage="100" branchCoverage="100" crapScore="1" isConstructor="false" isStatic="false" isGetter="false" isSetter="false">
              <Summary numSequencePoints="121" visitedSequencePoints="121" numBranchPoints="1" visitedBranchPoints="1" sequenceCoverage="100" branchCoverage="100" maxCyclomaticComplexity="1" minCyclomaticComplexity="1" maxCrapScore="1" minCrapScore="1" visitedClasses="0" numClasses="0" visitedMethods="1" numMethods="1" />
              <MetadataToken>100663334</MetadataToken>
              <Name>System.Void Log4NetAppenders.UnitTest.RemoteSyslogAsyncSSLAppenderTest::TestSysLogFacilityAsync()</Name>
              <FileRef uid="4" />
              <SequencePoints>
                <SequencePoint vc="1" uspid="226" ordinal="0" offset="0" sl="349" sc="13" el="349" ec="48" bec="0" bev="0" fileid="4" />
                <SequencePoint vc="1" uspid="227" ordinal="1" offset="6" sl="350" sc="13" el="354" ec="15" bec="0" bev="0" fileid="4" />
                <SequencePoint vc="1" uspid="228" ordinal="2" offset="54" sl="355" sc="13" el="355" ec="40" bec="0" bev="0" fileid="4" />
                <SequencePoint vc="1" uspid="229" ordinal="3" offset="60" sl="356" sc="13" el="356" ec="109" bec="0" bev="0" fileid="4" />
                <SequencePoint vc="1" uspid="230" ordinal="4" offset="67" sl="357" sc="13" el="357" ec="122" bec="0" bev="0" fileid="4" />
                <SequencePoint vc="1" uspid="231" ordinal="5" offset="85" sl="359" sc="13" el="359" ec="39" bec="0" bev="0" fileid="4" />
                <SequencePoint vc="1" uspid="232" ordinal="6" offset="91" sl="360" sc="13" el="364" ec="15" bec="0" bev="0" fileid="4" />
                <SequencePoint vc="1" uspid="233" ordinal="7" offset="139" sl="365" sc="13" el="365" ec="40" bec="0" bev="0" fileid="4" />
                <SequencePoint vc="1" uspid="234" ordinal="8" offset="145" sl="366" sc="13" el="366" ec="105" bec="0" bev="0" fileid="4" />
                <SequencePoint vc="1" uspid="235" ordinal="9" offset="152" sl="367" sc="13" el="367" ec="122" bec="0" bev="0" fileid="4" />
                <SequencePoint vc="1" uspid="236" ordinal="10" offset="170" sl="369" sc="13" el="369" ec="39" bec="0" bev="0" fileid="4" />
                <SequencePoint vc="1" uspid="237" ordinal="11" offset="176" sl="370" sc="13" el="374" ec="15" bec="0" bev="0" fileid="4" />
                <SequencePoint vc="1" uspid="238" ordinal="12" offset="224" sl="375" sc="13" el="375" ec="40" bec="0" bev="0" fileid="4" />
                <SequencePoint vc="1" uspid="239" ordinal="13" offset="230" sl="376" sc="13" el="376" ec="105" bec="0" bev="0" fileid="4" />
                <SequencePoint vc="1" uspid="240" ordinal="14" offset="237" sl="377" sc="13" el="377" ec="123" bec="0" bev="0" fileid="4" />
                <SequencePoint vc="1" uspid="241" ordinal="15" offset="256" sl="379" sc="13" el="379" ec="42" bec="0" bev="0" fileid="4" />
                <SequencePoint vc="1" uspid="242" ordinal="16" offset="262" sl="380" sc="13" el="384" ec="15" bec="0" bev="0" fileid="4" />
                <SequencePoint vc="1" uspid="243" ordinal="17" offset="310" sl="385" sc="13" el="385" ec="40" bec="0" bev="0" fileid="4" />
                <SequencePoint vc="1" uspid="244" ordinal="18" offset="316" sl="386" sc="13" el="386" ec="105" bec="0" bev="0" fileid="4" />
                <SequencePoint vc="1" uspid="245" ordinal="19" offset="323" sl="387" sc="13" el="387" ec="123" bec="0" bev="0" fileid="4" />
                <SequencePoint vc="1" uspid="246" ordinal="20" offset="342" sl="389" sc="13" el="389" ec="48" bec="0" bev="0" fileid="4" />
                <SequencePoint vc="1" uspid="247" ordinal="21" offset="348" sl="390" sc="13" el="394" ec="15" bec="0" bev="0" fileid="4" />
                <SequencePoint vc="1" uspid="248" ordinal="22" offset="396" sl="395" sc="13" el="395" ec="40" bec="0" bev="0" fileid="4" />
                <SequencePoint vc="1" uspid="249" ordinal="23" offset="402" sl="396" sc="13" el="396" ec="105" bec="0" bev="0" fileid="4" />
                <SequencePoint vc="1" uspid="250" ordinal="24" offset="409" sl="397" sc="13" el="397" ec="123" bec="0" bev="0" fileid="4" />
                <SequencePoint vc="1" uspid="251" ordinal="25" offset="428" sl="399" sc="13" el="399" ec="41" bec="0" bev="0" fileid="4" />
                <SequencePoint vc="1" uspid="252" ordinal="26" offset="434" sl="400" sc="13" el="404" ec="15" bec="0" bev="0" fileid="4" />
                <SequencePoint vc="1" uspid="253" ordinal="27" offset="482" sl="405" sc="13" el="405" ec="40" bec="0" bev="0" fileid="4" />
                <SequencePoint vc="1" uspid="254" ordinal="28" offset="488" sl="406" sc="13" el="406" ec="105" bec="0" bev="0" fileid="4" />
                <SequencePoint vc="1" uspid="255" ordinal="29" offset="495" sl="407" sc="13" el="407" ec="123" bec="0" bev="0" fileid="4" />
                <SequencePoint vc="1" uspid="256" ordinal="30" offset="514" sl="409" sc="13" el="409" ec="42" bec="0" bev="0" fileid="4" />
                <SequencePoint vc="1" uspid="257" ordinal="31" offset="520" sl="410" sc="13" el="414" ec="15" bec="0" bev="0" fileid="4" />
                <SequencePoint vc="1" uspid="258" ordinal="32" offset="568" sl="415" sc="13" el="415" ec="40" bec="0" bev="0" fileid="4" />
                <SequencePoint vc="1" uspid="259" ordinal="33" offset="574" sl="416" sc="13" el="416" ec="105" bec="0" bev="0" fileid="4" />
                <SequencePoint vc="1" uspid="260" ordinal="34" offset="581" sl="417" sc="13" el="417" ec="123" bec="0" bev="0" fileid="4" />
                <SequencePoint vc="1" uspid="261" ordinal="35" offset="600" sl="419" sc="13" el="419" ec="39" bec="0" bev="0" fileid="4" />
                <SequencePoint vc="1" uspid="262" ordinal="36" offset="606" sl="420" sc="13" el="424" ec="15" bec="0" bev="0" fileid="4" />
                <SequencePoint vc="1" uspid="263" ordinal="37" offset="654" sl="425" sc="13" el="425" ec="40" bec="0" bev="0" fileid="4" />
                <SequencePoint vc="1" uspid="264" ordinal="38" offset="660" sl="426" sc="13" el="426" ec="105" bec="0" bev="0" fileid="4" />
                <SequencePoint vc="1" uspid="265" ordinal="39" offset="667" sl="427" sc="13" el="427" ec="123" bec="0" bev="0" fileid="4" />
                <SequencePoint vc="1" uspid="266" ordinal="40" offset="686" sl="429" sc="13" el="429" ec="39" bec="0" bev="0" fileid="4" />
                <SequencePoint vc="1" uspid="267" ordinal="41" offset="692" sl="430" sc="13" el="434" ec="15" bec="0" bev="0" fileid="4" />
                <SequencePoint vc="1" uspid="268" ordinal="42" offset="740" sl="435" sc="13" el="435" ec="40" bec="0" bev="0" fileid="4" />
                <SequencePoint vc="1" uspid="269" ordinal="43" offset="746" sl="436" sc="13" el="436" ec="105" bec="0" bev="0" fileid="4" />
                <SequencePoint vc="1" uspid="270" ordinal="44" offset="753" sl="437" sc="13" el="437" ec="123" bec="0" bev="0" fileid="4" />
                <SequencePoint vc="1" uspid="271" ordinal="45" offset="772" sl="439" sc="13" el="439" ec="40" bec="0" bev="0" fileid="4" />
                <SequencePoint vc="1" uspid="272" ordinal="46" offset="778" sl="440" sc="13" el="444" ec="15" bec="0" bev="0" fileid="4" />
                <SequencePoint vc="1" uspid="273" ordinal="47" offset="826" sl="445" sc="13" el="445" ec="40" bec="0" bev="0" fileid="4" />
                <SequencePoint vc="1" uspid="274" ordinal="48" offset="832" sl="446" sc="13" el="446" ec="105" bec="0" bev="0" fileid="4" />
                <SequencePoint vc="1" uspid="275" ordinal="49" offset="839" sl="447" sc="13" el="447" ec="123" bec="0" bev="0" fileid="4" />
                <SequencePoint vc="1" uspid="276" ordinal="50" offset="858" sl="449" sc="13" el="449" ec="49" bec="0" bev="0" fileid="4" />
                <SequencePoint vc="1" uspid="277" ordinal="51" offset="864" sl="450" sc="13" el="454" ec="15" bec="0" bev="0" fileid="4" />
[...]
                <SequencePoint vc="36" uspid="2167" ordinal="1" offset="8" sl="710" sc="21" el="710" ec="39" bec="0" bev="0" fileid="32" />
                <SequencePoint vc="36" uspid="2168" ordinal="2" offset="19" sl="711" sc="17" el="711" ec="18" bec="0" bev="0" fileid="32" />
                <SequencePoint vc="0" uspid="2169" ordinal="3" offset="21" sl="712" sc="17" el="712" ec="38" bec="0" bev="0" fileid="32" />
                <SequencePoint vc="0" uspid="2170" ordinal="4" offset="22" sl="716" sc="17" el="716" ec="18" bec="0" bev="0" fileid="32" />
                <SequencePoint vc="36" uspid="2171" ordinal="5" offset="24" sl="717" sc="17" el="717" ec="32" bec="0" bev="0" fileid="32" />
                <SequencePoint vc="52" uspid="2172" ordinal="6" offset="31" sl="720" sc="13" el="720" ec="33" bec="2" bev="2" fileid="32" />
                <SequencePoint vc="34" uspid="2173" ordinal="7" offset="39" sl="722" sc="17" el="722" ec="35" bec="0" bev="0" fileid="32" />
                <SequencePoint vc="34" uspid="2174" ordinal="8" offset="50" sl="723" sc="17" el="723" ec="32" bec="0" bev="0" fileid="32" />
                <SequencePoint vc="52" uspid="2175" ordinal="9" offset="57" sl="726" sc="13" el="726" ec="33" bec="2" bev="2" fileid="32" />
                <SequencePoint vc="36" uspid="2176" ordinal="10" offset="65" sl="730" sc="21" el="730" ec="43" bec="0" bev="0" fileid="32" />
                <SequencePoint vc="36" uspid="2177" ordinal="11" offset="77" sl="735" sc="17" el="735" ec="18" bec="0" bev="0" fileid="32" />
                <SequencePoint vc="0" uspid="2178" ordinal="12" offset="79" sl="736" sc="17" el="736" ec="38" bec="0" bev="0" fileid="32" />
                <SequencePoint vc="0" uspid="2179" ordinal="13" offset="80" sl="740" sc="17" el="740" ec="18" bec="0" bev="0" fileid="32" />
                <SequencePoint vc="36" uspid="2180" ordinal="14" offset="82" sl="742" sc="17" el="742" ec="35" bec="0" bev="0" fileid="32" />
                <SequencePoint vc="36" uspid="2181" ordinal="15" offset="93" sl="743" sc="17" el="743" ec="32" bec="0" bev="0" fileid="32" />
                <SequencePoint vc="52" uspid="2182" ordinal="16" offset="100" sl="745" sc="9" el="745" ec="10" bec="0" bev="0" fileid="32" />
              </SequencePoints>
              <BranchPoints>
                <BranchPoint vc="36" uspid="2183" ordinal="0" offset="6" sl="706" path="0" offsetend="8" fileid="32" />
                <BranchPoint vc="16" uspid="2184" ordinal="1" offset="6" sl="706" path="1" offsetend="31" fileid="32" />
                <BranchPoint vc="34" uspid="2185" ordinal="2" offset="37" sl="720" path="0" offsetend="39" fileid="32" />
                <BranchPoint vc="18" uspid="2186" ordinal="3" offset="37" sl="720" path="1" offsetend="57" fileid="32" />
                <BranchPoint vc="36" uspid="2187" ordinal="4" offset="63" sl="726" path="0" offsetend="65" fileid="32" />
                <BranchPoint vc="16" uspid="2188" ordinal="5" offset="63" sl="726" path="1" offsetend="100" fileid="32" />
              </BranchPoints>
              <MethodPoint xsi:type="SequencePoint" vc="52" uspid="2166" ordinal="0" offset="0" sl="706" sc="13" el="706" ec="33" bec="2" bev="2" fileid="32" />
            </Method>
            <Method visited="false" cyclomaticComplexity="2" nPathComplexity="0" sequenceCoverage="0" branchCoverage="0" crapScore="6" isConstructor="false" isStatic="true" isGetter="false" isSetter="false">
              <Summary numSequencePoints="1" visitedSequencePoints="0" numBranchPoints="1" visitedBranchPoints="0" sequenceCoverage="0" branchCoverage="0" maxCyclomaticComplexity="2" minCyclomaticComplexity="2" maxCrapScore="6" minCrapScore="6" visitedClasses="0" numClasses="0" visitedMethods="0" numMethods="1" />
              <MetadataToken>100663402</MetadataToken>
              <Name>System.Boolean TheByteStuff.log4net.Appenders.RemoteSyslogSSLAppender::IsConnected(System.Net.Sockets.Socket)</Name>
              <FileRef uid="32" />
              <SequencePoints>
                <SequencePoint vc="0" uspid="2189" ordinal="0" offset="0" sl="749" sc="13" el="749" ec="86" bec="0" bev="0" fileid="32" />
              </SequencePoints>
              <BranchPoints />
              <MethodPoint xsi:type="SequencePoint" vc="0" uspid="2189" ordinal="0" offset="0" sl="749" sc="13" el="749" ec="86" bec="0" bev="0" fileid="32" />
            </Method>
            <Method visited="false" cyclomaticComplexity="2" nPathComplexity="0" sequenceCoverage="0" branchCoverage="0" crapScore="6" isConstructor="false" isStatic="false" isGetter="false" isSetter="false">
              <Summary numSequencePoints="4" visitedSequencePoints="0" numBranchPoints="1" visitedBranchPoints="0" sequenceCoverage="0" branchCoverage="0" maxCyclomaticComplexity="2" minCyclomaticComplexity="2" maxCrapScore="6" minCrapScore="6" visitedClasses="0" numClasses="0" visitedMethods="0" numMethods="1" />
              <MetadataToken>100663403</MetadataToken>
              <Name>System.Void TheByteStuff.log4net.Appenders.RemoteSyslogSSLAppender::LogStartupInfo()</Name>
              <FileRef uid="32" />
              <SequencePoints>
                <SequencePoint vc="0" uspid="2192" ordinal="0" offset="0" sl="754" sc="13" el="754" ec="93" bec="0" bev="0" fileid="32" />
                <SequencePoint vc="0" uspid="2193" ordinal="1" offset="21" sl="755" sc="13" el="757" ec="42" bec="0" bev="0" fileid="32" />
                <SequencePoint vc="0" uspid="2194" ordinal="2" offset="64" sl="758" sc="13" el="758" ec="40" bec="0" bev="0" fileid="32" />
                <SequencePoint vc="0" uspid="2195" ordinal="3" offset="76" sl="759" sc="9" el="759" ec="10" bec="0" bev="0" fileid="32" />
              </SequencePoints>
              <BranchPoints />
              <MethodPoint xsi:type="SequencePoint" vc="0" uspid="2192" ordinal="0" offset="0" sl="754" sc="13" el="754" ec="93" bec="0" bev="0" fileid="32" />
            </Method>
            <Method visited="false" cyclomaticComplexity="3" nPathComplexity="4" sequenceCoverage="0" branchCoverage="0" crapScore="12" isConstructor="false" isStatic="false" isGetter="false" isSetter="false">
              <Summary numSequencePoints="10" visitedSequencePoints="0" numBranchPoints="5" visitedBranchPoints="0" sequenceCoverage="0" branchCoverage="0" maxCyclomaticComplexity="3" minCyclomaticComplexity="3" maxCrapScore="12" minCrapScore="12" visitedClasses="0" numClasses="0" visitedMethods="0" numMethods="1" />
              <MetadataToken>100663404</MetadataToken>
              <Name>System.Void TheByteStuff.log4net.Appenders.RemoteSyslogSSLAppender::LogDiagnosticInfo(System.String,System.Object[])</Name>
              <FileRef uid="32" />
              <SequencePoints>
                <SequencePoint vc="0" uspid="2198" ordinal="0" offset="0" sl="763" sc="13" el="763" ec="39" bec="2" bev="0" fileid="32" />
                <SequencePoint vc="0" uspid="2199" ordinal="1" offset="8" sl="767" sc="21" el="767" ec="63" bec="0" bev="0" fileid="32" />
                <SequencePoint vc="0" uspid="2200" ordinal="2" offset="16" sl="768" sc="21" el="768" ec="34" bec="2" bev="0" fileid="32" />
                <SequencePoint vc="0" uspid="2201" ordinal="3" offset="26" sl="769" sc="25" el="769" ec="50" bec="0" bev="0" fileid="32" />
                <SequencePoint vc="0" uspid="2202" ordinal="4" offset="34" sl="771" sc="25" el="771" ec="44" bec="0" bev="0" fileid="32" />
                <SequencePoint vc="0" uspid="2203" ordinal="5" offset="46" sl="773" sc="21" el="773" ec="52" bec="0" bev="0" fileid="32" />
                <SequencePoint vc="0" uspid="2204" ordinal="6" offset="58" sl="774" sc="17" el="774" ec="18" bec="0" bev="0" fileid="32" />
                <SequencePoint vc="0" uspid="2205" ordinal="7" offset="60" sl="777" sc="21" el="777" ec="53" bec="0" bev="0" fileid="32" />
                <SequencePoint vc="0" uspid="2206" ordinal="8" offset="70" sl="778" sc="17" el="778" ec="18" bec="0" bev="0" fileid="32" />
                <SequencePoint vc="0" uspid="2207" ordinal="9" offset="72" sl="780" sc="9" el="780" ec="10" bec="0" bev="0" fileid="32" />
              </SequencePoints>
              <BranchPoints>
                <BranchPoint vc="0" uspid="2208" ordinal="0" offset="6" sl="763" path="0" offsetend="8" fileid="32" />
                <BranchPoint vc="0" uspid="2209" ordinal="1" offset="6" sl="763" path="1" offsetend="72" fileid="32" />
                <BranchPoint vc="0" uspid="2210" ordinal="2" offset="24" sl="768" path="0" offsetend="26" fileid="32" />
                <BranchPoint vc="0" uspid="2211" ordinal="3" offset="24" sl="768" path="1" offsetend="34" fileid="32" />
              </BranchPoints>
              <MethodPoint xsi:type="SequencePoint" vc="0" uspid="2198" ordinal="0" offset="0" sl="763" sc="13" el="763" ec="39" bec="2" bev="0" fileid="32" />
            </Method>
            <Method visited="false" cyclomaticComplexity="2" nPathComplexity="2" sequenceCoverage="0" branchCoverage="0" crapScore="6" isConstructor="false" isStatic="false" isGetter="false" isSetter="false">
              <Summary numSequencePoints="6" visitedSequencePoints="0" numBranchPoints="3" visitedBranchPoints="0" sequenceCoverage="0" branchCoverage="0" maxCyclomaticComplexity="2" minCyclomaticComplexity="2" maxCrapScore="6" minCrapScore="6" visitedClasses="0" numClasses="0" visitedMethods="0" numMethods="1" />
              <MetadataToken>100663405</MetadataToken>
              <Name>System.Void TheByteStuff.log4net.Appenders.RemoteSyslogSSLAppender::LogError(System.String,System.Object[])</Name>
              <FileRef uid="32" />
              <SequencePoints>
                <SequencePoint vc="0" uspid="2212" ordinal="0" offset="0" sl="784" sc="13" el="784" ec="55" bec="0" bev="0" fileid="32" />
                <SequencePoint vc="0" uspid="2213" ordinal="1" offset="8" sl="785" sc="13" el="785" ec="26" bec="2" bev="0" fileid="32" />
                <SequencePoint vc="0" uspid="2214" ordinal="2" offset="18" sl="786" sc="17" el="786" ec="42" bec="0" bev="0" fileid="32" />
                <SequencePoint vc="0" uspid="2215" ordinal="3" offset="26" sl="788" sc="17" el="788" ec="37" bec="0" bev="0" fileid="32" />
                <SequencePoint vc="0" uspid="2216" ordinal="4" offset="38" sl="790" sc="13" el="790" ec="45" bec="0" bev="0" fileid="32" />
                <SequencePoint vc="0" uspid="2217" ordinal="5" offset="50" sl="791" sc="9" el="791" ec="10" bec="0" bev="0" fileid="32" />
              </SequencePoints>
              <BranchPoints>
                <BranchPoint vc="0" uspid="2218" ordinal="0" offset="16" sl="785" path="0" offsetend="18" fileid="32" />
                <BranchPoint vc="0" uspid="2219" ordinal="1" offset="16" sl="785" path="1" offsetend="26" fileid="32" />
              </BranchPoints>
              <MethodPoint xsi:type="SequencePoint" vc="0" uspid="2212" ordinal="0" offset="0" sl="784" sc="13" el="784" ec="55" bec="0" bev="0" fileid="32" />
            </Method>
            <Method visited="false" cyclomaticComplexity="1" nPathComplexity="0" sequenceCoverage="0" branchCoverage="0" crapScore="2" isConstructor="false" isStatic="false" isGetter="false" isSetter="false">
              <Summary numSequencePoints="2" visitedSequencePoints="0" numBranchPoints="1" visitedBranchPoints="0" sequenceCoverage="0" branchCoverage="0" maxCyclomaticComplexity="1" minCyclomaticComplexity="1" maxCrapScore="2" minCrapScore="2" visitedClasses="0" numClasses="0" visitedMethods="0" numMethods="1" />
              <MetadataToken>100663406</MetadataToken>
              <Name>System.Void TheByteStuff.log4net.Appenders.RemoteSyslogSSLAppender::LogError(System.Exception)</Name>
              <FileRef uid="32" />
              <SequencePoints>
                <SequencePoint vc="0" uspid="2220" ordinal="0" offset="0" sl="795" sc="13" el="795" ec="38" bec="0" bev="0" fileid="32" />
                <SequencePoint vc="0" uspid="2221" ordinal="1" offset="17" sl="796" sc="9" el="796" ec="10" bec="0" bev="0" fileid="32" />
              </SequencePoints>
              <BranchPoints />
              <MethodPoint xsi:type="SequencePoint" vc="0" uspid="2220" ordinal="0" offset="0" sl="795" sc="13" el="795" ec="38" bec="0" bev="0" fileid="32" />
            </Method>
            <Method visited="false" cyclomaticComplexity="1" nPathComplexity="0" sequenceCoverage="0" branchCoverage="0" crapScore="2" isConstructor="false" isStatic="false" isGetter="false" isSetter="false">
              <Summary numSequencePoints="1" visitedSequencePoints="0" numBranchPoints="1" visitedBranchPoints="0" sequenceCoverage="0" branchCoverage="0" maxCyclomaticComplexity="1" minCyclomaticComplexity="1" maxCrapScore="2" minCrapScore="2" visitedClasses="0" numClasses="0" visitedMethods="0" numMethods="1" />
              <MetadataToken>100663407</MetadataToken>
              <Name>System.Void TheByteStuff.log4net.Appenders.RemoteSyslogSSLAppender::RemoteLog(System.String,log4net.Core.Level)</Name>
              <FileRef uid="32" />
              <SequencePoints>
                <SequencePoint vc="0" uspid="2222" ordinal="0" offset="0" sl="810" sc="9" el="810" ec="10" bec="0" bev="0" fileid="32" />
              </SequencePoints>
              <BranchPoints />
              <MethodPoint xsi:type="SequencePoint" vc="0" uspid="2222" ordinal="0" offset="0" sl="810" sc="9" el="810" ec="10" bec="0" bev="0" fileid="32" />
            </Method>
            <Method visited="true" cyclomaticComplexity="1" nPathComplexity="0" sequenceCoverage="100" branchCoverage="100" crapScore="1" isConstructor="true" isStatic="true" isGetter="false" isSetter="false">
              <Summary numSequencePoints="1" visitedSequencePoints="1" numBranchPoints="1" visitedBranchPoints="1" sequenceCoverage="100" branchCoverage="100" maxCyclomaticComplexity="1" minCyclomaticComplexity="1" maxCrapScore="1" minCrapScore="1" visitedClasses="0" numClasses="0" visitedMethods="1" numMethods="1" />
              <MetadataToken>100663408</MetadataToken>
              <Name>System.Void TheByteStuff.log4net.Appenders.RemoteSyslogSSLAppender::.cctor()</Name>
              <FileRef uid="32" />
              <SequencePoints>
                <SequencePoint vc="1" uspid="2223" ordinal="0" offset="0" sl="700" sc="9" el="702" ec="11" bec="0" bev="0" fileid="32" />
              </SequencePoints>
              <BranchPoints />
              <MethodPoint xsi:type="SequencePoint" vc="1" uspid="2223" ordinal="0" offset="0" sl="700" sc="9" el="702" ec="11" bec="0" bev="0" fileid="32" />
            </Method>
          </Methods>
        </Class>
        <Class>
          <Summary numSequencePoints="3" visitedSequencePoints="0" numBranchPoints="2" visitedBranchPoints="0" sequenceCoverage="0" branchCoverage="0" maxCyclomaticComplexity="1" minCyclomaticComplexity="1" maxCrapScore="2" minCrapScore="2" visitedClasses="0" numClasses="1" visitedMethods="0" numMethods="2" />
          <FullName>TheByteStuff.log4net.Appenders.RemoteSyslogSSLAppender/LevelSeverity</FullName>
          <Methods>
            <Method visited="false" cyclomaticComplexity="1" nPathComplexity="0" sequenceCoverage="0" branchCoverage="0" crapScore="2" isConstructor="false" isStatic="false" isGetter="true" isSetter="false">
              <Summary numSequencePoints="1" visitedSequencePoints="0" numBranchPoints="1" visitedBranchPoints="0" sequenceCoverage="0" branchCoverage="0" maxCyclomaticComplexity="1" minCyclomaticComplexity="1" maxCrapScore="2" minCrapScore="2" visitedClasses="0" numClasses="0" visitedMethods="0" numMethods="1" />
              <MetadataToken>100663413</MetadataToken>
              <Name>TheByteStuff.log4net.Appenders.RemoteSyslogSSLAppender/SyslogSeverity TheByteStuff.log4net.Appenders.RemoteSyslogSSLAppender/LevelSeverity::get_Severity()</Name>
              <FileRef uid="32" />
              <SequencePoints>
                <SequencePoint vc="0" uspid="2224" ordinal="0" offset="0" sl="488" sc="23" el="488" ec="41" bec="0" bev="0" fileid="32" />
              </SequencePoints>
              <BranchPoints />
              <MethodPoint xsi:type="SequencePoint" vc="0" uspid="2224" ordinal="0" offset="0" sl="488" sc="23" el="488" ec="41" bec="0" bev="0" fileid="32" />
            </Method>
            <Method visited="false" cyclomaticComplexity="1" nPathComplexity="0" sequenceCoverage="0" branchCoverage="0" crapScore="2" isConstructor="false" isStatic="false" isGetter="false" isSetter="true">
              <Summary numSequencePoints="2" visitedSequencePoints="0" numBranchPoints="1" visitedBranchPoints="0" sequenceCoverage="0" branchCoverage="0" maxCyclomaticComplexity="1" minCyclomaticComplexity="1" maxCrapScore="2" minCrapScore="2" visitedClasses="0" numClasses="0" visitedMethods="0" numMethods="1" />
              <MetadataToken>100663414</MetadataToken>
              <Name>System.Void TheByteStuff.log4net.Appenders.RemoteSyslogSSLAppender/LevelSeverity::set_Severity(TheByteStuff.log4net.Appenders.RemoteSyslogSSLAppender/SyslogSeverity)</Name>
              <FileRef uid="32" />
              <SequencePoints>
                <SequencePoint vc="0" uspid="2225" ordinal="0" offset="0" sl="489" sc="23" el="489" ec="42" bec="0" bev="0" fileid="32" />
                <SequencePoint vc="0" uspid="2226" ordinal="1" offset="7" sl="489" sc="43" el="489" ec="44" bec="0" bev="0" fileid="32" />
              </SequencePoints>
              <BranchPoints />
              <MethodPoint xsi:type="SequencePoint" vc="0" uspid="2225" ordinal="0" offset="0" sl="489" sc="23" el="489" ec="42" bec="0" bev="0" fileid="32" />
            </Method>
            <Method visited="false" cyclomaticComplexity="1" nPathComplexity="0" sequenceCoverage="0" branchCoverage="0" crapScore="2" isConstructor="true" isStatic="false" isGetter="false" isSetter="false">
              <Summary numSequencePoints="0" visitedSequencePoints="0" numBranchPoints="0" visitedBranchPoints="0" sequenceCoverage="0" branchCoverage="0" maxCyclomaticComplexity="1" minCyclomaticComplexity="1" maxCrapScore="2" minCrapScore="2" visitedClasses="0" numClasses="0" visitedMethods="0" numMethods="0" />
              <MetadataToken>100663415</MetadataToken>
              <Name>System.Void TheByteStuff.log4net.Appenders.RemoteSyslogSSLAppender/LevelSeverity::.ctor()</Name>
              <SequencePoints />
              <BranchPoints />
              <MethodPoint vc="0" uspid="2227" ordinal="0" offset="0" />
            </Method>
          </Methods>
        </Class>
        <Class>
          <Summary numSequencePoints="0" visitedSequencePoints="0" numBranchPoints="0" visitedBranchPoints="0" sequenceCoverage="0" branchCoverage="0" maxCyclomaticComplexity="3" minCyclomaticComplexity="3" maxCrapScore="12" minCrapScore="12" visitedClasses="0" numClasses="0" visitedMethods="0" numMethods="0" />
          <FullName>&lt;PrivateImplementationDetails&gt;</FullName>
          <Methods>
            <Method visited="false" cyclomaticComplexity="3" nPathComplexity="0" sequenceCoverage="0" branchCoverage="0" crapScore="12" isConstructor="false" isStatic="true" isGetter="false" isSetter="false">
              <Summary numSequencePoints="0" visitedSequencePoints="0" numBranchPoints="0" visitedBranchPoints="0" sequenceCoverage="0" branchCoverage="0" maxCyclomaticComplexity="3" minCyclomaticComplexity="3" maxCrapScore="12" minCrapScore="12" visitedClasses="0" numClasses="0" visitedMethods="0" numMethods="0" />
              <MetadataToken>100663409</MetadataToken>
              <Name>System.UInt32 &lt;PrivateImplementationDetails&gt;::ComputeStringHash(System.String)</Name>
              <SequencePoints />
              <BranchPoints />
              <MethodPoint vc="0" uspid="2228" ordinal="0" offset="0" />
            </Method>
          </Methods>
        </Class>
      </Classes>
    </Module>
  </Modules>
</CoverageSession>