<?xml version="1.0" encoding="utf-8"?>
<CoverageSession xmlns:xsd="http://www.w3.org/2001/XMLSchema" xmlns:xsi="http://www.w3.org/2001/XMLSchema-instance" Version="4.6.0.0">
  <Summary numSequencePoints="2176" visitedSequencePoints="1824" numBranchPoints="555" visitedBranchPoints="394" sequenceCoverage="83.82" branchCoverage="70.99" maxCyclomaticComplexity="66" minCyclomaticComplexity="1" maxCrapScore="67.90" minCrapScore="1" visitedClasses="16" numClasses="19" visitedMethods="179" numMethods="205" />
  <Modules>
    <Module hash="8C-C0-C0-B8-CD-5C-5F-DD-2A-D3-BE-5C-EA-9C-3E-31-1D-BE-80-ED">
      <Summary numSequencePoints="1127" visitedSequencePoints="1032" numBranchPoints="133" visitedBranchPoints="117" sequenceCoverage="91.57" branchCoverage="87.97" maxCyclomaticComplexity="15" minCyclomaticComplexity="1" maxCrapScore="21.16" minCrapScore="1" visitedClasses="13" numClasses="14" visitedMethods="87" numMethods="89" />
      <ModulePath>D:\github\TheByteStuff\Log4NetAppenders\src\Log4NetAppenders.UnitTest\bin\Debug\Log4NetAppenders.UnitTest.dll</ModulePath>
      <ModuleTime>2020-08-18T16:08:12.2336817Z</ModuleTime>
      <ModuleName>Log4NetAppenders.UnitTest</ModuleName>
      <Files>
        <File uid="1" fullPath="D:\github\TheByteStuff\Log4NetAppenders\src\Log4NetAppenders.UnitTest\ConnectionInfo.cs" />
        <File uid="2" fullPath="D:\github\TheByteStuff\Log4NetAppenders\src\Log4NetAppenders.UnitTest\IoHelper.cs" />
        <File uid="3" fullPath="D:\github\TheByteStuff\Log4NetAppenders\src\Log4NetAppenders.UnitTest\MockServer.cs" />
        <File uid="4" fullPath="D:\github\TheByteStuff\Log4NetAppenders\src\Log4NetAppenders.UnitTest\RemoteSyslogAsyncSSLAppenderTest.cs" />
        <File uid="7" fullPath="D:\github\TheByteStuff\Log4NetAppenders\src\Log4NetAppenders.UnitTest\EncryptedForwardingAppenderTest.cs" />
        <File uid="12" fullPath="D:\github\TheByteStuff\Log4NetAppenders\src\Log4NetAppenders.UnitTest\RemoteSyslogSSLAppenderTest.cs" />
      </Files>
      <Classes>
        <Class>
          <Summary numSequencePoints="17" visitedSequencePoints="17" numBranchPoints="6" visitedBranchPoints="6" sequenceCoverage="100" branchCoverage="100" maxCyclomaticComplexity="3" minCyclomaticComplexity="1" maxCrapScore="3" minCrapScore="1" visitedClasses="1" numClasses="1" visitedMethods="2" numMethods="2" />
          <FullName>Log4NetAppenders.UnitTest.ConnectionInfo</FullName>
          <Methods>
            <Method visited="true" cyclomaticComplexity="1" nPathComplexity="0" sequenceCoverage="100" branchCoverage="100" crapScore="1" isConstructor="true" isStatic="false" isGetter="false" isSetter="false">
              <Summary numSequencePoints="5" visitedSequencePoints="5" numBranchPoints="1" visitedBranchPoints="1" sequenceCoverage="100" branchCoverage="100" maxCyclomaticComplexity="1" minCyclomaticComplexity="1" maxCrapScore="1" minCrapScore="1" visitedClasses="0" numClasses="0" visitedMethods="1" numMethods="1" />
              <MetadataToken>100663297</MetadataToken>
              <Name>System.Void Log4NetAppenders.UnitTest.ConnectionInfo::.ctor(System.Net.Sockets.Socket,System.Net.Sockets.NetworkStream)</Name>
              <FileRef uid="1" />
              <SequencePoints>
                <SequencePoint vc="75" uspid="1" ordinal="0" offset="0" sl="12" sc="9" el="12" ec="67" bec="0" bev="0" fileid="1" />
                <SequencePoint vc="75" uspid="2" ordinal="1" offset="7" sl="13" sc="9" el="13" ec="10" bec="0" bev="0" fileid="1" />
                <SequencePoint vc="75" uspid="3" ordinal="2" offset="8" sl="14" sc="13" el="14" ec="29" bec="0" bev="0" fileid="1" />
                <SequencePoint vc="75" uspid="4" ordinal="3" offset="15" sl="15" sc="13" el="15" ec="29" bec="0" bev="0" fileid="1" />
                <SequencePoint vc="75" uspid="5" ordinal="4" offset="22" sl="16" sc="9" el="16" ec="10" bec="0" bev="0" fileid="1" />
              </SequencePoints>
              <BranchPoints />
              <MethodPoint xsi:type="SequencePoint" vc="75" uspid="1" ordinal="0" offset="0" sl="12" sc="9" el="12" ec="67" bec="0" bev="0" fileid="1" />
            </Method>
            <Method visited="true" cyclomaticComplexity="3" nPathComplexity="4" sequenceCoverage="100" branchCoverage="100" crapScore="3" isConstructor="false" isStatic="false" isGetter="false" isSetter="false">
              <Summary numSequencePoints="12" visitedSequencePoints="12" numBranchPoints="5" visitedBranchPoints="5" sequenceCoverage="100" branchCoverage="100" maxCyclomaticComplexity="3" minCyclomaticComplexity="3" maxCrapScore="3" minCrapScore="3" visitedClasses="0" numClasses="0" visitedMethods="1" numMethods="1" />
              <MetadataToken>100663298</MetadataToken>
              <Name>System.Void Log4NetAppenders.UnitTest.ConnectionInfo::Close()</Name>
              <FileRef uid="1" />
              <SequencePoints>
                <SequencePoint vc="124" uspid="6" ordinal="0" offset="0" sl="22" sc="9" el="22" ec="10" bec="0" bev="0" fileid="1" />
                <SequencePoint vc="124" uspid="7" ordinal="1" offset="1" sl="23" sc="13" el="23" ec="32" bec="2" bev="2" fileid="1" />
                <SequencePoint vc="75" uspid="8" ordinal="2" offset="14" sl="24" sc="17" el="24" ec="32" bec="0" bev="0" fileid="1" />
                <SequencePoint vc="124" uspid="9" ordinal="3" offset="26" sl="25" sc="13" el="25" ec="27" bec="0" bev="0" fileid="1" />
                <SequencePoint vc="124" uspid="10" ordinal="4" offset="33" sl="27" sc="13" el="27" ec="32" bec="2" bev="2" fileid="1" />
                <SequencePoint vc="75" uspid="11" ordinal="5" offset="46" sl="28" sc="13" el="28" ec="14" bec="0" bev="0" fileid="1" />
                <SequencePoint vc="75" uspid="12" ordinal="6" offset="47" sl="29" sc="17" el="29" ec="54" bec="0" bev="0" fileid="1" />
                <SequencePoint vc="75" uspid="13" ordinal="7" offset="60" sl="30" sc="17" el="30" ec="42" bec="0" bev="0" fileid="1" />
                <SequencePoint vc="75" uspid="14" ordinal="8" offset="73" sl="31" sc="17" el="31" ec="32" bec="0" bev="0" fileid="1" />
                <SequencePoint vc="75" uspid="15" ordinal="9" offset="85" sl="32" sc="13" el="32" ec="14" bec="0" bev="0" fileid="1" />
                <SequencePoint vc="124" uspid="16" ordinal="10" offset="86" sl="33" sc="13" el="33" ec="27" bec="0" bev="0" fileid="1" />
                <SequencePoint vc="124" uspid="17" ordinal="11" offset="93" sl="34" sc="9" el="34" ec="10" bec="0" bev="0" fileid="1" />
              </SequencePoints>
              <BranchPoints>
                <BranchPoint vc="75" uspid="18" ordinal="0" offset="12" sl="23" path="0" offsetend="14" fileid="1" />
                <BranchPoint vc="49" uspid="19" ordinal="1" offset="12" sl="23" path="1" offsetend="26" fileid="1" />
                <BranchPoint vc="75" uspid="20" ordinal="2" offset="44" sl="27" path="0" offsetend="46" fileid="1" />
                <BranchPoint vc="49" uspid="21" ordinal="3" offset="44" sl="27" path="1" offsetend="86" fileid="1" />
              </BranchPoints>
              <MethodPoint xsi:type="SequencePoint" vc="124" uspid="6" ordinal="0" offset="0" sl="22" sc="9" el="22" ec="10" bec="0" bev="0" fileid="1" />
            </Method>
          </Methods>
        </Class>
        <Class>
          <Summary numSequencePoints="22" visitedSequencePoints="16" numBranchPoints="4" visitedBranchPoints="3" sequenceCoverage="72.73" branchCoverage="75" maxCyclomaticComplexity="2" minCyclomaticComplexity="1" maxCrapScore="6" minCrapScore="1" visitedClasses="1" numClasses="1" visitedMethods="3" numMethods="4" />
          <FullName>Log4NetAppenders.UnitTest.IoHelper</FullName>
          <Methods>
            <Method visited="true" cyclomaticComplexity="1" nPathComplexity="0" sequenceCoverage="100" branchCoverage="100" crapScore="1" isConstructor="false" isStatic="true" isGetter="false" isSetter="false">
              <Summary numSequencePoints="8" visitedSequencePoints="8" numBranchPoints="1" visitedBranchPoints="1" sequenceCoverage="100" branchCoverage="100" maxCyclomaticComplexity="1" minCyclomaticComplexity="1" maxCrapScore="1" minCrapScore="1" visitedClasses="0" numClasses="0" visitedMethods="1" numMethods="1" />
              <MetadataToken>100663299</MetadataToken>
              <Name>System.IO.Stream Log4NetAppenders.UnitTest.IoHelper::GetStream(System.String)</Name>
              <FileRef uid="2" />
              <SequencePoints>
                <SequencePoint vc="503" uspid="22" ordinal="0" offset="0" sl="11" sc="9" el="11" ec="10" bec="0" bev="0" fileid="2" />
                <SequencePoint vc="503" uspid="23" ordinal="1" offset="1" sl="12" sc="13" el="12" ec="54" bec="0" bev="0" fileid="2" />
                <SequencePoint vc="503" uspid="24" ordinal="2" offset="7" sl="13" sc="13" el="13" ec="60" bec="0" bev="0" fileid="2" />
                <SequencePoint vc="503" uspid="25" ordinal="3" offset="14" sl="14" sc="13" el="14" ec="38" bec="0" bev="0" fileid="2" />
                <SequencePoint vc="503" uspid="26" ordinal="4" offset="22" sl="15" sc="13" el="15" ec="28" bec="0" bev="0" fileid="2" />
                <SequencePoint vc="503" uspid="27" ordinal="5" offset="29" sl="16" sc="13" el="16" ec="33" bec="0" bev="0" fileid="2" />
                <SequencePoint vc="503" uspid="28" ordinal="6" offset="38" sl="17" sc="13" el="17" ec="27" bec="0" bev="0" fileid="2" />
                <SequencePoint vc="503" uspid="29" ordinal="7" offset="42" sl="18" sc="9" el="18" ec="10" bec="0" bev="0" fileid="2" />
              </SequencePoints>
              <BranchPoints />
              <MethodPoint xsi:type="SequencePoint" vc="503" uspid="22" ordinal="0" offset="0" sl="11" sc="9" el="11" ec="10" bec="0" bev="0" fileid="2" />
            </Method>
            <Method visited="true" cyclomaticComplexity="2" nPathComplexity="0" sequenceCoverage="100" branchCoverage="100" crapScore="2" isConstructor="false" isStatic="true" isGetter="false" isSetter="false">
              <Summary numSequencePoints="7" visitedSequencePoints="7" numBranchPoints="1" visitedBranchPoints="1" sequenceCoverage="100" branchCoverage="100" maxCyclomaticComplexity="2" minCyclomaticComplexity="2" maxCrapScore="2" minCrapScore="2" visitedClasses="0" numClasses="0" visitedMethods="1" numMethods="1" />
              <MetadataToken>100663300</MetadataToken>
              <Name>System.String Log4NetAppenders.UnitTest.IoHelper::GetString(System.IO.Stream)</Name>
              <FileRef uid="2" />
              <SequencePoints>
                <SequencePoint vc="503" uspid="30" ordinal="0" offset="0" sl="21" sc="9" el="21" ec="10" bec="0" bev="0" fileid="2" />
                <SequencePoint vc="503" uspid="31" ordinal="1" offset="1" sl="23" sc="20" el="23" ec="71" bec="0" bev="0" fileid="2" />
                <SequencePoint vc="503" uspid="32" ordinal="2" offset="8" sl="24" sc="13" el="24" ec="14" bec="0" bev="0" fileid="2" />
                <SequencePoint vc="503" uspid="33" ordinal="3" offset="9" sl="25" sc="17" el="25" ec="45" bec="0" bev="0" fileid="2" />
                <SequencePoint vc="503" uspid="34" ordinal="4" offset="16" sl="26" sc="13" el="26" ec="14" bec="0" bev="0" fileid="2" />
                <SequencePoint vc="503" uspid="35" ordinal="5" offset="30" sl="27" sc="13" el="27" ec="27" bec="0" bev="0" fileid="2" />
                <SequencePoint vc="503" uspid="36" ordinal="6" offset="34" sl="28" sc="9" el="28" ec="10" bec="0" bev="0" fileid="2" />
              </SequencePoints>
              <BranchPoints />
              <MethodPoint xsi:type="SequencePoint" vc="503" uspid="30" ordinal="0" offset="0" sl="21" sc="9" el="21" ec="10" bec="0" bev="0" fileid="2" />
            </Method>
            <Method visited="false" cyclomaticComplexity="2" nPathComplexity="0" sequenceCoverage="0" branchCoverage="0" crapScore="6" isConstructor="false" isStatic="true" isGetter="false" isSetter="false">
              <Summary numSequencePoints="6" visitedSequencePoints="0" numBranchPoints="1" visitedBranchPoints="0" sequenceCoverage="0" branchCoverage="0" maxCyclomaticComplexity="2" minCyclomaticComplexity="2" maxCrapScore="6" minCrapScore="6" visitedClasses="0" numClasses="0" visitedMethods="0" numMethods="1" />
              <MetadataToken>100663301</MetadataToken>
              <Name>System.Void Log4NetAppenders.UnitTest.IoHelper::WriteStream(System.IO.Stream,System.Byte[]&amp;)</Name>
              <FileRef uid="2" />
              <SequencePoints>
                <SequencePoint vc="0" uspid="37" ordinal="0" offset="0" sl="31" sc="9" el="31" ec="10" bec="0" bev="0" fileid="2" />
                <SequencePoint vc="0" uspid="38" ordinal="1" offset="1" sl="32" sc="20" el="32" ec="53" bec="0" bev="0" fileid="2" />
                <SequencePoint vc="0" uspid="39" ordinal="2" offset="3" sl="33" sc="13" el="33" ec="14" bec="0" bev="0" fileid="2" />
                <SequencePoint vc="0" uspid="40" ordinal="3" offset="4" sl="34" sc="17" el="34" ec="68" bec="0" bev="0" fileid="2" />
                <SequencePoint vc="0" uspid="41" ordinal="4" offset="18" sl="35" sc="13" el="35" ec="14" bec="0" bev="0" fileid="2" />
                <SequencePoint vc="0" uspid="42" ordinal="5" offset="32" sl="36" sc="9" el="36" ec="10" bec="0" bev="0" fileid="2" />
              </SequencePoints>
              <BranchPoints />
              <MethodPoint xsi:type="SequencePoint" vc="0" uspid="37" ordinal="0" offset="0" sl="31" sc="9" el="31" ec="10" bec="0" bev="0" fileid="2" />
            </Method>
            <Method visited="true" cyclomaticComplexity="1" nPathComplexity="0" sequenceCoverage="100" branchCoverage="100" crapScore="1" isConstructor="true" isStatic="true" isGetter="false" isSetter="false">
              <Summary numSequencePoints="1" visitedSequencePoints="1" numBranchPoints="1" visitedBranchPoints="1" sequenceCoverage="100" branchCoverage="100" maxCyclomaticComplexity="1" minCyclomaticComplexity="1" maxCrapScore="1" minCrapScore="1" visitedClasses="0" numClasses="0" visitedMethods="1" numMethods="1" />
              <MetadataToken>100663302</MetadataToken>
              <Name>System.Void Log4NetAppenders.UnitTest.IoHelper::.cctor()</Name>
              <FileRef uid="2" />
              <SequencePoints>
                <SequencePoint vc="1" uspid="43" ordinal="0" offset="0" sl="8" sc="9" el="8" ec="114" bec="0" bev="0" fileid="2" />
              </SequencePoints>
              <BranchPoints />
              <MethodPoint xsi:type="SequencePoint" vc="1" uspid="43" ordinal="0" offset="0" sl="8" sc="9" el="8" ec="114" bec="0" bev="0" fileid="2" />
            </Method>
          </Methods>
        </Class>
        <Class>
          <Summary numSequencePoints="127" visitedSequencePoints="111" numBranchPoints="20" visitedBranchPoints="17" sequenceCoverage="87.40" branchCoverage="85" maxCyclomaticComplexity="5" minCyclomaticComplexity="1" maxCrapScore="5.36" minCrapScore="1" visitedClasses="1" numClasses="1" visitedMethods="10" numMethods="10" />
          <FullName>Log4NetAppenders.UnitTest.MockServer</FullName>
          <Methods>
            <Method visited="true" cyclomaticComplexity="3" nPathComplexity="2" sequenceCoverage="91.67" branchCoverage="66.67" crapScore="3.01" isConstructor="false" isStatic="false" isGetter="false" isSetter="false">
              <Summary numSequencePoints="12" visitedSequencePoints="11" numBranchPoints="3" visitedBranchPoints="2" sequenceCoverage="91.67" branchCoverage="66.67" maxCyclomaticComplexity="3" minCyclomaticComplexity="3" maxCrapScore="3.01" minCrapScore="3.01" visitedClasses="0" numClasses="0" visitedMethods="1" numMethods="1" />
              <MetadataToken>100663303</MetadataToken>
              <Name>System.Void Log4NetAppenders.UnitTest.MockServer::Start(System.Int32,System.String)</Name>
              <FileRef uid="3" />
              <SequencePoints>
                <SequencePoint vc="2" uspid="44" ordinal="0" offset="0" sl="24" sc="9" el="24" ec="10" bec="0" bev="0" fileid="3" />
                <SequencePoint vc="2" uspid="45" ordinal="1" offset="1" sl="25" sc="13" el="25" ec="73" bec="0" bev="0" fileid="3" />
                <SequencePoint vc="2" uspid="46" ordinal="2" offset="12" sl="26" sc="13" el="26" ec="25" bec="0" bev="0" fileid="3" />
                <SequencePoint vc="2" uspid="47" ordinal="3" offset="30" sl="27" sc="13" el="27" ec="14" bec="0" bev="0" fileid="3" />
                <SequencePoint vc="2" uspid="48" ordinal="4" offset="31" sl="28" sc="17" el="28" ec="45" bec="2" bev="1" fileid="3" />
                <SequencePoint vc="0" uspid="49" ordinal="5" offset="44" sl="29" sc="21" el="29" ec="59" bec="0" bev="0" fileid="3" />
                <SequencePoint vc="2" uspid="50" ordinal="6" offset="50" sl="31" sc="17" el="31" ec="30" bec="0" bev="0" fileid="3" />
                <SequencePoint vc="2" uspid="51" ordinal="7" offset="57" sl="32" sc="17" el="32" ec="76" bec="0" bev="0" fileid="3" />
                <SequencePoint vc="2" uspid="52" ordinal="8" offset="69" sl="34" sc="17" el="34" ec="54" bec="0" bev="0" fileid="3" />
                <SequencePoint vc="2" uspid="53" ordinal="9" offset="92" sl="35" sc="17" el="35" ec="41" bec="0" bev="0" fileid="3" />
                <SequencePoint vc="2" uspid="54" ordinal="10" offset="104" sl="36" sc="13" el="36" ec="14" bec="0" bev="0" fileid="3" />
                <SequencePoint vc="2" uspid="55" ordinal="11" offset="118" sl="37" sc="9" el="37" ec="10" bec="0" bev="0" fileid="3" />
              </SequencePoints>
              <BranchPoints>
                <BranchPoint vc="0" uspid="56" ordinal="0" offset="42" sl="28" path="0" offsetend="44" fileid="3" />
                <BranchPoint vc="2" uspid="57" ordinal="1" offset="42" sl="28" path="1" offsetend="50" fileid="3" />
              </BranchPoints>
              <MethodPoint xsi:type="SequencePoint" vc="2" uspid="44" ordinal="0" offset="0" sl="24" sc="9" el="24" ec="10" bec="0" bev="0" fileid="3" />
            </Method>
            <Method visited="true" cyclomaticComplexity="4" nPathComplexity="4" sequenceCoverage="93.33" branchCoverage="60" crapScore="4.00" isConstructor="false" isStatic="false" isGetter="false" isSetter="false">
              <Summary numSequencePoints="15" visitedSequencePoints="14" numBranchPoints="5" visitedBranchPoints="3" sequenceCoverage="93.33" branchCoverage="60" maxCyclomaticComplexity="4" minCyclomaticComplexity="4" maxCrapScore="4.00" minCrapScore="4.00" visitedClasses="0" numClasses="0" visitedMethods="1" numMethods="1" />
              <MetadataToken>100663304</MetadataToken>
              <Name>System.Void Log4NetAppenders.UnitTest.MockServer::Stop()</Name>
              <FileRef uid="3" />
              <SequencePoints>
                <SequencePoint vc="2" uspid="58" ordinal="0" offset="0" sl="40" sc="9" el="40" ec="10" bec="0" bev="0" fileid="3" />
                <SequencePoint vc="2" uspid="59" ordinal="1" offset="1" sl="41" sc="13" el="41" ec="72" bec="0" bev="0" fileid="3" />
                <SequencePoint vc="2" uspid="60" ordinal="2" offset="12" sl="42" sc="13" el="42" ec="25" bec="0" bev="0" fileid="3" />
                <SequencePoint vc="2" uspid="61" ordinal="3" offset="30" sl="43" sc="13" el="43" ec="14" bec="0" bev="0" fileid="3" />
                <SequencePoint vc="2" uspid="62" ordinal="4" offset="31" sl="44" sc="17" el="44" ec="39" bec="2" bev="1" fileid="3" />
                <SequencePoint vc="2" uspid="63" ordinal="5" offset="44" sl="45" sc="17" el="45" ec="18" bec="0" bev="0" fileid="3" />
                <SequencePoint vc="2" uspid="64" ordinal="6" offset="45" sl="46" sc="21" el="46" ec="38" bec="0" bev="0" fileid="3" />
                <SequencePoint vc="2" uspid="65" ordinal="7" offset="57" sl="47" sc="21" el="47" ec="38" bec="0" bev="0" fileid="3" />
                <SequencePoint vc="2" uspid="66" ordinal="8" offset="64" sl="48" sc="17" el="48" ec="18" bec="0" bev="0" fileid="3" />
                <SequencePoint vc="2" uspid="67" ordinal="9" offset="65" sl="50" sc="17" el="50" ec="41" bec="0" bev="0" fileid="3" />
                <SequencePoint vc="2" uspid="68" ordinal="10" offset="73" sl="52" sc="17" el="52" ec="68" bec="2" bev="1" fileid="3" />
                <SequencePoint vc="0" uspid="69" ordinal="11" offset="105" sl="53" sc="21" el="53" ec="45" bec="0" bev="0" fileid="3" />
                <SequencePoint vc="2" uspid="70" ordinal="12" offset="117" sl="54" sc="17" el="54" ec="40" bec="0" bev="0" fileid="3" />
                <SequencePoint vc="2" uspid="71" ordinal="13" offset="124" sl="55" sc="13" el="55" ec="14" bec="0" bev="0" fileid="3" />
                <SequencePoint vc="2" uspid="72" ordinal="14" offset="138" sl="56" sc="9" el="56" ec="10" bec="0" bev="0" fileid="3" />
              </SequencePoints>
              <BranchPoints>
                <BranchPoint vc="2" uspid="73" ordinal="0" offset="42" sl="44" path="0" offsetend="44" fileid="3" />
                <BranchPoint vc="0" uspid="74" ordinal="1" offset="42" sl="44" path="1" offsetend="65" fileid="3" />
                <BranchPoint vc="0" uspid="75" ordinal="2" offset="103" sl="52" path="0" offsetend="105" fileid="3" />
                <BranchPoint vc="2" uspid="76" ordinal="3" offset="103" sl="52" path="1" offsetend="117" fileid="3" />
              </BranchPoints>
              <MethodPoint xsi:type="SequencePoint" vc="2" uspid="58" ordinal="0" offset="0" sl="40" sc="9" el="40" ec="10" bec="0" bev="0" fileid="3" />
            </Method>
            <Method visited="true" cyclomaticComplexity="4" nPathComplexity="2" sequenceCoverage="100" branchCoverage="100" crapScore="4" isConstructor="false" isStatic="false" isGetter="false" isSetter="false">
              <Summary numSequencePoints="15" visitedSequencePoints="15" numBranchPoints="3" visitedBranchPoints="3" sequenceCoverage="100" branchCoverage="100" maxCyclomaticComplexity="4" minCyclomaticComplexity="4" maxCrapScore="4" minCrapScore="4" visitedClasses="0" numClasses="0" visitedMethods="1" numMethods="1" />
              <MetadataToken>100663305</MetadataToken>
              <Name>System.Void Log4NetAppenders.UnitTest.MockServer::CloseConnections(System.Boolean)</Name>
              <FileRef uid="3" />
              <SequencePoints>
                <SequencePoint vc="3" uspid="77" ordinal="0" offset="0" sl="59" sc="9" el="59" ec="10" bec="0" bev="0" fileid="3" />
                <SequencePoint vc="3" uspid="78" ordinal="1" offset="1" sl="60" sc="13" el="60" ec="23" bec="2" bev="2" fileid="3" />
                <SequencePoint vc="1" uspid="79" ordinal="2" offset="6" sl="61" sc="17" el="61" ec="88" bec="0" bev="0" fileid="3" />
                <SequencePoint vc="3" uspid="80" ordinal="3" offset="17" sl="63" sc="13" el="63" ec="25" bec="0" bev="0" fileid="3" />
                <SequencePoint vc="3" uspid="81" ordinal="4" offset="35" sl="64" sc="13" el="64" ec="14" bec="0" bev="0" fileid="3" />
                <SequencePoint vc="3" uspid="82" ordinal="5" offset="36" sl="65" sc="17" el="65" ec="24" bec="0" bev="0" fileid="3" />
                <SequencePoint vc="3" uspid="83" ordinal="6" offset="37" sl="65" sc="44" el="65" ec="56" bec="0" bev="0" fileid="3" />
                <SequencePoint vc="49" uspid="84" ordinal="7" offset="51" sl="65" sc="26" el="65" ec="40" bec="0" bev="0" fileid="3" />
                <SequencePoint vc="49" uspid="85" ordinal="8" offset="60" sl="66" sc="17" el="66" ec="18" bec="0" bev="0" fileid="3" />
                <SequencePoint vc="49" uspid="86" ordinal="9" offset="61" sl="67" sc="21" el="67" ec="40" bec="0" bev="0" fileid="3" />
                <SequencePoint vc="49" uspid="87" ordinal="10" offset="69" sl="68" sc="17" el="68" ec="18" bec="0" bev="0" fileid="3" />
                <SequencePoint vc="52" uspid="88" ordinal="11" offset="70" sl="65" sc="41" el="65" ec="43" bec="0" bev="0" fileid="3" />
                <SequencePoint vc="3" uspid="89" ordinal="12" offset="96" sl="69" sc="17" el="69" ec="38" bec="0" bev="0" fileid="3" />
                <SequencePoint vc="3" uspid="90" ordinal="13" offset="108" sl="70" sc="13" el="70" ec="14" bec="0" bev="0" fileid="3" />
                <SequencePoint vc="3" uspid="91" ordinal="14" offset="122" sl="71" sc="9" el="71" ec="10" bec="0" bev="0" fileid="3" />
              </SequencePoints>
              <BranchPoints>
                <BranchPoint vc="1" uspid="92" ordinal="0" offset="4" sl="60" path="0" offsetend="6" fileid="3" />
                <BranchPoint vc="2" uspid="93" ordinal="1" offset="4" sl="60" path="1" offsetend="17" fileid="3" />
              </BranchPoints>
              <MethodPoint xsi:type="SequencePoint" vc="3" uspid="77" ordinal="0" offset="0" sl="59" sc="9" el="59" ec="10" bec="0" bev="0" fileid="3" />
            </Method>
            <Method visited="true" cyclomaticComplexity="1" nPathComplexity="0" sequenceCoverage="100" branchCoverage="100" crapScore="1" isConstructor="false" isStatic="false" isGetter="false" isSetter="false">
              <Summary numSequencePoints="3" visitedSequencePoints="3" numBranchPoints="1" visitedBranchPoints="1" sequenceCoverage="100" branchCoverage="100" maxCyclomaticComplexity="1" minCyclomaticComplexity="1" maxCrapScore="1" minCrapScore="1" visitedClasses="0" numClasses="0" visitedMethods="1" numMethods="1" />
              <MetadataToken>100663306</MetadataToken>
              <Name>System.Void Log4NetAppenders.UnitTest.MockServer::Dispose()</Name>
              <FileRef uid="3" />
              <SequencePoints>
                <SequencePoint vc="2" uspid="96" ordinal="0" offset="0" sl="74" sc="9" el="74" ec="10" bec="0" bev="0" fileid="3" />
                <SequencePoint vc="2" uspid="97" ordinal="1" offset="1" sl="75" sc="13" el="75" ec="20" bec="0" bev="0" fileid="3" />
                <SequencePoint vc="2" uspid="98" ordinal="2" offset="8" sl="76" sc="9" el="76" ec="10" bec="0" bev="0" fileid="3" />
              </SequencePoints>
              <BranchPoints />
              <MethodPoint xsi:type="SequencePoint" vc="2" uspid="96" ordinal="0" offset="0" sl="74" sc="9" el="74" ec="10" bec="0" bev="0" fileid="3" />
            </Method>
            <Method visited="true" cyclomaticComplexity="1" nPathComplexity="0" sequenceCoverage="76.47" branchCoverage="100" crapScore="1.01" isConstructor="false" isStatic="false" isGetter="false" isSetter="false">
              <Summary numSequencePoints="17" visitedSequencePoints="13" numBranchPoints="1" visitedBranchPoints="1" sequenceCoverage="76.47" branchCoverage="100" maxCyclomaticComplexity="1" minCyclomaticComplexity="1" maxCrapScore="1.01" minCrapScore="1.01" visitedClasses="0" numClasses="0" visitedMethods="1" numMethods="1" />
              <MetadataToken>100663307</MetadataToken>
              <Name>System.Void Log4NetAppenders.UnitTest.MockServer::Listen()</Name>
              <FileRef uid="3" />
              <SequencePoints>
                <SequencePoint vc="2" uspid="99" ordinal="0" offset="0" sl="79" sc="9" el="79" ec="10" bec="0" bev="0" fileid="3" />
                <SequencePoint vc="2" uspid="100" ordinal="1" offset="1" sl="81" sc="13" el="81" ec="14" bec="0" bev="0" fileid="3" />
                <SequencePoint vc="2" uspid="101" ordinal="2" offset="2" sl="82" sc="17" el="82" ec="67" bec="0" bev="0" fileid="3" />
                <SequencePoint vc="2" uspid="102" ordinal="3" offset="24" sl="83" sc="17" el="83" ec="35" bec="0" bev="0" fileid="3" />
                <SequencePoint vc="76" uspid="103" ordinal="4" offset="38" sl="86" sc="17" el="86" ec="18" bec="0" bev="0" fileid="3" />
                <SequencePoint vc="76" uspid="104" ordinal="5" offset="39" sl="87" sc="21" el="87" ec="59" bec="0" bev="0" fileid="3" />
                <SequencePoint vc="75" uspid="105" ordinal="6" offset="51" sl="88" sc="21" el="88" ec="47" bec="0" bev="0" fileid="3" />
                <SequencePoint vc="75" uspid="106" ordinal="7" offset="59" sl="89" sc="17" el="89" ec="18" bec="0" bev="0" fileid="3" />
                <SequencePoint vc="76" uspid="107" ordinal="8" offset="60" sl="85" sc="17" el="85" ec="29" bec="0" bev="0" fileid="3" />
                <SequencePoint vc="2" uspid="108" ordinal="9" offset="64" sl="91" sc="13" el="91" ec="36" bec="0" bev="0" fileid="3" />
                <SequencePoint vc="2" uspid="109" ordinal="10" offset="65" sl="92" sc="13" el="92" ec="14" bec="0" bev="0" fileid="3" />
                <SequencePoint vc="2" uspid="110" ordinal="11" offset="66" sl="92" sc="15" el="92" ec="16" bec="0" bev="0" fileid="3" />
                <SequencePoint vc="0" uspid="111" ordinal="12" offset="69" sl="93" sc="13" el="93" ec="34" bec="0" bev="0" fileid="3" />
                <SequencePoint vc="0" uspid="112" ordinal="13" offset="70" sl="94" sc="13" el="94" ec="14" bec="0" bev="0" fileid="3" />
                <SequencePoint vc="0" uspid="113" ordinal="14" offset="71" sl="95" sc="17" el="95" ec="38" bec="0" bev="0" fileid="3" />
                <SequencePoint vc="0" uspid="114" ordinal="15" offset="78" sl="96" sc="13" el="96" ec="14" bec="0" bev="0" fileid="3" />
                <SequencePoint vc="2" uspid="115" ordinal="16" offset="81" sl="97" sc="9" el="97" ec="10" bec="0" bev="0" fileid="3" />
              </SequencePoints>
              <BranchPoints />
              <MethodPoint xsi:type="SequencePoint" vc="2" uspid="99" ordinal="0" offset="0" sl="79" sc="9" el="79" ec="10" bec="0" bev="0" fileid="3" />
            </Method>
            <Method visited="true" cyclomaticComplexity="2" nPathComplexity="0" sequenceCoverage="100" branchCoverage="100" crapScore="2" isConstructor="false" isStatic="false" isGetter="false" isSetter="false">
              <Summary numSequencePoints="10" visitedSequencePoints="10" numBranchPoints="1" visitedBranchPoints="1" sequenceCoverage="100" branchCoverage="100" maxCyclomaticComplexity="2" minCyclomaticComplexity="2" maxCrapScore="2" minCrapScore="2" visitedClasses="0" numClasses="0" visitedMethods="1" numMethods="1" />
              <MetadataToken>100663308</MetadataToken>
              <Name>System.Void Log4NetAppenders.UnitTest.MockServer::ProcessConnection(System.Net.Sockets.Socket)</Name>
              <FileRef uid="3" />
              <SequencePoints>
                <SequencePoint vc="75" uspid="116" ordinal="0" offset="0" sl="100" sc="9" el="100" ec="10" bec="0" bev="0" fileid="3" />
                <SequencePoint vc="75" uspid="117" ordinal="1" offset="1" sl="101" sc="13" el="101" ec="25" bec="0" bev="0" fileid="3" />
                <SequencePoint vc="75" uspid="118" ordinal="2" offset="19" sl="102" sc="13" el="102" ec="14" bec="0" bev="0" fileid="3" />
                <SequencePoint vc="75" uspid="119" ordinal="3" offset="20" sl="103" sc="17" el="103" ec="56" bec="0" bev="0" fileid="3" />
                <SequencePoint vc="75" uspid="120" ordinal="4" offset="27" sl="104" sc="17" el="104" ec="73" bec="0" bev="0" fileid="3" />
                <SequencePoint vc="75" uspid="121" ordinal="5" offset="35" sl="105" sc="17" el="105" ec="50" bec="0" bev="0" fileid="3" />
                <SequencePoint vc="75" uspid="122" ordinal="6" offset="48" sl="107" sc="17" el="107" ec="64" bec="0" bev="0" fileid="3" />
                <SequencePoint vc="75" uspid="123" ordinal="7" offset="67" sl="108" sc="17" el="108" ec="46" bec="0" bev="0" fileid="3" />
                <SequencePoint vc="75" uspid="124" ordinal="8" offset="76" sl="109" sc="13" el="109" ec="14" bec="0" bev="0" fileid="3" />
                <SequencePoint vc="75" uspid="125" ordinal="9" offset="90" sl="110" sc="9" el="110" ec="10" bec="0" bev="0" fileid="3" />
              </SequencePoints>
              <BranchPoints />
              <MethodPoint xsi:type="SequencePoint" vc="75" uspid="116" ordinal="0" offset="0" sl="100" sc="9" el="100" ec="10" bec="0" bev="0" fileid="3" />
            </Method>
            <Method visited="true" cyclomaticComplexity="5" nPathComplexity="2" sequenceCoverage="75.61" branchCoverage="100" crapScore="5.36" isConstructor="false" isStatic="false" isGetter="false" isSetter="false">
              <Summary numSequencePoints="41" visitedSequencePoints="31" numBranchPoints="3" visitedBranchPoints="3" sequenceCoverage="75.61" branchCoverage="100" maxCyclomaticComplexity="5" minCyclomaticComplexity="5" maxCrapScore="5.36" minCrapScore="5.36" visitedClasses="0" numClasses="0" visitedMethods="1" numMethods="1" />
              <MetadataToken>100663309</MetadataToken>
              <Name>System.Void Log4NetAppenders.UnitTest.MockServer::ConnectionThreadEntry(System.Object)</Name>
              <FileRef uid="3" />
              <SequencePoints>
                <SequencePoint vc="75" uspid="126" ordinal="0" offset="0" sl="113" sc="9" el="113" ec="10" bec="0" bev="0" fileid="3" />
                <SequencePoint vc="75" uspid="127" ordinal="1" offset="1" sl="115" sc="13" el="115" ec="14" bec="0" bev="0" fileid="3" />
                <SequencePoint vc="75" uspid="128" ordinal="2" offset="2" sl="116" sc="17" el="116" ec="56" bec="0" bev="0" fileid="3" />
                <SequencePoint vc="75" uspid="129" ordinal="3" offset="9" sl="118" sc="17" el="118" ec="73" bec="0" bev="0" fileid="3" />
                <SequencePoint vc="75" uspid="130" ordinal="4" offset="22" sl="120" sc="17" el="120" ec="18" bec="0" bev="0" fileid="3" />
                <SequencePoint vc="75" uspid="131" ordinal="5" offset="23" sl="121" sc="21" el="121" ec="104" bec="0" bev="0" fileid="3" />
                <SequencePoint vc="69" uspid="132" ordinal="6" offset="43" sl="123" sc="28" el="123" ec="68" bec="0" bev="0" fileid="3" />
                <SequencePoint vc="69" uspid="133" ordinal="7" offset="50" sl="124" sc="21" el="124" ec="22" bec="0" bev="0" fileid="3" />
                <SequencePoint vc="105" uspid="134" ordinal="8" offset="53" sl="126" sc="25" el="126" ec="26" bec="0" bev="0" fileid="3" />
                <SequencePoint vc="105" uspid="135" ordinal="9" offset="54" sl="127" sc="29" el="127" ec="58" bec="0" bev="0" fileid="3" />
                <SequencePoint vc="60" uspid="136" ordinal="10" offset="61" sl="128" sc="29" el="128" ec="46" bec="2" bev="2" fileid="3" />
                <SequencePoint vc="24" uspid="137" ordinal="11" offset="71" sl="129" sc="33" el="129" ec="39" bec="0" bev="0" fileid="3" />
                <SequencePoint vc="36" uspid="138" ordinal="12" offset="73" sl="131" sc="29" el="131" ec="41" bec="0" bev="0" fileid="3" />
                <SequencePoint vc="36" uspid="139" ordinal="13" offset="94" sl="132" sc="29" el="132" ec="30" bec="0" bev="0" fileid="3" />
                <SequencePoint vc="36" uspid="140" ordinal="14" offset="95" sl="133" sc="33" el="133" ec="53" bec="0" bev="0" fileid="3" />
                <SequencePoint vc="36" uspid="141" ordinal="15" offset="108" sl="134" sc="29" el="134" ec="30" bec="0" bev="0" fileid="3" />
                <SequencePoint vc="36" uspid="142" ordinal="16" offset="124" sl="135" sc="29" el="135" ec="60" bec="0" bev="0" fileid="3" />
                <SequencePoint vc="36" uspid="143" ordinal="17" offset="141" sl="136" sc="25" el="136" ec="26" bec="0" bev="0" fileid="3" />
                <SequencePoint vc="105" uspid="144" ordinal="18" offset="142" sl="125" sc="25" el="125" ec="37" bec="0" bev="0" fileid="3" />
                <SequencePoint vc="24" uspid="145" ordinal="19" offset="147" sl="137" sc="21" el="137" ec="22" bec="0" bev="0" fileid="3" />
                <SequencePoint vc="24" uspid="146" ordinal="20" offset="161" sl="138" sc="17" el="138" ec="18" bec="0" bev="0" fileid="3" />
                <SequencePoint vc="0" uspid="147" ordinal="21" offset="164" sl="139" sc="17" el="139" ec="48" bec="0" bev="0" fileid="3" />
                <SequencePoint vc="0" uspid="148" ordinal="22" offset="165" sl="140" sc="17" el="140" ec="18" bec="0" bev="0" fileid="3" />
                <SequencePoint vc="0" uspid="149" ordinal="23" offset="166" sl="140" sc="19" el="140" ec="20" bec="0" bev="0" fileid="3" />
                <SequencePoint vc="0" uspid="150" ordinal="24" offset="169" sl="141" sc="17" el="141" ec="40" bec="0" bev="0" fileid="3" />
                <SequencePoint vc="0" uspid="151" ordinal="25" offset="170" sl="142" sc="17" el="142" ec="18" bec="0" bev="0" fileid="3" />
                <SequencePoint vc="0" uspid="152" ordinal="26" offset="171" sl="142" sc="19" el="142" ec="20" bec="0" bev="0" fileid="3" />
                <SequencePoint vc="51" uspid="153" ordinal="27" offset="174" sl="143" sc="17" el="143" ec="36" bec="0" bev="0" fileid="3" />
                <SequencePoint vc="51" uspid="154" ordinal="28" offset="175" sl="144" sc="17" el="144" ec="18" bec="0" bev="0" fileid="3" />
                <SequencePoint vc="51" uspid="155" ordinal="29" offset="176" sl="144" sc="19" el="144" ec="20" bec="0" bev="0" fileid="3" />
                <SequencePoint vc="75" uspid="156" ordinal="30" offset="179" sl="146" sc="17" el="146" ec="29" bec="0" bev="0" fileid="3" />
                <SequencePoint vc="75" uspid="157" ordinal="31" offset="200" sl="147" sc="17" el="147" ec="18" bec="0" bev="0" fileid="3" />
                <SequencePoint vc="75" uspid="158" ordinal="32" offset="201" sl="148" sc="21" el="148" ec="40" bec="0" bev="0" fileid="3" />
                <SequencePoint vc="75" uspid="159" ordinal="33" offset="208" sl="149" sc="21" el="149" ec="53" bec="0" bev="0" fileid="3" />
                <SequencePoint vc="75" uspid="160" ordinal="34" offset="221" sl="150" sc="17" el="150" ec="18" bec="0" bev="0" fileid="3" />
                <SequencePoint vc="75" uspid="161" ordinal="35" offset="237" sl="151" sc="13" el="151" ec="14" bec="0" bev="0" fileid="3" />
                <SequencePoint vc="0" uspid="162" ordinal="36" offset="240" sl="152" sc="13" el="152" ec="34" bec="0" bev="0" fileid="3" />
                <SequencePoint vc="0" uspid="163" ordinal="37" offset="242" sl="153" sc="13" el="153" ec="14" bec="0" bev="0" fileid="3" />
                <SequencePoint vc="0" uspid="164" ordinal="38" offset="243" sl="154" sc="17" el="154" ec="38" bec="0" bev="0" fileid="3" />
                <SequencePoint vc="0" uspid="165" ordinal="39" offset="251" sl="155" sc="13" el="155" ec="14" bec="0" bev="0" fileid="3" />
                <SequencePoint vc="75" uspid="166" ordinal="40" offset="254" sl="156" sc="9" el="156" ec="10" bec="0" bev="0" fileid="3" />
              </SequencePoints>
              <BranchPoints>
                <BranchPoint vc="24" uspid="167" ordinal="0" offset="69" sl="128" path="0" offsetchain="71" offsetend="147" fileid="3" />
                <BranchPoint vc="36" uspid="168" ordinal="1" offset="69" sl="128" path="1" offsetend="73" fileid="3" />
              </BranchPoints>
              <MethodPoint xsi:type="SequencePoint" vc="75" uspid="126" ordinal="0" offset="0" sl="113" sc="9" el="113" ec="10" bec="0" bev="0" fileid="3" />
            </Method>
            <Method visited="true" cyclomaticComplexity="2" nPathComplexity="0" sequenceCoverage="100" branchCoverage="100" crapScore="2" isConstructor="false" isStatic="false" isGetter="false" isSetter="false">
              <Summary numSequencePoints="5" visitedSequencePoints="5" numBranchPoints="1" visitedBranchPoints="1" sequenceCoverage="100" branchCoverage="100" maxCyclomaticComplexity="2" minCyclomaticComplexity="2" maxCrapScore="2" minCrapScore="2" visitedClasses="0" numClasses="0" visitedMethods="1" numMethods="1" />
              <MetadataToken>100663310</MetadataToken>
              <Name>System.Collections.Generic.List`1&lt;System.String&gt; Log4NetAppenders.UnitTest.MockServer::GetMessages()</Name>
              <FileRef uid="3" />
              <SequencePoints>
                <SequencePoint vc="6" uspid="169" ordinal="0" offset="0" sl="159" sc="9" el="159" ec="10" bec="0" bev="0" fileid="3" />
                <SequencePoint vc="6" uspid="170" ordinal="1" offset="1" sl="160" sc="13" el="160" ec="25" bec="0" bev="0" fileid="3" />
                <SequencePoint vc="6" uspid="171" ordinal="2" offset="19" sl="161" sc="13" el="161" ec="14" bec="0" bev="0" fileid="3" />
                <SequencePoint vc="6" uspid="172" ordinal="3" offset="20" sl="162" sc="17" el="162" ec="52" bec="0" bev="0" fileid="3" />
                <SequencePoint vc="6" uspid="173" ordinal="4" offset="45" sl="164" sc="9" el="164" ec="10" bec="0" bev="0" fileid="3" />
              </SequencePoints>
              <BranchPoints />
              <MethodPoint xsi:type="SequencePoint" vc="6" uspid="169" ordinal="0" offset="0" sl="159" sc="9" el="159" ec="10" bec="0" bev="0" fileid="3" />
            </Method>
            <Method visited="true" cyclomaticComplexity="2" nPathComplexity="0" sequenceCoverage="100" branchCoverage="100" crapScore="2" isConstructor="false" isStatic="false" isGetter="false" isSetter="false">
              <Summary numSequencePoints="6" visitedSequencePoints="6" numBranchPoints="1" visitedBranchPoints="1" sequenceCoverage="100" branchCoverage="100" maxCyclomaticComplexity="2" minCyclomaticComplexity="2" maxCrapScore="2" minCrapScore="2" visitedClasses="0" numClasses="0" visitedMethods="1" numMethods="1" />
              <MetadataToken>100663311</MetadataToken>
              <Name>System.Void Log4NetAppenders.UnitTest.MockServer::ClearMessages()</Name>
              <FileRef uid="3" />
              <SequencePoints>
                <SequencePoint vc="2" uspid="174" ordinal="0" offset="0" sl="167" sc="9" el="167" ec="10" bec="0" bev="0" fileid="3" />
                <SequencePoint vc="2" uspid="175" ordinal="1" offset="1" sl="168" sc="13" el="168" ec="25" bec="0" bev="0" fileid="3" />
                <SequencePoint vc="2" uspid="176" ordinal="2" offset="19" sl="169" sc="13" el="169" ec="14" bec="0" bev="0" fileid="3" />
                <SequencePoint vc="2" uspid="177" ordinal="3" offset="20" sl="170" sc="17" el="170" ec="35" bec="0" bev="0" fileid="3" />
                <SequencePoint vc="2" uspid="178" ordinal="4" offset="32" sl="171" sc="13" el="171" ec="14" bec="0" bev="0" fileid="3" />
                <SequencePoint vc="2" uspid="179" ordinal="5" offset="46" sl="172" sc="9" el="172" ec="10" bec="0" bev="0" fileid="3" />
              </SequencePoints>
              <BranchPoints />
              <MethodPoint xsi:type="SequencePoint" vc="2" uspid="174" ordinal="0" offset="0" sl="167" sc="9" el="167" ec="10" bec="0" bev="0" fileid="3" />
            </Method>
            <Method visited="true" cyclomaticComplexity="1" nPathComplexity="0" sequenceCoverage="100" branchCoverage="100" crapScore="1" isConstructor="true" isStatic="false" isGetter="false" isSetter="false">
              <Summary numSequencePoints="3" visitedSequencePoints="3" numBranchPoints="1" visitedBranchPoints="1" sequenceCoverage="100" branchCoverage="100" maxCyclomaticComplexity="1" minCyclomaticComplexity="1" maxCrapScore="1" minCrapScore="1" visitedClasses="0" numClasses="0" visitedMethods="1" numMethods="1" />
              <MetadataToken>100663312</MetadataToken>
              <Name>System.Void Log4NetAppenders.UnitTest.MockServer::.ctor()</Name>
              <FileRef uid="3" />
              <SequencePoints>
                <SequencePoint vc="2" uspid="180" ordinal="0" offset="0" sl="174" sc="9" el="174" ec="46" bec="0" bev="0" fileid="3" />
                <SequencePoint vc="2" uspid="181" ordinal="1" offset="11" sl="179" sc="9" el="179" ec="95" bec="0" bev="0" fileid="3" />
                <SequencePoint vc="2" uspid="182" ordinal="2" offset="22" sl="182" sc="9" el="182" ec="62" bec="0" bev="0" fileid="3" />
              </SequencePoints>
              <BranchPoints />
              <MethodPoint xsi:type="SequencePoint" vc="2" uspid="180" ordinal="0" offset="0" sl="174" sc="9" el="174" ec="46" bec="0" bev="0" fileid="3" />
            </Method>
          </Methods>
        </Class>
        <Class>
          <Summary numSequencePoints="351" visitedSequencePoints="335" numBranchPoints="28" visitedBranchPoints="28" sequenceCoverage="95.44" branchCoverage="100" maxCyclomaticComplexity="3" minCyclomaticComplexity="1" maxCrapScore="3" minCrapScore="1" visitedClasses="1" numClasses="1" visitedMethods="24" numMethods="24" />
          <FullName>Log4NetAppenders.UnitTest.RemoteSyslogAsyncSSLAppenderTest</FullName>
          <Methods>
            <Method visited="true" cyclomaticComplexity="1" nPathComplexity="0" sequenceCoverage="100" branchCoverage="100" crapScore="1" isConstructor="false" isStatic="true" isGetter="false" isSetter="false">
              <Summary numSequencePoints="4" visitedSequencePoints="4" numBranchPoints="1" visitedBranchPoints="1" sequenceCoverage="100" branchCoverage="100" maxCyclomaticComplexity="1" minCyclomaticComplexity="1" maxCrapScore="1" minCrapScore="1" visitedClasses="0" numClasses="0" visitedMethods="1" numMethods="1" />
              <MetadataToken>100663313</MetadataToken>
              <Name>System.String Log4NetAppenders.UnitTest.RemoteSyslogAsyncSSLAppenderTest::FormatMessage(System.String)</Name>
              <FileRef uid="4" />
              <SequencePoints>
                <SequencePoint vc="12" uspid="183" ordinal="0" offset="0" sl="37" sc="9" el="37" ec="10" bec="0" bev="0" fileid="4" />
                <SequencePoint vc="12" uspid="184" ordinal="1" offset="1" sl="38" sc="13" el="38" ec="53" bec="0" bev="0" fileid="4" />
                <SequencePoint vc="12" uspid="185" ordinal="2" offset="23" sl="39" sc="13" el="39" ec="28" bec="0" bev="0" fileid="4" />
                <SequencePoint vc="12" uspid="186" ordinal="3" offset="27" sl="40" sc="9" el="40" ec="10" bec="0" bev="0" fileid="4" />
              </SequencePoints>
              <BranchPoints />
              <MethodPoint xsi:type="SequencePoint" vc="12" uspid="183" ordinal="0" offset="0" sl="37" sc="9" el="37" ec="10" bec="0" bev="0" fileid="4" />
            </Method>
            <Method visited="true" cyclomaticComplexity="1" nPathComplexity="0" sequenceCoverage="100" branchCoverage="100" crapScore="1" isConstructor="false" isStatic="true" isGetter="false" isSetter="false">
              <Summary numSequencePoints="11" visitedSequencePoints="11" numBranchPoints="1" visitedBranchPoints="1" sequenceCoverage="100" branchCoverage="100" maxCyclomaticComplexity="1" minCyclomaticComplexity="1" maxCrapScore="1" minCrapScore="1" visitedClasses="0" numClasses="0" visitedMethods="1" numMethods="1" />
              <MetadataToken>100663314</MetadataToken>
              <Name>System.Void Log4NetAppenders.UnitTest.RemoteSyslogAsyncSSLAppenderTest::CreateAppender()</Name>
              <FileRef uid="4" />
              <SequencePoints>
                <SequencePoint vc="1" uspid="187" ordinal="0" offset="0" sl="43" sc="9" el="43" ec="10" bec="0" bev="0" fileid="4" />
                <SequencePoint vc="1" uspid="188" ordinal="1" offset="1" sl="44" sc="13" el="44" ec="60" bec="0" bev="0" fileid="4" />
                <SequencePoint vc="1" uspid="189" ordinal="2" offset="12" sl="45" sc="13" el="45" ec="38" bec="0" bev="0" fileid="4" />
                <SequencePoint vc="1" uspid="190" ordinal="3" offset="19" sl="47" sc="13" el="56" ec="15" bec="0" bev="0" fileid="4" />
                <SequencePoint vc="1" uspid="191" ordinal="4" offset="108" sl="57" sc="13" el="57" ec="40" bec="0" bev="0" fileid="4" />
                <SequencePoint vc="1" uspid="192" ordinal="5" offset="115" sl="59" sc="13" el="63" ec="15" bec="0" bev="0" fileid="4" />
                <SequencePoint vc="1" uspid="193" ordinal="6" offset="141" sl="64" sc="13" el="64" ec="44" bec="0" bev="0" fileid="4" />
                <SequencePoint vc="1" uspid="194" ordinal="7" offset="148" sl="66" sc="13" el="66" ec="65" bec="0" bev="0" fileid="4" />
                <SequencePoint vc="1" uspid="195" ordinal="8" offset="168" sl="68" sc="13" el="68" ec="34" bec="0" bev="0" fileid="4" />
                <SequencePoint vc="1" uspid="196" ordinal="9" offset="174" sl="69" sc="13" el="69" ec="79" bec="0" bev="0" fileid="4" />
                <SequencePoint vc="1" uspid="197" ordinal="10" offset="194" sl="70" sc="9" el="70" ec="10" bec="0" bev="0" fileid="4" />
              </SequencePoints>
              <BranchPoints />
              <MethodPoint xsi:type="SequencePoint" vc="1" uspid="187" ordinal="0" offset="0" sl="43" sc="9" el="43" ec="10" bec="0" bev="0" fileid="4" />
            </Method>
            <Method visited="true" cyclomaticComplexity="1" nPathComplexity="0" sequenceCoverage="100" branchCoverage="100" crapScore="1" isConstructor="false" isStatic="true" isGetter="false" isSetter="false">
              <Summary numSequencePoints="4" visitedSequencePoints="4" numBranchPoints="1" visitedBranchPoints="1" sequenceCoverage="100" branchCoverage="100" maxCyclomaticComplexity="1" minCyclomaticComplexity="1" maxCrapScore="1" minCrapScore="1" visitedClasses="0" numClasses="0" visitedMethods="1" numMethods="1" />
              <MetadataToken>100663315</MetadataToken>
              <Name>System.Void Log4NetAppenders.UnitTest.RemoteSyslogAsyncSSLAppenderTest::SuiteSetUp(Microsoft.VisualStudio.TestTools.UnitTesting.TestContext)</Name>
              <FileRef uid="4" />
              <SequencePoints>
                <SequencePoint vc="1" uspid="198" ordinal="0" offset="0" sl="76" sc="9" el="76" ec="10" bec="0" bev="0" fileid="4" />
                <SequencePoint vc="1" uspid="199" ordinal="1" offset="1" sl="78" sc="13" el="78" ec="56" bec="0" bev="0" fileid="4" />
                <SequencePoint vc="1" uspid="200" ordinal="2" offset="22" sl="79" sc="13" el="79" ec="30" bec="0" bev="0" fileid="4" />
                <SequencePoint vc="1" uspid="201" ordinal="3" offset="28" sl="80" sc="9" el="80" ec="10" bec="0" bev="0" fileid="4" />
              </SequencePoints>
              <BranchPoints />
              <MethodPoint xsi:type="SequencePoint" vc="1" uspid="198" ordinal="0" offset="0" sl="76" sc="9" el="76" ec="10" bec="0" bev="0" fileid="4" />
            </Method>
            <Method visited="true" cyclomaticComplexity="1" nPathComplexity="0" sequenceCoverage="100" branchCoverage="100" crapScore="1" isConstructor="false" isStatic="true" isGetter="false" isSetter="false">
              <Summary numSequencePoints="3" visitedSequencePoints="3" numBranchPoints="1" visitedBranchPoints="1" sequenceCoverage="100" branchCoverage="100" maxCyclomaticComplexity="1" minCyclomaticComplexity="1" maxCrapScore="1" minCrapScore="1" visitedClasses="0" numClasses="0" visitedMethods="1" numMethods="1" />
              <MetadataToken>100663316</MetadataToken>
              <Name>System.Void Log4NetAppenders.UnitTest.RemoteSyslogAsyncSSLAppenderTest::SuiteTearDown()</Name>
              <FileRef uid="4" />
              <SequencePoints>
                <SequencePoint vc="1" uspid="202" ordinal="0" offset="0" sl="85" sc="9" el="85" ec="10" bec="0" bev="0" fileid="4" />
                <SequencePoint vc="1" uspid="203" ordinal="1" offset="1" sl="86" sc="13" el="86" ec="31" bec="0" bev="0" fileid="4" />
                <SequencePoint vc="1" uspid="204" ordinal="2" offset="12" sl="87" sc="9" el="87" ec="10" bec="0" bev="0" fileid="4" />
              </SequencePoints>
              <BranchPoints />
              <MethodPoint xsi:type="SequencePoint" vc="1" uspid="202" ordinal="0" offset="0" sl="85" sc="9" el="85" ec="10" bec="0" bev="0" fileid="4" />
            </Method>
            <Method visited="true" cyclomaticComplexity="1" nPathComplexity="0" sequenceCoverage="100" branchCoverage="100" crapScore="1" isConstructor="false" isStatic="false" isGetter="false" isSetter="false">
              <Summary numSequencePoints="2" visitedSequencePoints="2" numBranchPoints="1" visitedBranchPoints="1" sequenceCoverage="100" branchCoverage="100" maxCyclomaticComplexity="1" minCyclomaticComplexity="1" maxCrapScore="1" minCrapScore="1" visitedClasses="0" numClasses="0" visitedMethods="1" numMethods="1" />
              <MetadataToken>100663317</MetadataToken>
              <Name>System.Void Log4NetAppenders.UnitTest.RemoteSyslogAsyncSSLAppenderTest::TestSetUp()</Name>
              <FileRef uid="4" />
              <SequencePoints>
                <SequencePoint vc="17" uspid="205" ordinal="0" offset="0" sl="92" sc="9" el="92" ec="10" bec="0" bev="0" fileid="4" />
                <SequencePoint vc="17" uspid="206" ordinal="1" offset="1" sl="94" sc="9" el="94" ec="10" bec="0" bev="0" fileid="4" />
              </SequencePoints>
              <BranchPoints />
              <MethodPoint xsi:type="SequencePoint" vc="17" uspid="205" ordinal="0" offset="0" sl="92" sc="9" el="92" ec="10" bec="0" bev="0" fileid="4" />
            </Method>
            <Method visited="true" cyclomaticComplexity="1" nPathComplexity="0" sequenceCoverage="100" branchCoverage="100" crapScore="1" isConstructor="false" isStatic="false" isGetter="false" isSetter="false">
              <Summary numSequencePoints="2" visitedSequencePoints="2" numBranchPoints="1" visitedBranchPoints="1" sequenceCoverage="100" branchCoverage="100" maxCyclomaticComplexity="1" minCyclomaticComplexity="1" maxCrapScore="1" minCrapScore="1" visitedClasses="0" numClasses="0" visitedMethods="1" numMethods="1" />
              <MetadataToken>100663318</MetadataToken>
              <Name>System.Void Log4NetAppenders.UnitTest.RemoteSyslogAsyncSSLAppenderTest::TestTearDown()</Name>
              <FileRef uid="4" />
              <SequencePoints>
                <SequencePoint vc="17" uspid="207" ordinal="0" offset="0" sl="99" sc="9" el="99" ec="10" bec="0" bev="0" fileid="4" />
                <SequencePoint vc="17" uspid="208" ordinal="1" offset="1" sl="101" sc="9" el="101" ec="10" bec="0" bev="0" fileid="4" />
              </SequencePoints>
              <BranchPoints />
              <MethodPoint xsi:type="SequencePoint" vc="17" uspid="207" ordinal="0" offset="0" sl="99" sc="9" el="99" ec="10" bec="0" bev="0" fileid="4" />
            </Method>
            <Method visited="true" cyclomaticComplexity="1" nPathComplexity="0" sequenceCoverage="100" branchCoverage="100" crapScore="1" isConstructor="false" isStatic="false" isGetter="false" isSetter="false">
              <Summary numSequencePoints="7" visitedSequencePoints="7" numBranchPoints="1" visitedBranchPoints="1" sequenceCoverage="100" branchCoverage="100" maxCyclomaticComplexity="1" minCyclomaticComplexity="1" maxCrapScore="1" minCrapScore="1" visitedClasses="0" numClasses="0" visitedMethods="1" numMethods="1" />
              <MetadataToken>100663319</MetadataToken>
              <Name>System.Void Log4NetAppenders.UnitTest.RemoteSyslogAsyncSSLAppenderTest::TestCertPathNotDefinedSkipDisableSSL()</Name>
              <FileRef uid="4" />
              <SequencePoints>
                <SequencePoint vc="1" uspid="209" ordinal="0" offset="0" sl="106" sc="9" el="106" ec="10" bec="0" bev="0" fileid="4" />
                <SequencePoint vc="1" uspid="210" ordinal="1" offset="1" sl="107" sc="13" el="107" ec="48" bec="0" bev="0" fileid="4" />
                <SequencePoint vc="1" uspid="211" ordinal="2" offset="7" sl="108" sc="13" el="113" ec="15" bec="0" bev="0" fileid="4" />
                <SequencePoint vc="1" uspid="212" ordinal="3" offset="64" sl="114" sc="13" el="114" ec="40" bec="0" bev="0" fileid="4" />
                <SequencePoint vc="1" uspid="213" ordinal="4" offset="71" sl="115" sc="13" el="115" ec="109" bec="0" bev="0" fileid="4" />
                <SequencePoint vc="1" uspid="214" ordinal="5" offset="79" sl="116" sc="13" el="116" ec="122" bec="0" bev="0" fileid="4" />
                <SequencePoint vc="1" uspid="215" ordinal="6" offset="98" sl="117" sc="9" el="117" ec="10" bec="0" bev="0" fileid="4" />
              </SequencePoints>
              <BranchPoints />
              <MethodPoint xsi:type="SequencePoint" vc="1" uspid="209" ordinal="0" offset="0" sl="106" sc="9" el="106" ec="10" bec="0" bev="0" fileid="4" />
            </Method>
            <Method visited="true" cyclomaticComplexity="1" nPathComplexity="0" sequenceCoverage="100" branchCoverage="100" crapScore="1" isConstructor="false" isStatic="false" isGetter="false" isSetter="false">
              <Summary numSequencePoints="7" visitedSequencePoints="7" numBranchPoints="1" visitedBranchPoints="1" sequenceCoverage="100" branchCoverage="100" maxCyclomaticComplexity="1" minCyclomaticComplexity="1" maxCrapScore="1" minCrapScore="1" visitedClasses="0" numClasses="0" visitedMethods="1" numMethods="1" />
              <MetadataToken>100663320</MetadataToken>
              <Name>System.Void Log4NetAppenders.UnitTest.RemoteSyslogAsyncSSLAppenderTest::TestCertPathNotValidSkipDisableSSL()</Name>
              <FileRef uid="4" />
              <SequencePoints>
                <SequencePoint vc="1" uspid="216" ordinal="0" offset="0" sl="121" sc="9" el="121" ec="10" bec="0" bev="0" fileid="4" />
                <SequencePoint vc="1" uspid="217" ordinal="1" offset="1" sl="122" sc="13" el="122" ec="48" bec="0" bev="0" fileid="4" />
                <SequencePoint vc="1" uspid="218" ordinal="2" offset="7" sl="123" sc="13" el="128" ec="15" bec="0" bev="0" fileid="4" />
                <SequencePoint vc="1" uspid="219" ordinal="3" offset="68" sl="129" sc="13" el="129" ec="40" bec="0" bev="0" fileid="4" />
                <SequencePoint vc="1" uspid="220" ordinal="4" offset="75" sl="130" sc="13" el="130" ec="109" bec="0" bev="0" fileid="4" />
                <SequencePoint vc="1" uspid="221" ordinal="5" offset="83" sl="131" sc="13" el="131" ec="122" bec="0" bev="0" fileid="4" />
                <SequencePoint vc="1" uspid="222" ordinal="6" offset="102" sl="132" sc="9" el="132" ec="10" bec="0" bev="0" fileid="4" />
              </SequencePoints>
              <BranchPoints />
              <MethodPoint xsi:type="SequencePoint" vc="1" uspid="216" ordinal="0" offset="0" sl="121" sc="9" el="121" ec="10" bec="0" bev="0" fileid="4" />
            </Method>
            <Method visited="true" cyclomaticComplexity="1" nPathComplexity="0" sequenceCoverage="60" branchCoverage="100" crapScore="1.06" isConstructor="false" isStatic="false" isGetter="false" isSetter="false">
              <Summary numSequencePoints="5" visitedSequencePoints="3" numBranchPoints="1" visitedBranchPoints="1" sequenceCoverage="60" branchCoverage="100" maxCyclomaticComplexity="1" minCyclomaticComplexity="1" maxCrapScore="1.06" minCrapScore="1.06" visitedClasses="0" numClasses="0" visitedMethods="1" numMethods="1" />
              <MetadataToken>100663321</MetadataToken>
              <Name>System.Void Log4NetAppenders.UnitTest.RemoteSyslogAsyncSSLAppenderTest::TestSysLogFacilityNotDefinedException()</Name>
              <FileRef uid="4" />
              <SequencePoints>
                <SequencePoint vc="1" uspid="223" ordinal="0" offset="0" sl="138" sc="9" el="138" ec="10" bec="0" bev="0" fileid="4" />
                <SequencePoint vc="1" uspid="224" ordinal="1" offset="1" sl="139" sc="13" el="145" ec="15" bec="0" bev="0" fileid="4" />
                <SequencePoint vc="1" uspid="225" ordinal="2" offset="63" sl="146" sc="13" el="146" ec="40" bec="0" bev="0" fileid="4" />
                <SequencePoint vc="0" uspid="226" ordinal="3" offset="70" sl="147" sc="13" el="147" ec="56" bec="0" bev="0" fileid="4" />
                <SequencePoint vc="0" uspid="227" ordinal="4" offset="81" sl="148" sc="9" el="148" ec="10" bec="0" bev="0" fileid="4" />
              </SequencePoints>
              <BranchPoints />
              <MethodPoint xsi:type="SequencePoint" vc="1" uspid="223" ordinal="0" offset="0" sl="138" sc="9" el="138" ec="10" bec="0" bev="0" fileid="4" />
            </Method>
            <Method visited="true" cyclomaticComplexity="1" nPathComplexity="0" sequenceCoverage="66.67" branchCoverage="100" crapScore="1.04" isConstructor="false" isStatic="false" isGetter="false" isSetter="false">
              <Summary numSequencePoints="6" visitedSequencePoints="4" numBranchPoints="1" visitedBranchPoints="1" sequenceCoverage="66.67" branchCoverage="100" maxCyclomaticComplexity="1" minCyclomaticComplexity="1" maxCrapScore="1.04" minCrapScore="1.04" visitedClasses="0" numClasses="0" visitedMethods="1" numMethods="1" />
              <MetadataToken>100663322</MetadataToken>
              <Name>System.Void Log4NetAppenders.UnitTest.RemoteSyslogAsyncSSLAppenderTest::TestRemoteHostNotDefinedException()</Name>
              <FileRef uid="4" />
              <SequencePoints>
                <SequencePoint vc="1" uspid="228" ordinal="0" offset="0" sl="154" sc="9" el="154" ec="10" bec="0" bev="0" fileid="4" />
                <SequencePoint vc="1" uspid="229" ordinal="1" offset="1" sl="155" sc="13" el="155" ec="48" bec="0" bev="0" fileid="4" />
                <SequencePoint vc="1" uspid="230" ordinal="2" offset="7" sl="156" sc="13" el="163" ec="15" bec="0" bev="0" fileid="4" />
                <SequencePoint vc="1" uspid="231" ordinal="3" offset="73" sl="164" sc="13" el="164" ec="40" bec="0" bev="0" fileid="4" />
                <SequencePoint vc="0" uspid="232" ordinal="4" offset="80" sl="165" sc="13" el="165" ec="56" bec="0" bev="0" fileid="4" />
                <SequencePoint vc="0" uspid="233" ordinal="5" offset="91" sl="166" sc="9" el="166" ec="10" bec="0" bev="0" fileid="4" />
              </SequencePoints>
              <BranchPoints />
              <MethodPoint xsi:type="SequencePoint" vc="1" uspid="228" ordinal="0" offset="0" sl="154" sc="9" el="154" ec="10" bec="0" bev="0" fileid="4" />
            </Method>
            <Method visited="true" cyclomaticComplexity="1" nPathComplexity="0" sequenceCoverage="66.67" branchCoverage="100" crapScore="1.04" isConstructor="false" isStatic="false" isGetter="false" isSetter="false">
              <Summary numSequencePoints="6" visitedSequencePoints="4" numBranchPoints="1" visitedBranchPoints="1" sequenceCoverage="66.67" branchCoverage="100" maxCyclomaticComplexity="1" minCyclomaticComplexity="1" maxCrapScore="1.04" minCrapScore="1.04" visitedClasses="0" numClasses="0" visitedMethods="1" numMethods="1" />
              <MetadataToken>100663323</MetadataToken>
              <Name>System.Void Log4NetAppenders.UnitTest.RemoteSyslogAsyncSSLAppenderTest::TestRemoteHostNotValidException()</Name>
              <FileRef uid="4" />
              <SequencePoints>
                <SequencePoint vc="1" uspid="234" ordinal="0" offset="0" sl="171" sc="9" el="171" ec="10" bec="0" bev="0" fileid="4" />
                <SequencePoint vc="1" uspid="235" ordinal="1" offset="1" sl="172" sc="13" el="172" ec="48" bec="0" bev="0" fileid="4" />
                <SequencePoint vc="1" uspid="236" ordinal="2" offset="7" sl="173" sc="13" el="178" ec="15" bec="0" bev="0" fileid="4" />
                <SequencePoint vc="1" uspid="237" ordinal="3" offset="72" sl="179" sc="13" el="179" ec="40" bec="0" bev="0" fileid="4" />
                <SequencePoint vc="0" uspid="238" ordinal="4" offset="79" sl="180" sc="13" el="180" ec="56" bec="0" bev="0" fileid="4" />
                <SequencePoint vc="0" uspid="239" ordinal="5" offset="90" sl="181" sc="9" el="181" ec="10" bec="0" bev="0" fileid="4" />
              </SequencePoints>
              <BranchPoints />
              <MethodPoint xsi:type="SequencePoint" vc="1" uspid="234" ordinal="0" offset="0" sl="171" sc="9" el="171" ec="10" bec="0" bev="0" fileid="4" />
            </Method>
            <Method visited="true" cyclomaticComplexity="1" nPathComplexity="0" sequenceCoverage="66.67" branchCoverage="100" crapScore="1.04" isConstructor="false" isStatic="false" isGetter="false" isSetter="false">
              <Summary numSequencePoints="6" visitedSequencePoints="4" numBranchPoints="1" visitedBranchPoints="1" sequenceCoverage="66.67" branchCoverage="100" maxCyclomaticComplexity="1" minCyclomaticComplexity="1" maxCrapScore="1.04" minCrapScore="1.04" visitedClasses="0" numClasses="0" visitedMethods="1" numMethods="1" />
              <MetadataToken>100663324</MetadataToken>
              <Name>System.Void Log4NetAppenders.UnitTest.RemoteSyslogAsyncSSLAppenderTest::TestCertPathNotDefinedException()</Name>
              <FileRef uid="4" />
              <SequencePoints>
                <SequencePoint vc="1" uspid="240" ordinal="0" offset="0" sl="187" sc="9" el="187" ec="10" bec="0" bev="0" fileid="4" />
                <SequencePoint vc="1" uspid="241" ordinal="1" offset="1" sl="188" sc="13" el="188" ec="48" bec="0" bev="0" fileid="4" />
                <SequencePoint vc="1" uspid="242" ordinal="2" offset="7" sl="189" sc="13" el="193" ec="15" bec="0" bev="0" fileid="4" />
                <SequencePoint vc="1" uspid="243" ordinal="3" offset="56" sl="194" sc="13" el="194" ec="40" bec="0" bev="0" fileid="4" />
                <SequencePoint vc="0" uspid="244" ordinal="4" offset="63" sl="195" sc="13" el="195" ec="56" bec="0" bev="0" fileid="4" />
                <SequencePoint vc="0" uspid="245" ordinal="5" offset="74" sl="196" sc="9" el="196" ec="10" bec="0" bev="0" fileid="4" />
              </SequencePoints>
              <BranchPoints />
              <MethodPoint xsi:type="SequencePoint" vc="1" uspid="240" ordinal="0" offset="0" sl="187" sc="9" el="187" ec="10" bec="0" bev="0" fileid="4" />
            </Method>
            <Method visited="true" cyclomaticComplexity="1" nPathComplexity="0" sequenceCoverage="66.67" branchCoverage="100" crapScore="1.04" isConstructor="false" isStatic="false" isGetter="false" isSetter="false">
              <Summary numSequencePoints="6" visitedSequencePoints="4" numBranchPoints="1" visitedBranchPoints="1" sequenceCoverage="66.67" branchCoverage="100" maxCyclomaticComplexity="1" minCyclomaticComplexity="1" maxCrapScore="1.04" minCrapScore="1.04" visitedClasses="0" numClasses="0" visitedMethods="1" numMethods="1" />
              <MetadataToken>100663325</MetadataToken>
              <Name>System.Void Log4NetAppenders.UnitTest.RemoteSyslogAsyncSSLAppenderTest::TestCertPathNotValidException()</Name>
              <FileRef uid="4" />
              <SequencePoints>
                <SequencePoint vc="1" uspid="246" ordinal="0" offset="0" sl="202" sc="9" el="202" ec="10" bec="0" bev="0" fileid="4" />
                <SequencePoint vc="1" uspid="247" ordinal="1" offset="1" sl="203" sc="13" el="203" ec="48" bec="0" bev="0" fileid="4" />
                <SequencePoint vc="1" uspid="248" ordinal="2" offset="7" sl="204" sc="13" el="208" ec="15" bec="0" bev="0" fileid="4" />
                <SequencePoint vc="1" uspid="249" ordinal="3" offset="60" sl="209" sc="13" el="209" ec="40" bec="0" bev="0" fileid="4" />
                <SequencePoint vc="0" uspid="250" ordinal="4" offset="67" sl="210" sc="13" el="210" ec="56" bec="0" bev="0" fileid="4" />
                <SequencePoint vc="0" uspid="251" ordinal="5" offset="78" sl="211" sc="9" el="211" ec="10" bec="0" bev="0" fileid="4" />
              </SequencePoints>
              <BranchPoints />
              <MethodPoint xsi:type="SequencePoint" vc="1" uspid="246" ordinal="0" offset="0" sl="202" sc="9" el="202" ec="10" bec="0" bev="0" fileid="4" />
            </Method>
            <Method visited="true" cyclomaticComplexity="1" nPathComplexity="0" sequenceCoverage="60" branchCoverage="100" crapScore="1.06" isConstructor="false" isStatic="false" isGetter="false" isSetter="false">
              <Summary numSequencePoints="5" visitedSequencePoints="3" numBranchPoints="1" visitedBranchPoints="1" sequenceCoverage="60" branchCoverage="100" maxCyclomaticComplexity="1" minCyclomaticComplexity="1" maxCrapScore="1.06" minCrapScore="1.06" visitedClasses="0" numClasses="0" visitedMethods="1" numMethods="1" />
              <MetadataToken>100663326</MetadataToken>
              <Name>System.Void Log4NetAppenders.UnitTest.RemoteSyslogAsyncSSLAppenderTest::TestSysLogFacilityNotDefined1Exception()</Name>
              <FileRef uid="4" />
              <SequencePoints>
                <SequencePoint vc="1" uspid="252" ordinal="0" offset="0" sl="217" sc="9" el="217" ec="10" bec="0" bev="0" fileid="4" />
                <SequencePoint vc="1" uspid="253" ordinal="1" offset="1" sl="218" sc="13" el="222" ec="15" bec="0" bev="0" fileid="4" />
                <SequencePoint vc="1" uspid="254" ordinal="2" offset="54" sl="223" sc="13" el="223" ec="40" bec="0" bev="0" fileid="4" />
                <SequencePoint vc="0" uspid="255" ordinal="3" offset="61" sl="224" sc="13" el="224" ec="56" bec="0" bev="0" fileid="4" />
                <SequencePoint vc="0" uspid="256" ordinal="4" offset="72" sl="225" sc="9" el="225" ec="10" bec="0" bev="0" fileid="4" />
              </SequencePoints>
              <BranchPoints />
              <MethodPoint xsi:type="SequencePoint" vc="1" uspid="252" ordinal="0" offset="0" sl="217" sc="9" el="217" ec="10" bec="0" bev="0" fileid="4" />
            </Method>
            <Method visited="true" cyclomaticComplexity="1" nPathComplexity="0" sequenceCoverage="60" branchCoverage="100" crapScore="1.06" isConstructor="false" isStatic="false" isGetter="false" isSetter="false">
              <Summary numSequencePoints="5" visitedSequencePoints="3" numBranchPoints="1" visitedBranchPoints="1" sequenceCoverage="60" branchCoverage="100" maxCyclomaticComplexity="1" minCyclomaticComplexity="1" maxCrapScore="1.06" minCrapScore="1.06" visitedClasses="0" numClasses="0" visitedMethods="1" numMethods="1" />
              <MetadataToken>100663327</MetadataToken>
              <Name>System.Void Log4NetAppenders.UnitTest.RemoteSyslogAsyncSSLAppenderTest::TestSysLogFacilityNotDefined2Exception()</Name>
              <FileRef uid="4" />
              <SequencePoints>
                <SequencePoint vc="1" uspid="257" ordinal="0" offset="0" sl="230" sc="9" el="230" ec="10" bec="0" bev="0" fileid="4" />
                <SequencePoint vc="1" uspid="258" ordinal="1" offset="1" sl="231" sc="13" el="235" ec="15" bec="0" bev="0" fileid="4" />
                <SequencePoint vc="1" uspid="259" ordinal="2" offset="58" sl="236" sc="13" el="236" ec="40" bec="0" bev="0" fileid="4" />
                <SequencePoint vc="0" uspid="260" ordinal="3" offset="65" sl="237" sc="13" el="237" ec="56" bec="0" bev="0" fileid="4" />
                <SequencePoint vc="0" uspid="261" ordinal="4" offset="76" sl="238" sc="9" el="238" ec="10" bec="0" bev="0" fileid="4" />
              </SequencePoints>
              <BranchPoints />
              <MethodPoint xsi:type="SequencePoint" vc="1" uspid="257" ordinal="0" offset="0" sl="230" sc="9" el="230" ec="10" bec="0" bev="0" fileid="4" />
            </Method>
            <Method visited="true" cyclomaticComplexity="1" nPathComplexity="0" sequenceCoverage="60" branchCoverage="100" crapScore="1.06" isConstructor="false" isStatic="false" isGetter="false" isSetter="false">
              <Summary numSequencePoints="5" visitedSequencePoints="3" numBranchPoints="1" visitedBranchPoints="1" sequenceCoverage="60" branchCoverage="100" maxCyclomaticComplexity="1" minCyclomaticComplexity="1" maxCrapScore="1.06" minCrapScore="1.06" visitedClasses="0" numClasses="0" visitedMethods="1" numMethods="1" />
              <MetadataToken>100663328</MetadataToken>
              <Name>System.Void Log4NetAppenders.UnitTest.RemoteSyslogAsyncSSLAppenderTest::TestSysLogFacilityInvalidException()</Name>
              <FileRef uid="4" />
              <SequencePoints>
                <SequencePoint vc="1" uspid="262" ordinal="0" offset="0" sl="243" sc="9" el="243" ec="10" bec="0" bev="0" fileid="4" />
                <SequencePoint vc="1" uspid="263" ordinal="1" offset="1" sl="244" sc="13" el="248" ec="15" bec="0" bev="0" fileid="4" />
                <SequencePoint vc="1" uspid="264" ordinal="2" offset="58" sl="249" sc="13" el="249" ec="40" bec="0" bev="0" fileid="4" />
                <SequencePoint vc="0" uspid="265" ordinal="3" offset="65" sl="250" sc="13" el="250" ec="56" bec="0" bev="0" fileid="4" />
                <SequencePoint vc="0" uspid="266" ordinal="4" offset="76" sl="251" sc="9" el="251" ec="10" bec="0" bev="0" fileid="4" />
              </SequencePoints>
              <BranchPoints />
              <MethodPoint xsi:type="SequencePoint" vc="1" uspid="262" ordinal="0" offset="0" sl="243" sc="9" el="243" ec="10" bec="0" bev="0" fileid="4" />
            </Method>
            <Method visited="true" cyclomaticComplexity="1" nPathComplexity="0" sequenceCoverage="100" branchCoverage="100" crapScore="1" isConstructor="false" isStatic="false" isGetter="false" isSetter="false">
              <Summary numSequencePoints="7" visitedSequencePoints="7" numBranchPoints="1" visitedBranchPoints="1" sequenceCoverage="100" branchCoverage="100" maxCyclomaticComplexity="1" minCyclomaticComplexity="1" maxCrapScore="1" minCrapScore="1" visitedClasses="0" numClasses="0" visitedMethods="1" numMethods="1" />
              <MetadataToken>100663329</MetadataToken>
              <Name>System.Void Log4NetAppenders.UnitTest.RemoteSyslogAsyncSSLAppenderTest::TestDomainNameAsync()</Name>
              <FileRef uid="4" />
              <SequencePoints>
                <SequencePoint vc="1" uspid="267" ordinal="0" offset="0" sl="255" sc="9" el="255" ec="10" bec="0" bev="0" fileid="4" />
                <SequencePoint vc="1" uspid="268" ordinal="1" offset="1" sl="256" sc="13" el="256" ec="48" bec="0" bev="0" fileid="4" />
                <SequencePoint vc="1" uspid="269" ordinal="2" offset="7" sl="257" sc="13" el="262" ec="15" bec="0" bev="0" fileid="4" />
                <SequencePoint vc="1" uspid="270" ordinal="3" offset="72" sl="264" sc="13" el="264" ec="64" bec="0" bev="0" fileid="4" />
                <SequencePoint vc="1" uspid="271" ordinal="4" offset="89" sl="266" sc="13" el="270" ec="15" bec="0" bev="0" fileid="4" />
                <SequencePoint vc="1" uspid="272" ordinal="5" offset="142" sl="271" sc="13" el="271" ec="65" bec="0" bev="0" fileid="4" />
                <SequencePoint vc="1" uspid="273" ordinal="6" offset="159" sl="272" sc="9" el="272" ec="10" bec="0" bev="0" fileid="4" />
              </SequencePoints>
              <BranchPoints />
              <MethodPoint xsi:type="SequencePoint" vc="1" uspid="267" ordinal="0" offset="0" sl="255" sc="9" el="255" ec="10" bec="0" bev="0" fileid="4" />
            </Method>
            <Method visited="true" cyclomaticComplexity="1" nPathComplexity="0" sequenceCoverage="100" branchCoverage="100" crapScore="1" isConstructor="false" isStatic="false" isGetter="false" isSetter="false">
              <Summary numSequencePoints="7" visitedSequencePoints="7" numBranchPoints="1" visitedBranchPoints="1" sequenceCoverage="100" branchCoverage="100" maxCyclomaticComplexity="1" minCyclomaticComplexity="1" maxCrapScore="1" minCrapScore="1" visitedClasses="0" numClasses="0" visitedMethods="1" numMethods="1" />
              <MetadataToken>100663330</MetadataToken>
              <Name>System.Void Log4NetAppenders.UnitTest.RemoteSyslogAsyncSSLAppenderTest::TestAppName()</Name>
              <FileRef uid="4" />
              <SequencePoints>
                <SequencePoint vc="1" uspid="274" ordinal="0" offset="0" sl="276" sc="9" el="276" ec="10" bec="0" bev="0" fileid="4" />
                <SequencePoint vc="1" uspid="275" ordinal="1" offset="1" sl="277" sc="13" el="277" ec="48" bec="0" bev="0" fileid="4" />
                <SequencePoint vc="1" uspid="276" ordinal="2" offset="7" sl="278" sc="13" el="282" ec="15" bec="0" bev="0" fileid="4" />
                <SequencePoint vc="1" uspid="277" ordinal="3" offset="60" sl="283" sc="13" el="283" ec="94" bec="0" bev="0" fileid="4" />
                <SequencePoint vc="1" uspid="278" ordinal="4" offset="87" sl="285" sc="13" el="288" ec="15" bec="0" bev="0" fileid="4" />
                <SequencePoint vc="1" uspid="279" ordinal="5" offset="116" sl="289" sc="13" el="289" ec="53" bec="0" bev="0" fileid="4" />
                <SequencePoint vc="1" uspid="280" ordinal="6" offset="133" sl="290" sc="9" el="290" ec="10" bec="0" bev="0" fileid="4" />
              </SequencePoints>
              <BranchPoints />
              <MethodPoint xsi:type="SequencePoint" vc="1" uspid="274" ordinal="0" offset="0" sl="276" sc="9" el="276" ec="10" bec="0" bev="0" fileid="4" />
            </Method>
            <Method visited="true" cyclomaticComplexity="1" nPathComplexity="0" sequenceCoverage="100" branchCoverage="100" crapScore="1" isConstructor="false" isStatic="false" isGetter="false" isSetter="false">
              <Summary numSequencePoints="9" visitedSequencePoints="9" numBranchPoints="1" visitedBranchPoints="1" sequenceCoverage="100" branchCoverage="100" maxCyclomaticComplexity="1" minCyclomaticComplexity="1" maxCrapScore="1" minCrapScore="1" visitedClasses="0" numClasses="0" visitedMethods="1" numMethods="1" />
              <MetadataToken>100663331</MetadataToken>
              <Name>System.Void Log4NetAppenders.UnitTest.RemoteSyslogAsyncSSLAppenderTest::TestDiagnosticFlags()</Name>
              <FileRef uid="4" />
              <SequencePoints>
                <SequencePoint vc="1" uspid="281" ordinal="0" offset="0" sl="295" sc="9" el="295" ec="10" bec="0" bev="0" fileid="4" />
                <SequencePoint vc="1" uspid="282" ordinal="1" offset="1" sl="296" sc="13" el="296" ec="48" bec="0" bev="0" fileid="4" />
                <SequencePoint vc="1" uspid="283" ordinal="2" offset="7" sl="297" sc="13" el="303" ec="15" bec="0" bev="0" fileid="4" />
                <SequencePoint vc="1" uspid="284" ordinal="3" offset="76" sl="304" sc="13" el="304" ec="66" bec="0" bev="0" fileid="4" />
                <SequencePoint vc="1" uspid="285" ordinal="4" offset="89" sl="305" sc="13" el="305" ec="72" bec="0" bev="0" fileid="4" />
                <SequencePoint vc="1" uspid="286" ordinal="5" offset="102" sl="307" sc="13" el="312" ec="15" bec="0" bev="0" fileid="4" />
                <SequencePoint vc="1" uspid="287" ordinal="6" offset="147" sl="313" sc="13" el="313" ec="68" bec="0" bev="0" fileid="4" />
                <SequencePoint vc="1" uspid="288" ordinal="7" offset="160" sl="314" sc="13" el="314" ec="74" bec="0" bev="0" fileid="4" />
                <SequencePoint vc="1" uspid="289" ordinal="8" offset="173" sl="315" sc="9" el="315" ec="10" bec="0" bev="0" fileid="4" />
              </SequencePoints>
              <BranchPoints />
              <MethodPoint xsi:type="SequencePoint" vc="1" uspid="281" ordinal="0" offset="0" sl="295" sc="9" el="295" ec="10" bec="0" bev="0" fileid="4" />
            </Method>
            <Method visited="true" cyclomaticComplexity="1" nPathComplexity="0" sequenceCoverage="100" branchCoverage="100" crapScore="1" isConstructor="false" isStatic="false" isGetter="false" isSetter="false">
              <Summary numSequencePoints="122" visitedSequencePoints="122" numBranchPoints="1" visitedBranchPoints="1" sequenceCoverage="100" branchCoverage="100" maxCyclomaticComplexity="1" minCyclomaticComplexity="1" maxCrapScore="1" minCrapScore="1" visitedClasses="0" numClasses="0" visitedMethods="1" numMethods="1" />
              <MetadataToken>100663332</MetadataToken>
              <Name>System.Void Log4NetAppenders.UnitTest.RemoteSyslogAsyncSSLAppenderTest::TestSysLogFacilityAsync()</Name>
              <FileRef uid="4" />
              <SequencePoints>
                <SequencePoint vc="1" uspid="290" ordinal="0" offset="0" sl="319" sc="9" el="319" ec="10" bec="0" bev="0" fileid="4" />
                <SequencePoint vc="1" uspid="291" ordinal="1" offset="1" sl="320" sc="13" el="320" ec="48" bec="0" bev="0" fileid="4" />
                <SequencePoint vc="1" uspid="292" ordinal="2" offset="7" sl="321" sc="13" el="325" ec="15" bec="0" bev="0" fileid="4" />
                <SequencePoint vc="1" uspid="293" ordinal="3" offset="60" sl="326" sc="13" el="326" ec="40" bec="0" bev="0" fileid="4" />
[...]
                <BranchPoint vc="14" uspid="2653" ordinal="1" offset="12" sl="707" path="1" offsetend="44" fileid="32" />
                <BranchPoint vc="34" uspid="2654" ordinal="2" offset="55" sl="721" path="0" offsetend="57" fileid="32" />
                <BranchPoint vc="16" uspid="2655" ordinal="3" offset="55" sl="721" path="1" offsetend="78" fileid="32" />
                <BranchPoint vc="36" uspid="2656" ordinal="4" offset="89" sl="727" path="0" offsetend="91" fileid="32" />
                <BranchPoint vc="14" uspid="2657" ordinal="5" offset="89" sl="727" path="1" offsetend="141" fileid="32" />
                <BranchPoint vc="36" uspid="2658" ordinal="6" offset="108" sl="731" path="0" offsetend="110" fileid="32" />
                <BranchPoint vc="0" uspid="2659" ordinal="7" offset="108" sl="731" path="1" offsetend="112" fileid="32" />
              </BranchPoints>
              <MethodPoint xsi:type="SequencePoint" vc="50" uspid="2622" ordinal="0" offset="0" sl="706" sc="9" el="706" ec="10" bec="0" bev="0" fileid="32" />
            </Method>
            <Method visited="false" cyclomaticComplexity="2" nPathComplexity="0" sequenceCoverage="0" branchCoverage="0" crapScore="6" isConstructor="false" isStatic="true" isGetter="false" isSetter="false">
              <Summary numSequencePoints="3" visitedSequencePoints="0" numBranchPoints="1" visitedBranchPoints="0" sequenceCoverage="0" branchCoverage="0" maxCyclomaticComplexity="2" minCyclomaticComplexity="2" maxCrapScore="6" minCrapScore="6" visitedClasses="0" numClasses="0" visitedMethods="0" numMethods="1" />
              <MetadataToken>100663402</MetadataToken>
              <Name>System.Boolean TheByteStuff.log4net.Appenders.RemoteSyslogSSLAppender::IsConnected(System.Net.Sockets.Socket)</Name>
              <FileRef uid="32" />
              <SequencePoints>
                <SequencePoint vc="0" uspid="2660" ordinal="0" offset="0" sl="749" sc="9" el="749" ec="10" bec="0" bev="0" fileid="32" />
                <SequencePoint vc="0" uspid="2661" ordinal="1" offset="1" sl="750" sc="13" el="750" ec="86" bec="0" bev="0" fileid="32" />
                <SequencePoint vc="0" uspid="2662" ordinal="2" offset="26" sl="751" sc="9" el="751" ec="10" bec="0" bev="0" fileid="32" />
              </SequencePoints>
              <BranchPoints />
              <MethodPoint xsi:type="SequencePoint" vc="0" uspid="2660" ordinal="0" offset="0" sl="749" sc="9" el="749" ec="10" bec="0" bev="0" fileid="32" />
            </Method>
            <Method visited="false" cyclomaticComplexity="2" nPathComplexity="0" sequenceCoverage="0" branchCoverage="0" crapScore="6" isConstructor="false" isStatic="false" isGetter="false" isSetter="false">
              <Summary numSequencePoints="5" visitedSequencePoints="0" numBranchPoints="1" visitedBranchPoints="0" sequenceCoverage="0" branchCoverage="0" maxCyclomaticComplexity="2" minCyclomaticComplexity="2" maxCrapScore="6" minCrapScore="6" visitedClasses="0" numClasses="0" visitedMethods="0" numMethods="1" />
              <MetadataToken>100663403</MetadataToken>
              <Name>System.Void TheByteStuff.log4net.Appenders.RemoteSyslogSSLAppender::LogStartupInfo()</Name>
              <FileRef uid="32" />
              <SequencePoints>
                <SequencePoint vc="0" uspid="2665" ordinal="0" offset="0" sl="754" sc="9" el="754" ec="10" bec="0" bev="0" fileid="32" />
                <SequencePoint vc="0" uspid="2666" ordinal="1" offset="1" sl="755" sc="13" el="755" ec="93" bec="0" bev="0" fileid="32" />
                <SequencePoint vc="0" uspid="2667" ordinal="2" offset="22" sl="757" sc="13" el="759" ec="42" bec="0" bev="0" fileid="32" />
                <SequencePoint vc="0" uspid="2668" ordinal="3" offset="65" sl="760" sc="13" el="760" ec="40" bec="0" bev="0" fileid="32" />
                <SequencePoint vc="0" uspid="2669" ordinal="4" offset="78" sl="761" sc="9" el="761" ec="10" bec="0" bev="0" fileid="32" />
              </SequencePoints>
              <BranchPoints />
              <MethodPoint xsi:type="SequencePoint" vc="0" uspid="2665" ordinal="0" offset="0" sl="754" sc="9" el="754" ec="10" bec="0" bev="0" fileid="32" />
            </Method>
            <Method visited="false" cyclomaticComplexity="3" nPathComplexity="4" sequenceCoverage="0" branchCoverage="0" crapScore="12" isConstructor="false" isStatic="false" isGetter="false" isSetter="false">
              <Summary numSequencePoints="16" visitedSequencePoints="0" numBranchPoints="5" visitedBranchPoints="0" sequenceCoverage="0" branchCoverage="0" maxCyclomaticComplexity="3" minCyclomaticComplexity="3" maxCrapScore="12" minCrapScore="12" visitedClasses="0" numClasses="0" visitedMethods="0" numMethods="1" />
              <MetadataToken>100663404</MetadataToken>
              <Name>System.Void TheByteStuff.log4net.Appenders.RemoteSyslogSSLAppender::LogDiagnosticInfo(System.String,System.Object[])</Name>
              <FileRef uid="32" />
              <SequencePoints>
                <SequencePoint vc="0" uspid="2672" ordinal="0" offset="0" sl="764" sc="9" el="764" ec="10" bec="0" bev="0" fileid="32" />
                <SequencePoint vc="0" uspid="2673" ordinal="1" offset="1" sl="765" sc="13" el="765" ec="39" bec="2" bev="0" fileid="32" />
                <SequencePoint vc="0" uspid="2674" ordinal="2" offset="11" sl="766" sc="13" el="766" ec="14" bec="0" bev="0" fileid="32" />
                <SequencePoint vc="0" uspid="2675" ordinal="3" offset="12" sl="768" sc="17" el="768" ec="18" bec="0" bev="0" fileid="32" />
                <SequencePoint vc="0" uspid="2676" ordinal="4" offset="13" sl="769" sc="21" el="769" ec="63" bec="0" bev="0" fileid="32" />
                <SequencePoint vc="0" uspid="2677" ordinal="5" offset="21" sl="770" sc="21" el="770" ec="34" bec="2" bev="0" fileid="32" />
                <SequencePoint vc="0" uspid="2678" ordinal="6" offset="33" sl="771" sc="25" el="771" ec="50" bec="0" bev="0" fileid="32" />
                <SequencePoint vc="0" uspid="2679" ordinal="7" offset="42" sl="773" sc="25" el="773" ec="44" bec="0" bev="0" fileid="32" />
                <SequencePoint vc="0" uspid="2680" ordinal="8" offset="55" sl="775" sc="21" el="775" ec="52" bec="0" bev="0" fileid="32" />
                <SequencePoint vc="0" uspid="2681" ordinal="9" offset="68" sl="776" sc="17" el="776" ec="18" bec="0" bev="0" fileid="32" />
                <SequencePoint vc="0" uspid="2682" ordinal="10" offset="71" sl="777" sc="17" el="777" ec="38" bec="0" bev="0" fileid="32" />
                <SequencePoint vc="0" uspid="2683" ordinal="11" offset="72" sl="778" sc="17" el="778" ec="18" bec="0" bev="0" fileid="32" />
                <SequencePoint vc="0" uspid="2684" ordinal="12" offset="73" sl="779" sc="21" el="779" ec="53" bec="0" bev="0" fileid="32" />
                <SequencePoint vc="0" uspid="2685" ordinal="13" offset="85" sl="780" sc="17" el="780" ec="18" bec="0" bev="0" fileid="32" />
                <SequencePoint vc="0" uspid="2686" ordinal="14" offset="88" sl="781" sc="13" el="781" ec="14" bec="0" bev="0" fileid="32" />
                <SequencePoint vc="0" uspid="2687" ordinal="15" offset="89" sl="782" sc="9" el="782" ec="10" bec="0" bev="0" fileid="32" />
              </SequencePoints>
              <BranchPoints>
                <BranchPoint vc="0" uspid="2688" ordinal="0" offset="9" sl="765" path="0" offsetend="11" fileid="32" />
                <BranchPoint vc="0" uspid="2689" ordinal="1" offset="9" sl="765" path="1" offsetend="89" fileid="32" />
                <BranchPoint vc="0" uspid="2690" ordinal="2" offset="31" sl="770" path="0" offsetend="33" fileid="32" />
                <BranchPoint vc="0" uspid="2691" ordinal="3" offset="31" sl="770" path="1" offsetend="42" fileid="32" />
              </BranchPoints>
              <MethodPoint xsi:type="SequencePoint" vc="0" uspid="2672" ordinal="0" offset="0" sl="764" sc="9" el="764" ec="10" bec="0" bev="0" fileid="32" />
            </Method>
            <Method visited="false" cyclomaticComplexity="2" nPathComplexity="2" sequenceCoverage="0" branchCoverage="0" crapScore="6" isConstructor="false" isStatic="false" isGetter="false" isSetter="false">
              <Summary numSequencePoints="7" visitedSequencePoints="0" numBranchPoints="3" visitedBranchPoints="0" sequenceCoverage="0" branchCoverage="0" maxCyclomaticComplexity="2" minCyclomaticComplexity="2" maxCrapScore="6" minCrapScore="6" visitedClasses="0" numClasses="0" visitedMethods="0" numMethods="1" />
              <MetadataToken>100663405</MetadataToken>
              <Name>System.Void TheByteStuff.log4net.Appenders.RemoteSyslogSSLAppender::LogError(System.String,System.Object[])</Name>
              <FileRef uid="32" />
              <SequencePoints>
                <SequencePoint vc="0" uspid="2692" ordinal="0" offset="0" sl="785" sc="9" el="785" ec="10" bec="0" bev="0" fileid="32" />
                <SequencePoint vc="0" uspid="2693" ordinal="1" offset="1" sl="786" sc="13" el="786" ec="55" bec="0" bev="0" fileid="32" />
                <SequencePoint vc="0" uspid="2694" ordinal="2" offset="9" sl="787" sc="13" el="787" ec="26" bec="2" bev="0" fileid="32" />
                <SequencePoint vc="0" uspid="2695" ordinal="3" offset="21" sl="788" sc="17" el="788" ec="42" bec="0" bev="0" fileid="32" />
                <SequencePoint vc="0" uspid="2696" ordinal="4" offset="30" sl="790" sc="17" el="790" ec="37" bec="0" bev="0" fileid="32" />
                <SequencePoint vc="0" uspid="2697" ordinal="5" offset="43" sl="792" sc="13" el="792" ec="45" bec="0" bev="0" fileid="32" />
                <SequencePoint vc="0" uspid="2698" ordinal="6" offset="56" sl="793" sc="9" el="793" ec="10" bec="0" bev="0" fileid="32" />
              </SequencePoints>
              <BranchPoints>
                <BranchPoint vc="0" uspid="2699" ordinal="0" offset="19" sl="787" path="0" offsetend="21" fileid="32" />
                <BranchPoint vc="0" uspid="2700" ordinal="1" offset="19" sl="787" path="1" offsetend="30" fileid="32" />
              </BranchPoints>
              <MethodPoint xsi:type="SequencePoint" vc="0" uspid="2692" ordinal="0" offset="0" sl="785" sc="9" el="785" ec="10" bec="0" bev="0" fileid="32" />
            </Method>
            <Method visited="false" cyclomaticComplexity="1" nPathComplexity="0" sequenceCoverage="0" branchCoverage="0" crapScore="2" isConstructor="false" isStatic="false" isGetter="false" isSetter="false">
              <Summary numSequencePoints="3" visitedSequencePoints="0" numBranchPoints="1" visitedBranchPoints="0" sequenceCoverage="0" branchCoverage="0" maxCyclomaticComplexity="1" minCyclomaticComplexity="1" maxCrapScore="2" minCrapScore="2" visitedClasses="0" numClasses="0" visitedMethods="0" numMethods="1" />
              <MetadataToken>100663406</MetadataToken>
              <Name>System.Void TheByteStuff.log4net.Appenders.RemoteSyslogSSLAppender::LogError(System.Exception)</Name>
              <FileRef uid="32" />
              <SequencePoints>
                <SequencePoint vc="0" uspid="2701" ordinal="0" offset="0" sl="796" sc="9" el="796" ec="10" bec="0" bev="0" fileid="32" />
                <SequencePoint vc="0" uspid="2702" ordinal="1" offset="1" sl="797" sc="13" el="797" ec="38" bec="0" bev="0" fileid="32" />
                <SequencePoint vc="0" uspid="2703" ordinal="2" offset="19" sl="798" sc="9" el="798" ec="10" bec="0" bev="0" fileid="32" />
              </SequencePoints>
              <BranchPoints />
              <MethodPoint xsi:type="SequencePoint" vc="0" uspid="2701" ordinal="0" offset="0" sl="796" sc="9" el="796" ec="10" bec="0" bev="0" fileid="32" />
            </Method>
            <Method visited="false" cyclomaticComplexity="1" nPathComplexity="0" sequenceCoverage="0" branchCoverage="0" crapScore="2" isConstructor="false" isStatic="false" isGetter="false" isSetter="false">
              <Summary numSequencePoints="2" visitedSequencePoints="0" numBranchPoints="1" visitedBranchPoints="0" sequenceCoverage="0" branchCoverage="0" maxCyclomaticComplexity="1" minCyclomaticComplexity="1" maxCrapScore="2" minCrapScore="2" visitedClasses="0" numClasses="0" visitedMethods="0" numMethods="1" />
              <MetadataToken>100663407</MetadataToken>
              <Name>System.Void TheByteStuff.log4net.Appenders.RemoteSyslogSSLAppender::RemoteLog(System.String,log4net.Core.Level)</Name>
              <FileRef uid="32" />
              <SequencePoints>
                <SequencePoint vc="0" uspid="2704" ordinal="0" offset="0" sl="802" sc="9" el="802" ec="10" bec="0" bev="0" fileid="32" />
                <SequencePoint vc="0" uspid="2705" ordinal="1" offset="1" sl="812" sc="9" el="812" ec="10" bec="0" bev="0" fileid="32" />
              </SequencePoints>
              <BranchPoints />
              <MethodPoint xsi:type="SequencePoint" vc="0" uspid="2704" ordinal="0" offset="0" sl="802" sc="9" el="802" ec="10" bec="0" bev="0" fileid="32" />
            </Method>
            <Method visited="true" cyclomaticComplexity="1" nPathComplexity="0" sequenceCoverage="100" branchCoverage="100" crapScore="1" isConstructor="true" isStatic="true" isGetter="false" isSetter="false">
              <Summary numSequencePoints="1" visitedSequencePoints="1" numBranchPoints="1" visitedBranchPoints="1" sequenceCoverage="100" branchCoverage="100" maxCyclomaticComplexity="1" minCyclomaticComplexity="1" maxCrapScore="1" minCrapScore="1" visitedClasses="0" numClasses="0" visitedMethods="1" numMethods="1" />
              <MetadataToken>100663408</MetadataToken>
              <Name>System.Void TheByteStuff.log4net.Appenders.RemoteSyslogSSLAppender::.cctor()</Name>
              <FileRef uid="32" />
              <SequencePoints>
                <SequencePoint vc="1" uspid="2706" ordinal="0" offset="0" sl="701" sc="9" el="703" ec="11" bec="0" bev="0" fileid="32" />
              </SequencePoints>
              <BranchPoints />
              <MethodPoint xsi:type="SequencePoint" vc="1" uspid="2706" ordinal="0" offset="0" sl="701" sc="9" el="703" ec="11" bec="0" bev="0" fileid="32" />
            </Method>
          </Methods>
        </Class>
        <Class>
          <Summary numSequencePoints="6" visitedSequencePoints="0" numBranchPoints="2" visitedBranchPoints="0" sequenceCoverage="0" branchCoverage="0" maxCyclomaticComplexity="1" minCyclomaticComplexity="1" maxCrapScore="2" minCrapScore="2" visitedClasses="0" numClasses="1" visitedMethods="0" numMethods="2" />
          <FullName>TheByteStuff.log4net.Appenders.RemoteSyslogSSLAppender/LevelSeverity</FullName>
          <Methods>
            <Method visited="false" cyclomaticComplexity="1" nPathComplexity="0" sequenceCoverage="0" branchCoverage="0" crapScore="2" isConstructor="false" isStatic="false" isGetter="true" isSetter="false">
              <Summary numSequencePoints="3" visitedSequencePoints="0" numBranchPoints="1" visitedBranchPoints="0" sequenceCoverage="0" branchCoverage="0" maxCyclomaticComplexity="1" minCyclomaticComplexity="1" maxCrapScore="2" minCrapScore="2" visitedClasses="0" numClasses="0" visitedMethods="0" numMethods="1" />
              <MetadataToken>100663413</MetadataToken>
              <Name>TheByteStuff.log4net.Appenders.RemoteSyslogSSLAppender/SyslogSeverity TheByteStuff.log4net.Appenders.RemoteSyslogSSLAppender/LevelSeverity::get_Severity()</Name>
              <FileRef uid="32" />
              <SequencePoints>
                <SequencePoint vc="0" uspid="2707" ordinal="0" offset="0" sl="489" sc="21" el="489" ec="22" bec="0" bev="0" fileid="32" />
                <SequencePoint vc="0" uspid="2708" ordinal="1" offset="1" sl="489" sc="23" el="489" ec="41" bec="0" bev="0" fileid="32" />
                <SequencePoint vc="0" uspid="2709" ordinal="2" offset="10" sl="489" sc="42" el="489" ec="43" bec="0" bev="0" fileid="32" />
              </SequencePoints>
              <BranchPoints />
              <MethodPoint xsi:type="SequencePoint" vc="0" uspid="2707" ordinal="0" offset="0" sl="489" sc="21" el="489" ec="22" bec="0" bev="0" fileid="32" />
            </Method>
            <Method visited="false" cyclomaticComplexity="1" nPathComplexity="0" sequenceCoverage="0" branchCoverage="0" crapScore="2" isConstructor="false" isStatic="false" isGetter="false" isSetter="true">
              <Summary numSequencePoints="3" visitedSequencePoints="0" numBranchPoints="1" visitedBranchPoints="0" sequenceCoverage="0" branchCoverage="0" maxCyclomaticComplexity="1" minCyclomaticComplexity="1" maxCrapScore="2" minCrapScore="2" visitedClasses="0" numClasses="0" visitedMethods="0" numMethods="1" />
              <MetadataToken>100663414</MetadataToken>
              <Name>System.Void TheByteStuff.log4net.Appenders.RemoteSyslogSSLAppender/LevelSeverity::set_Severity(TheByteStuff.log4net.Appenders.RemoteSyslogSSLAppender/SyslogSeverity)</Name>
              <FileRef uid="32" />
              <SequencePoints>
                <SequencePoint vc="0" uspid="2710" ordinal="0" offset="0" sl="490" sc="21" el="490" ec="22" bec="0" bev="0" fileid="32" />
                <SequencePoint vc="0" uspid="2711" ordinal="1" offset="1" sl="490" sc="23" el="490" ec="42" bec="0" bev="0" fileid="32" />
                <SequencePoint vc="0" uspid="2712" ordinal="2" offset="8" sl="490" sc="43" el="490" ec="44" bec="0" bev="0" fileid="32" />
              </SequencePoints>
              <BranchPoints />
              <MethodPoint xsi:type="SequencePoint" vc="0" uspid="2710" ordinal="0" offset="0" sl="490" sc="21" el="490" ec="22" bec="0" bev="0" fileid="32" />
            </Method>
            <Method visited="false" cyclomaticComplexity="1" nPathComplexity="0" sequenceCoverage="0" branchCoverage="0" crapScore="2" isConstructor="true" isStatic="false" isGetter="false" isSetter="false">
              <Summary numSequencePoints="0" visitedSequencePoints="0" numBranchPoints="0" visitedBranchPoints="0" sequenceCoverage="0" branchCoverage="0" maxCyclomaticComplexity="1" minCyclomaticComplexity="1" maxCrapScore="2" minCrapScore="2" visitedClasses="0" numClasses="0" visitedMethods="0" numMethods="0" />
              <MetadataToken>100663415</MetadataToken>
              <Name>System.Void TheByteStuff.log4net.Appenders.RemoteSyslogSSLAppender/LevelSeverity::.ctor()</Name>
              <SequencePoints />
              <BranchPoints />
              <MethodPoint vc="0" uspid="2713" ordinal="0" offset="0" />
            </Method>
          </Methods>
        </Class>
        <Class>
          <Summary numSequencePoints="0" visitedSequencePoints="0" numBranchPoints="0" visitedBranchPoints="0" sequenceCoverage="0" branchCoverage="0" maxCyclomaticComplexity="3" minCyclomaticComplexity="3" maxCrapScore="12" minCrapScore="12" visitedClasses="0" numClasses="0" visitedMethods="0" numMethods="0" />
          <FullName>&lt;PrivateImplementationDetails&gt;</FullName>
          <Methods>
            <Method visited="false" cyclomaticComplexity="3" nPathComplexity="0" sequenceCoverage="0" branchCoverage="0" crapScore="12" isConstructor="false" isStatic="true" isGetter="false" isSetter="false">
              <Summary numSequencePoints="0" visitedSequencePoints="0" numBranchPoints="0" visitedBranchPoints="0" sequenceCoverage="0" branchCoverage="0" maxCyclomaticComplexity="3" minCyclomaticComplexity="3" maxCrapScore="12" minCrapScore="12" visitedClasses="0" numClasses="0" visitedMethods="0" numMethods="0" />
              <MetadataToken>100663409</MetadataToken>
              <Name>System.UInt32 &lt;PrivateImplementationDetails&gt;::ComputeStringHash(System.String)</Name>
              <SequencePoints />
              <BranchPoints />
              <MethodPoint vc="0" uspid="2714" ordinal="0" offset="0" />
            </Method>
          </Methods>
        </Class>
      </Classes>
    </Module>
  </Modules>
</CoverageSession>