<?xml version="1.0" encoding="utf-8"?>
<CoverageSession xmlns:xsd="http://www.w3.org/2001/XMLSchema" xmlns:xsi="http://www.w3.org/2001/XMLSchema-instance" Version="4.6.0.0">
  <Summary numSequencePoints="1095" visitedSequencePoints="235" numBranchPoints="129" visitedBranchPoints="35" sequenceCoverage="21.46" branchCoverage="27.13" maxCyclomaticComplexity="15" minCyclomaticComplexity="1" maxCrapScore="30" minCrapScore="1" visitedClasses="6" numClasses="14" visitedMethods="24" numMethods="85" />
  <Modules>
    <Module hash="BC-4E-DA-5F-9C-5F-72-59-40-94-D9-B6-0B-A7-2C-47-03-3A-23-08">
      <Summary numSequencePoints="1095" visitedSequencePoints="235" numBranchPoints="129" visitedBranchPoints="35" sequenceCoverage="21.46" branchCoverage="27.13" maxCyclomaticComplexity="15" minCyclomaticComplexity="1" maxCrapScore="30" minCrapScore="1" visitedClasses="6" numClasses="14" visitedMethods="24" numMethods="85" />
      <ModulePath>D:\github\TheByteStuff\Log4NetAppenders\src\Log4NetAppenders.UnitTest\bin\Debug\Log4NetAppenders.UnitTest.dll</ModulePath>
      <ModuleTime>2020-08-17T21:21:21.9328505Z</ModuleTime>
      <ModuleName>Log4NetAppenders.UnitTest</ModuleName>
      <Files>
        <File uid="1" fullPath="D:\github\TheByteStuff\Log4NetAppenders\src\Log4NetAppenders.UnitTest\ConnectionInfo.cs" />
        <File uid="2" fullPath="D:\github\TheByteStuff\Log4NetAppenders\src\Log4NetAppenders.UnitTest\IoHelper.cs" />
        <File uid="3" fullPath="D:\github\TheByteStuff\Log4NetAppenders\src\Log4NetAppenders.UnitTest\MockServer.cs" />
        <File uid="4" fullPath="D:\github\TheByteStuff\Log4NetAppenders\src\Log4NetAppenders.UnitTest\RemoteSyslogAsyncSSLAppenderTest.cs" />
        <File uid="7" fullPath="D:\github\TheByteStuff\Log4NetAppenders\src\Log4NetAppenders.UnitTest\EncryptedForwardingAppenderTest.cs" />
        <File uid="12" fullPath="D:\github\TheByteStuff\Log4NetAppenders\src\Log4NetAppenders.UnitTest\RemoteSyslogSSLAppenderTest.cs" />
      </Files>
      <Classes>
        <Class>
          <Summary numSequencePoints="17" visitedSequencePoints="0" numBranchPoints="6" visitedBranchPoints="0" sequenceCoverage="0" branchCoverage="0" maxCyclomaticComplexity="3" minCyclomaticComplexity="1" maxCrapScore="12" minCrapScore="2" visitedClasses="0" numClasses="1" visitedMethods="0" numMethods="2" />
          <FullName>Log4NetAppenders.UnitTest.ConnectionInfo</FullName>
          <Methods>
            <Method visited="false" cyclomaticComplexity="1" nPathComplexity="0" sequenceCoverage="0" branchCoverage="0" crapScore="2" isConstructor="true" isStatic="false" isGetter="false" isSetter="false">
              <Summary numSequencePoints="5" visitedSequencePoints="0" numBranchPoints="1" visitedBranchPoints="0" sequenceCoverage="0" branchCoverage="0" maxCyclomaticComplexity="1" minCyclomaticComplexity="1" maxCrapScore="2" minCrapScore="2" visitedClasses="0" numClasses="0" visitedMethods="0" numMethods="1" />
              <MetadataToken>100663297</MetadataToken>
              <Name>System.Void Log4NetAppenders.UnitTest.ConnectionInfo::.ctor(System.Net.Sockets.Socket,System.Net.Sockets.NetworkStream)</Name>
              <FileRef uid="1" />
              <SequencePoints>
                <SequencePoint vc="0" uspid="1" ordinal="0" offset="0" sl="12" sc="9" el="12" ec="67" bec="0" bev="0" fileid="1" />
                <SequencePoint vc="0" uspid="2" ordinal="1" offset="7" sl="13" sc="9" el="13" ec="10" bec="0" bev="0" fileid="1" />
                <SequencePoint vc="0" uspid="3" ordinal="2" offset="8" sl="14" sc="13" el="14" ec="29" bec="0" bev="0" fileid="1" />
                <SequencePoint vc="0" uspid="4" ordinal="3" offset="15" sl="15" sc="13" el="15" ec="29" bec="0" bev="0" fileid="1" />
                <SequencePoint vc="0" uspid="5" ordinal="4" offset="22" sl="16" sc="9" el="16" ec="10" bec="0" bev="0" fileid="1" />
              </SequencePoints>
              <BranchPoints />
              <MethodPoint xsi:type="SequencePoint" vc="0" uspid="1" ordinal="0" offset="0" sl="12" sc="9" el="12" ec="67" bec="0" bev="0" fileid="1" />
            </Method>
            <Method visited="false" cyclomaticComplexity="3" nPathComplexity="4" sequenceCoverage="0" branchCoverage="0" crapScore="12" isConstructor="false" isStatic="false" isGetter="false" isSetter="false">
              <Summary numSequencePoints="12" visitedSequencePoints="0" numBranchPoints="5" visitedBranchPoints="0" sequenceCoverage="0" branchCoverage="0" maxCyclomaticComplexity="3" minCyclomaticComplexity="3" maxCrapScore="12" minCrapScore="12" visitedClasses="0" numClasses="0" visitedMethods="0" numMethods="1" />
              <MetadataToken>100663298</MetadataToken>
              <Name>System.Void Log4NetAppenders.UnitTest.ConnectionInfo::Close()</Name>
              <FileRef uid="1" />
              <SequencePoints>
                <SequencePoint vc="0" uspid="6" ordinal="0" offset="0" sl="22" sc="9" el="22" ec="10" bec="0" bev="0" fileid="1" />
                <SequencePoint vc="0" uspid="7" ordinal="1" offset="1" sl="23" sc="13" el="23" ec="32" bec="2" bev="0" fileid="1" />
                <SequencePoint vc="0" uspid="8" ordinal="2" offset="14" sl="24" sc="17" el="24" ec="32" bec="0" bev="0" fileid="1" />
                <SequencePoint vc="0" uspid="9" ordinal="3" offset="26" sl="25" sc="13" el="25" ec="27" bec="0" bev="0" fileid="1" />
                <SequencePoint vc="0" uspid="10" ordinal="4" offset="33" sl="27" sc="13" el="27" ec="32" bec="2" bev="0" fileid="1" />
                <SequencePoint vc="0" uspid="11" ordinal="5" offset="46" sl="28" sc="13" el="28" ec="14" bec="0" bev="0" fileid="1" />
                <SequencePoint vc="0" uspid="12" ordinal="6" offset="47" sl="29" sc="17" el="29" ec="54" bec="0" bev="0" fileid="1" />
                <SequencePoint vc="0" uspid="13" ordinal="7" offset="60" sl="30" sc="17" el="30" ec="42" bec="0" bev="0" fileid="1" />
                <SequencePoint vc="0" uspid="14" ordinal="8" offset="73" sl="31" sc="17" el="31" ec="32" bec="0" bev="0" fileid="1" />
                <SequencePoint vc="0" uspid="15" ordinal="9" offset="85" sl="32" sc="13" el="32" ec="14" bec="0" bev="0" fileid="1" />
                <SequencePoint vc="0" uspid="16" ordinal="10" offset="86" sl="33" sc="13" el="33" ec="27" bec="0" bev="0" fileid="1" />
                <SequencePoint vc="0" uspid="17" ordinal="11" offset="93" sl="34" sc="9" el="34" ec="10" bec="0" bev="0" fileid="1" />
              </SequencePoints>
              <BranchPoints>
                <BranchPoint vc="0" uspid="18" ordinal="0" offset="12" sl="23" path="0" offsetend="14" fileid="1" />
                <BranchPoint vc="0" uspid="19" ordinal="1" offset="12" sl="23" path="1" offsetend="26" fileid="1" />
                <BranchPoint vc="0" uspid="20" ordinal="2" offset="44" sl="27" path="0" offsetend="46" fileid="1" />
                <BranchPoint vc="0" uspid="21" ordinal="3" offset="44" sl="27" path="1" offsetend="86" fileid="1" />
              </BranchPoints>
              <MethodPoint xsi:type="SequencePoint" vc="0" uspid="6" ordinal="0" offset="0" sl="22" sc="9" el="22" ec="10" bec="0" bev="0" fileid="1" />
            </Method>
          </Methods>
        </Class>
        <Class>
          <Summary numSequencePoints="22" visitedSequencePoints="16" numBranchPoints="4" visitedBranchPoints="3" sequenceCoverage="72.73" branchCoverage="75" maxCyclomaticComplexity="2" minCyclomaticComplexity="1" maxCrapScore="6" minCrapScore="1" visitedClasses="1" numClasses="1" visitedMethods="3" numMethods="4" />
          <FullName>Log4NetAppenders.UnitTest.IoHelper</FullName>
          <Methods>
            <Method visited="true" cyclomaticComplexity="1" nPathComplexity="0" sequenceCoverage="100" branchCoverage="100" crapScore="1" isConstructor="false" isStatic="true" isGetter="false" isSetter="false">
              <Summary numSequencePoints="8" visitedSequencePoints="8" numBranchPoints="1" visitedBranchPoints="1" sequenceCoverage="100" branchCoverage="100" maxCyclomaticComplexity="1" minCyclomaticComplexity="1" maxCrapScore="1" minCrapScore="1" visitedClasses="0" numClasses="0" visitedMethods="1" numMethods="1" />
              <MetadataToken>100663299</MetadataToken>
              <Name>System.IO.Stream Log4NetAppenders.UnitTest.IoHelper::GetStream(System.String)</Name>
              <FileRef uid="2" />
              <SequencePoints>
                <SequencePoint vc="503" uspid="22" ordinal="0" offset="0" sl="11" sc="9" el="11" ec="10" bec="0" bev="0" fileid="2" />
                <SequencePoint vc="503" uspid="23" ordinal="1" offset="1" sl="12" sc="13" el="12" ec="54" bec="0" bev="0" fileid="2" />
                <SequencePoint vc="503" uspid="24" ordinal="2" offset="7" sl="13" sc="13" el="13" ec="60" bec="0" bev="0" fileid="2" />
                <SequencePoint vc="503" uspid="25" ordinal="3" offset="14" sl="14" sc="13" el="14" ec="38" bec="0" bev="0" fileid="2" />
                <SequencePoint vc="503" uspid="26" ordinal="4" offset="22" sl="15" sc="13" el="15" ec="28" bec="0" bev="0" fileid="2" />
                <SequencePoint vc="503" uspid="27" ordinal="5" offset="29" sl="16" sc="13" el="16" ec="33" bec="0" bev="0" fileid="2" />
                <SequencePoint vc="503" uspid="28" ordinal="6" offset="38" sl="17" sc="13" el="17" ec="27" bec="0" bev="0" fileid="2" />
                <SequencePoint vc="503" uspid="29" ordinal="7" offset="42" sl="18" sc="9" el="18" ec="10" bec="0" bev="0" fileid="2" />
              </SequencePoints>
              <BranchPoints />
              <MethodPoint xsi:type="SequencePoint" vc="503" uspid="22" ordinal="0" offset="0" sl="11" sc="9" el="11" ec="10" bec="0" bev="0" fileid="2" />
            </Method>
            <Method visited="true" cyclomaticComplexity="2" nPathComplexity="0" sequenceCoverage="100" branchCoverage="100" crapScore="2" isConstructor="false" isStatic="true" isGetter="false" isSetter="false">
              <Summary numSequencePoints="7" visitedSequencePoints="7" numBranchPoints="1" visitedBranchPoints="1" sequenceCoverage="100" branchCoverage="100" maxCyclomaticComplexity="2" minCyclomaticComplexity="2" maxCrapScore="2" minCrapScore="2" visitedClasses="0" numClasses="0" visitedMethods="1" numMethods="1" />
              <MetadataToken>100663300</MetadataToken>
              <Name>System.String Log4NetAppenders.UnitTest.IoHelper::GetString(System.IO.Stream)</Name>
              <FileRef uid="2" />
              <SequencePoints>
                <SequencePoint vc="503" uspid="30" ordinal="0" offset="0" sl="21" sc="9" el="21" ec="10" bec="0" bev="0" fileid="2" />
                <SequencePoint vc="503" uspid="31" ordinal="1" offset="1" sl="23" sc="20" el="23" ec="71" bec="0" bev="0" fileid="2" />
                <SequencePoint vc="503" uspid="32" ordinal="2" offset="8" sl="24" sc="13" el="24" ec="14" bec="0" bev="0" fileid="2" />
                <SequencePoint vc="503" uspid="33" ordinal="3" offset="9" sl="25" sc="17" el="25" ec="45" bec="0" bev="0" fileid="2" />
                <SequencePoint vc="503" uspid="34" ordinal="4" offset="16" sl="26" sc="13" el="26" ec="14" bec="0" bev="0" fileid="2" />
                <SequencePoint vc="503" uspid="35" ordinal="5" offset="30" sl="27" sc="13" el="27" ec="27" bec="0" bev="0" fileid="2" />
                <SequencePoint vc="503" uspid="36" ordinal="6" offset="34" sl="28" sc="9" el="28" ec="10" bec="0" bev="0" fileid="2" />
              </SequencePoints>
              <BranchPoints />
              <MethodPoint xsi:type="SequencePoint" vc="503" uspid="30" ordinal="0" offset="0" sl="21" sc="9" el="21" ec="10" bec="0" bev="0" fileid="2" />
            </Method>
            <Method visited="false" cyclomaticComplexity="2" nPathComplexity="0" sequenceCoverage="0" branchCoverage="0" crapScore="6" isConstructor="false" isStatic="true" isGetter="false" isSetter="false">
              <Summary numSequencePoints="6" visitedSequencePoints="0" numBranchPoints="1" visitedBranchPoints="0" sequenceCoverage="0" branchCoverage="0" maxCyclomaticComplexity="2" minCyclomaticComplexity="2" maxCrapScore="6" minCrapScore="6" visitedClasses="0" numClasses="0" visitedMethods="0" numMethods="1" />
              <MetadataToken>100663301</MetadataToken>
              <Name>System.Void Log4NetAppenders.UnitTest.IoHelper::WriteStream(System.IO.Stream,System.Byte[]&amp;)</Name>
              <FileRef uid="2" />
              <SequencePoints>
                <SequencePoint vc="0" uspid="37" ordinal="0" offset="0" sl="31" sc="9" el="31" ec="10" bec="0" bev="0" fileid="2" />
                <SequencePoint vc="0" uspid="38" ordinal="1" offset="1" sl="32" sc="20" el="32" ec="53" bec="0" bev="0" fileid="2" />
                <SequencePoint vc="0" uspid="39" ordinal="2" offset="3" sl="33" sc="13" el="33" ec="14" bec="0" bev="0" fileid="2" />
                <SequencePoint vc="0" uspid="40" ordinal="3" offset="4" sl="34" sc="17" el="34" ec="68" bec="0" bev="0" fileid="2" />
                <SequencePoint vc="0" uspid="41" ordinal="4" offset="18" sl="35" sc="13" el="35" ec="14" bec="0" bev="0" fileid="2" />
                <SequencePoint vc="0" uspid="42" ordinal="5" offset="32" sl="36" sc="9" el="36" ec="10" bec="0" bev="0" fileid="2" />
              </SequencePoints>
              <BranchPoints />
              <MethodPoint xsi:type="SequencePoint" vc="0" uspid="37" ordinal="0" offset="0" sl="31" sc="9" el="31" ec="10" bec="0" bev="0" fileid="2" />
            </Method>
            <Method visited="true" cyclomaticComplexity="1" nPathComplexity="0" sequenceCoverage="100" branchCoverage="100" crapScore="1" isConstructor="true" isStatic="true" isGetter="false" isSetter="false">
              <Summary numSequencePoints="1" visitedSequencePoints="1" numBranchPoints="1" visitedBranchPoints="1" sequenceCoverage="100" branchCoverage="100" maxCyclomaticComplexity="1" minCyclomaticComplexity="1" maxCrapScore="1" minCrapScore="1" visitedClasses="0" numClasses="0" visitedMethods="1" numMethods="1" />
              <MetadataToken>100663302</MetadataToken>
              <Name>System.Void Log4NetAppenders.UnitTest.IoHelper::.cctor()</Name>
              <FileRef uid="2" />
              <SequencePoints>
                <SequencePoint vc="1" uspid="43" ordinal="0" offset="0" sl="8" sc="9" el="8" ec="114" bec="0" bev="0" fileid="2" />
              </SequencePoints>
              <BranchPoints />
              <MethodPoint xsi:type="SequencePoint" vc="1" uspid="43" ordinal="0" offset="0" sl="8" sc="9" el="8" ec="114" bec="0" bev="0" fileid="2" />
            </Method>
          </Methods>
        </Class>
        <Class>
          <Summary numSequencePoints="127" visitedSequencePoints="0" numBranchPoints="20" visitedBranchPoints="0" sequenceCoverage="0" branchCoverage="0" maxCyclomaticComplexity="5" minCyclomaticComplexity="1" maxCrapScore="30" minCrapScore="2" visitedClasses="0" numClasses="1" visitedMethods="0" numMethods="10" />
          <FullName>Log4NetAppenders.UnitTest.MockServer</FullName>
          <Methods>
            <Method visited="false" cyclomaticComplexity="3" nPathComplexity="2" sequenceCoverage="0" branchCoverage="0" crapScore="12" isConstructor="false" isStatic="false" isGetter="false" isSetter="false">
              <Summary numSequencePoints="12" visitedSequencePoints="0" numBranchPoints="3" visitedBranchPoints="0" sequenceCoverage="0" branchCoverage="0" maxCyclomaticComplexity="3" minCyclomaticComplexity="3" maxCrapScore="12" minCrapScore="12" visitedClasses="0" numClasses="0" visitedMethods="0" numMethods="1" />
              <MetadataToken>100663303</MetadataToken>
              <Name>System.Void Log4NetAppenders.UnitTest.MockServer::Start(System.Int32,System.String)</Name>
              <FileRef uid="3" />
              <SequencePoints>
                <SequencePoint vc="0" uspid="44" ordinal="0" offset="0" sl="24" sc="9" el="24" ec="10" bec="0" bev="0" fileid="3" />
                <SequencePoint vc="0" uspid="45" ordinal="1" offset="1" sl="25" sc="13" el="25" ec="73" bec="0" bev="0" fileid="3" />
                <SequencePoint vc="0" uspid="46" ordinal="2" offset="12" sl="26" sc="13" el="26" ec="25" bec="0" bev="0" fileid="3" />
                <SequencePoint vc="0" uspid="47" ordinal="3" offset="30" sl="27" sc="13" el="27" ec="14" bec="0" bev="0" fileid="3" />
                <SequencePoint vc="0" uspid="48" ordinal="4" offset="31" sl="28" sc="17" el="28" ec="45" bec="2" bev="0" fileid="3" />
                <SequencePoint vc="0" uspid="49" ordinal="5" offset="44" sl="29" sc="21" el="29" ec="59" bec="0" bev="0" fileid="3" />
                <SequencePoint vc="0" uspid="50" ordinal="6" offset="50" sl="31" sc="17" el="31" ec="30" bec="0" bev="0" fileid="3" />
                <SequencePoint vc="0" uspid="51" ordinal="7" offset="57" sl="32" sc="17" el="32" ec="76" bec="0" bev="0" fileid="3" />
                <SequencePoint vc="0" uspid="52" ordinal="8" offset="69" sl="34" sc="17" el="34" ec="54" bec="0" bev="0" fileid="3" />
                <SequencePoint vc="0" uspid="53" ordinal="9" offset="92" sl="35" sc="17" el="35" ec="41" bec="0" bev="0" fileid="3" />
                <SequencePoint vc="0" uspid="54" ordinal="10" offset="104" sl="36" sc="13" el="36" ec="14" bec="0" bev="0" fileid="3" />
                <SequencePoint vc="0" uspid="55" ordinal="11" offset="118" sl="37" sc="9" el="37" ec="10" bec="0" bev="0" fileid="3" />
              </SequencePoints>
              <BranchPoints>
                <BranchPoint vc="0" uspid="56" ordinal="0" offset="42" sl="28" path="0" offsetend="44" fileid="3" />
                <BranchPoint vc="0" uspid="57" ordinal="1" offset="42" sl="28" path="1" offsetend="50" fileid="3" />
              </BranchPoints>
              <MethodPoint xsi:type="SequencePoint" vc="0" uspid="44" ordinal="0" offset="0" sl="24" sc="9" el="24" ec="10" bec="0" bev="0" fileid="3" />
            </Method>
            <Method visited="false" cyclomaticComplexity="4" nPathComplexity="4" sequenceCoverage="0" branchCoverage="0" crapScore="20" isConstructor="false" isStatic="false" isGetter="false" isSetter="false">
              <Summary numSequencePoints="15" visitedSequencePoints="0" numBranchPoints="5" visitedBranchPoints="0" sequenceCoverage="0" branchCoverage="0" maxCyclomaticComplexity="4" minCyclomaticComplexity="4" maxCrapScore="20" minCrapScore="20" visitedClasses="0" numClasses="0" visitedMethods="0" numMethods="1" />
              <MetadataToken>100663304</MetadataToken>
              <Name>System.Void Log4NetAppenders.UnitTest.MockServer::Stop()</Name>
              <FileRef uid="3" />
              <SequencePoints>
                <SequencePoint vc="0" uspid="58" ordinal="0" offset="0" sl="40" sc="9" el="40" ec="10" bec="0" bev="0" fileid="3" />
                <SequencePoint vc="0" uspid="59" ordinal="1" offset="1" sl="41" sc="13" el="41" ec="72" bec="0" bev="0" fileid="3" />
                <SequencePoint vc="0" uspid="60" ordinal="2" offset="12" sl="42" sc="13" el="42" ec="25" bec="0" bev="0" fileid="3" />
                <SequencePoint vc="0" uspid="61" ordinal="3" offset="30" sl="43" sc="13" el="43" ec="14" bec="0" bev="0" fileid="3" />
                <SequencePoint vc="0" uspid="62" ordinal="4" offset="31" sl="44" sc="17" el="44" ec="39" bec="2" bev="0" fileid="3" />
                <SequencePoint vc="0" uspid="63" ordinal="5" offset="44" sl="45" sc="17" el="45" ec="18" bec="0" bev="0" fileid="3" />
                <SequencePoint vc="0" uspid="64" ordinal="6" offset="45" sl="46" sc="21" el="46" ec="38" bec="0" bev="0" fileid="3" />
                <SequencePoint vc="0" uspid="65" ordinal="7" offset="57" sl="47" sc="21" el="47" ec="38" bec="0" bev="0" fileid="3" />
                <SequencePoint vc="0" uspid="66" ordinal="8" offset="64" sl="48" sc="17" el="48" ec="18" bec="0" bev="0" fileid="3" />
                <SequencePoint vc="0" uspid="67" ordinal="9" offset="65" sl="50" sc="17" el="50" ec="41" bec="0" bev="0" fileid="3" />
                <SequencePoint vc="0" uspid="68" ordinal="10" offset="73" sl="52" sc="17" el="52" ec="68" bec="2" bev="0" fileid="3" />
                <SequencePoint vc="0" uspid="69" ordinal="11" offset="105" sl="53" sc="21" el="53" ec="45" bec="0" bev="0" fileid="3" />
                <SequencePoint vc="0" uspid="70" ordinal="12" offset="117" sl="54" sc="17" el="54" ec="40" bec="0" bev="0" fileid="3" />
                <SequencePoint vc="0" uspid="71" ordinal="13" offset="124" sl="55" sc="13" el="55" ec="14" bec="0" bev="0" fileid="3" />
                <SequencePoint vc="0" uspid="72" ordinal="14" offset="138" sl="56" sc="9" el="56" ec="10" bec="0" bev="0" fileid="3" />
              </SequencePoints>
              <BranchPoints>
                <BranchPoint vc="0" uspid="73" ordinal="0" offset="42" sl="44" path="0" offsetend="44" fileid="3" />
                <BranchPoint vc="0" uspid="74" ordinal="1" offset="42" sl="44" path="1" offsetend="65" fileid="3" />
                <BranchPoint vc="0" uspid="75" ordinal="2" offset="103" sl="52" path="0" offsetend="105" fileid="3" />
                <BranchPoint vc="0" uspid="76" ordinal="3" offset="103" sl="52" path="1" offsetend="117" fileid="3" />
              </BranchPoints>
              <MethodPoint xsi:type="SequencePoint" vc="0" uspid="58" ordinal="0" offset="0" sl="40" sc="9" el="40" ec="10" bec="0" bev="0" fileid="3" />
            </Method>
            <Method visited="false" cyclomaticComplexity="4" nPathComplexity="2" sequenceCoverage="0" branchCoverage="0" crapScore="20" isConstructor="false" isStatic="false" isGetter="false" isSetter="false">
              <Summary numSequencePoints="15" visitedSequencePoints="0" numBranchPoints="3" visitedBranchPoints="0" sequenceCoverage="0" branchCoverage="0" maxCyclomaticComplexity="4" minCyclomaticComplexity="4" maxCrapScore="20" minCrapScore="20" visitedClasses="0" numClasses="0" visitedMethods="0" numMethods="1" />
              <MetadataToken>100663305</MetadataToken>
              <Name>System.Void Log4NetAppenders.UnitTest.MockServer::CloseConnections(System.Boolean)</Name>
              <FileRef uid="3" />
              <SequencePoints>
                <SequencePoint vc="0" uspid="77" ordinal="0" offset="0" sl="59" sc="9" el="59" ec="10" bec="0" bev="0" fileid="3" />
                <SequencePoint vc="0" uspid="78" ordinal="1" offset="1" sl="60" sc="13" el="60" ec="23" bec="2" bev="0" fileid="3" />
                <SequencePoint vc="0" uspid="79" ordinal="2" offset="6" sl="61" sc="17" el="61" ec="88" bec="0" bev="0" fileid="3" />
                <SequencePoint vc="0" uspid="80" ordinal="3" offset="17" sl="63" sc="13" el="63" ec="25" bec="0" bev="0" fileid="3" />
                <SequencePoint vc="0" uspid="81" ordinal="4" offset="35" sl="64" sc="13" el="64" ec="14" bec="0" bev="0" fileid="3" />
                <SequencePoint vc="0" uspid="82" ordinal="5" offset="36" sl="65" sc="17" el="65" ec="24" bec="0" bev="0" fileid="3" />
                <SequencePoint vc="0" uspid="83" ordinal="6" offset="37" sl="65" sc="44" el="65" ec="56" bec="0" bev="0" fileid="3" />
                <SequencePoint vc="0" uspid="84" ordinal="7" offset="51" sl="65" sc="26" el="65" ec="40" bec="0" bev="0" fileid="3" />
                <SequencePoint vc="0" uspid="85" ordinal="8" offset="60" sl="66" sc="17" el="66" ec="18" bec="0" bev="0" fileid="3" />
                <SequencePoint vc="0" uspid="86" ordinal="9" offset="61" sl="67" sc="21" el="67" ec="40" bec="0" bev="0" fileid="3" />
                <SequencePoint vc="0" uspid="87" ordinal="10" offset="69" sl="68" sc="17" el="68" ec="18" bec="0" bev="0" fileid="3" />
                <SequencePoint vc="0" uspid="88" ordinal="11" offset="70" sl="65" sc="41" el="65" ec="43" bec="0" bev="0" fileid="3" />
                <SequencePoint vc="0" uspid="89" ordinal="12" offset="96" sl="69" sc="17" el="69" ec="38" bec="0" bev="0" fileid="3" />
                <SequencePoint vc="0" uspid="90" ordinal="13" offset="108" sl="70" sc="13" el="70" ec="14" bec="0" bev="0" fileid="3" />
                <SequencePoint vc="0" uspid="91" ordinal="14" offset="122" sl="71" sc="9" el="71" ec="10" bec="0" bev="0" fileid="3" />
              </SequencePoints>
              <BranchPoints>
                <BranchPoint vc="0" uspid="92" ordinal="0" offset="4" sl="60" path="0" offsetend="6" fileid="3" />
                <BranchPoint vc="0" uspid="93" ordinal="1" offset="4" sl="60" path="1" offsetend="17" fileid="3" />
              </BranchPoints>
              <MethodPoint xsi:type="SequencePoint" vc="0" uspid="77" ordinal="0" offset="0" sl="59" sc="9" el="59" ec="10" bec="0" bev="0" fileid="3" />
            </Method>
            <Method visited="false" cyclomaticComplexity="1" nPathComplexity="0" sequenceCoverage="0" branchCoverage="0" crapScore="2" isConstructor="false" isStatic="false" isGetter="false" isSetter="false">
              <Summary numSequencePoints="3" visitedSequencePoints="0" numBranchPoints="1" visitedBranchPoints="0" sequenceCoverage="0" branchCoverage="0" maxCyclomaticComplexity="1" minCyclomaticComplexity="1" maxCrapScore="2" minCrapScore="2" visitedClasses="0" numClasses="0" visitedMethods="0" numMethods="1" />
              <MetadataToken>100663306</MetadataToken>
              <Name>System.Void Log4NetAppenders.UnitTest.MockServer::Dispose()</Name>
              <FileRef uid="3" />
              <SequencePoints>
                <SequencePoint vc="0" uspid="96" ordinal="0" offset="0" sl="74" sc="9" el="74" ec="10" bec="0" bev="0" fileid="3" />
                <SequencePoint vc="0" uspid="97" ordinal="1" offset="1" sl="75" sc="13" el="75" ec="20" bec="0" bev="0" fileid="3" />
                <SequencePoint vc="0" uspid="98" ordinal="2" offset="8" sl="76" sc="9" el="76" ec="10" bec="0" bev="0" fileid="3" />
              </SequencePoints>
              <BranchPoints />
              <MethodPoint xsi:type="SequencePoint" vc="0" uspid="96" ordinal="0" offset="0" sl="74" sc="9" el="74" ec="10" bec="0" bev="0" fileid="3" />
            </Method>
            <Method visited="false" cyclomaticComplexity="1" nPathComplexity="0" sequenceCoverage="0" branchCoverage="0" crapScore="2" isConstructor="false" isStatic="false" isGetter="false" isSetter="false">
              <Summary numSequencePoints="17" visitedSequencePoints="0" numBranchPoints="1" visitedBranchPoints="0" sequenceCoverage="0" branchCoverage="0" maxCyclomaticComplexity="1" minCyclomaticComplexity="1" maxCrapScore="2" minCrapScore="2" visitedClasses="0" numClasses="0" visitedMethods="0" numMethods="1" />
              <MetadataToken>100663307</MetadataToken>
              <Name>System.Void Log4NetAppenders.UnitTest.MockServer::Listen()</Name>
              <FileRef uid="3" />
              <SequencePoints>
                <SequencePoint vc="0" uspid="99" ordinal="0" offset="0" sl="79" sc="9" el="79" ec="10" bec="0" bev="0" fileid="3" />
                <SequencePoint vc="0" uspid="100" ordinal="1" offset="1" sl="81" sc="13" el="81" ec="14" bec="0" bev="0" fileid="3" />
                <SequencePoint vc="0" uspid="101" ordinal="2" offset="2" sl="82" sc="17" el="82" ec="67" bec="0" bev="0" fileid="3" />
                <SequencePoint vc="0" uspid="102" ordinal="3" offset="24" sl="83" sc="17" el="83" ec="35" bec="0" bev="0" fileid="3" />
                <SequencePoint vc="0" uspid="103" ordinal="4" offset="38" sl="86" sc="17" el="86" ec="18" bec="0" bev="0" fileid="3" />
                <SequencePoint vc="0" uspid="104" ordinal="5" offset="39" sl="87" sc="21" el="87" ec="59" bec="0" bev="0" fileid="3" />
                <SequencePoint vc="0" uspid="105" ordinal="6" offset="51" sl="88" sc="21" el="88" ec="47" bec="0" bev="0" fileid="3" />
                <SequencePoint vc="0" uspid="106" ordinal="7" offset="59" sl="89" sc="17" el="89" ec="18" bec="0" bev="0" fileid="3" />
                <SequencePoint vc="0" uspid="107" ordinal="8" offset="60" sl="85" sc="17" el="85" ec="29" bec="0" bev="0" fileid="3" />
                <SequencePoint vc="0" uspid="108" ordinal="9" offset="64" sl="91" sc="13" el="91" ec="36" bec="0" bev="0" fileid="3" />
                <SequencePoint vc="0" uspid="109" ordinal="10" offset="65" sl="92" sc="13" el="92" ec="14" bec="0" bev="0" fileid="3" />
                <SequencePoint vc="0" uspid="110" ordinal="11" offset="66" sl="92" sc="15" el="92" ec="16" bec="0" bev="0" fileid="3" />
                <SequencePoint vc="0" uspid="111" ordinal="12" offset="69" sl="93" sc="13" el="93" ec="34" bec="0" bev="0" fileid="3" />
                <SequencePoint vc="0" uspid="112" ordinal="13" offset="70" sl="94" sc="13" el="94" ec="14" bec="0" bev="0" fileid="3" />
                <SequencePoint vc="0" uspid="113" ordinal="14" offset="71" sl="95" sc="17" el="95" ec="38" bec="0" bev="0" fileid="3" />
                <SequencePoint vc="0" uspid="114" ordinal="15" offset="78" sl="96" sc="13" el="96" ec="14" bec="0" bev="0" fileid="3" />
                <SequencePoint vc="0" uspid="115" ordinal="16" offset="81" sl="97" sc="9" el="97" ec="10" bec="0" bev="0" fileid="3" />
              </SequencePoints>
              <BranchPoints />
              <MethodPoint xsi:type="SequencePoint" vc="0" uspid="99" ordinal="0" offset="0" sl="79" sc="9" el="79" ec="10" bec="0" bev="0" fileid="3" />
            </Method>
            <Method visited="false" cyclomaticComplexity="2" nPathComplexity="0" sequenceCoverage="0" branchCoverage="0" crapScore="6" isConstructor="false" isStatic="false" isGetter="false" isSetter="false">
              <Summary numSequencePoints="10" visitedSequencePoints="0" numBranchPoints="1" visitedBranchPoints="0" sequenceCoverage="0" branchCoverage="0" maxCyclomaticComplexity="2" minCyclomaticComplexity="2" maxCrapScore="6" minCrapScore="6" visitedClasses="0" numClasses="0" visitedMethods="0" numMethods="1" />
              <MetadataToken>100663308</MetadataToken>
              <Name>System.Void Log4NetAppenders.UnitTest.MockServer::ProcessConnection(System.Net.Sockets.Socket)</Name>
              <FileRef uid="3" />
              <SequencePoints>
                <SequencePoint vc="0" uspid="116" ordinal="0" offset="0" sl="100" sc="9" el="100" ec="10" bec="0" bev="0" fileid="3" />
                <SequencePoint vc="0" uspid="117" ordinal="1" offset="1" sl="101" sc="13" el="101" ec="25" bec="0" bev="0" fileid="3" />
                <SequencePoint vc="0" uspid="118" ordinal="2" offset="19" sl="102" sc="13" el="102" ec="14" bec="0" bev="0" fileid="3" />
                <SequencePoint vc="0" uspid="119" ordinal="3" offset="20" sl="103" sc="17" el="103" ec="56" bec="0" bev="0" fileid="3" />
                <SequencePoint vc="0" uspid="120" ordinal="4" offset="27" sl="104" sc="17" el="104" ec="73" bec="0" bev="0" fileid="3" />
                <SequencePoint vc="0" uspid="121" ordinal="5" offset="35" sl="105" sc="17" el="105" ec="50" bec="0" bev="0" fileid="3" />
                <SequencePoint vc="0" uspid="122" ordinal="6" offset="48" sl="107" sc="17" el="107" ec="64" bec="0" bev="0" fileid="3" />
                <SequencePoint vc="0" uspid="123" ordinal="7" offset="67" sl="108" sc="17" el="108" ec="46" bec="0" bev="0" fileid="3" />
                <SequencePoint vc="0" uspid="124" ordinal="8" offset="76" sl="109" sc="13" el="109" ec="14" bec="0" bev="0" fileid="3" />
                <SequencePoint vc="0" uspid="125" ordinal="9" offset="90" sl="110" sc="9" el="110" ec="10" bec="0" bev="0" fileid="3" />
              </SequencePoints>
              <BranchPoints />
              <MethodPoint xsi:type="SequencePoint" vc="0" uspid="116" ordinal="0" offset="0" sl="100" sc="9" el="100" ec="10" bec="0" bev="0" fileid="3" />
            </Method>
            <Method visited="false" cyclomaticComplexity="5" nPathComplexity="2" sequenceCoverage="0" branchCoverage="0" crapScore="30" isConstructor="false" isStatic="false" isGetter="false" isSetter="false">
              <Summary numSequencePoints="41" visitedSequencePoints="0" numBranchPoints="3" visitedBranchPoints="0" sequenceCoverage="0" branchCoverage="0" maxCyclomaticComplexity="5" minCyclomaticComplexity="5" maxCrapScore="30" minCrapScore="30" visitedClasses="0" numClasses="0" visitedMethods="0" numMethods="1" />
              <MetadataToken>100663309</MetadataToken>
              <Name>System.Void Log4NetAppenders.UnitTest.MockServer::ConnectionThreadEntry(System.Object)</Name>
              <FileRef uid="3" />
              <SequencePoints>
                <SequencePoint vc="0" uspid="126" ordinal="0" offset="0" sl="113" sc="9" el="113" ec="10" bec="0" bev="0" fileid="3" />
                <SequencePoint vc="0" uspid="127" ordinal="1" offset="1" sl="115" sc="13" el="115" ec="14" bec="0" bev="0" fileid="3" />
                <SequencePoint vc="0" uspid="128" ordinal="2" offset="2" sl="116" sc="17" el="116" ec="56" bec="0" bev="0" fileid="3" />
                <SequencePoint vc="0" uspid="129" ordinal="3" offset="9" sl="118" sc="17" el="118" ec="73" bec="0" bev="0" fileid="3" />
                <SequencePoint vc="0" uspid="130" ordinal="4" offset="22" sl="120" sc="17" el="120" ec="18" bec="0" bev="0" fileid="3" />
                <SequencePoint vc="0" uspid="131" ordinal="5" offset="23" sl="121" sc="21" el="121" ec="104" bec="0" bev="0" fileid="3" />
                <SequencePoint vc="0" uspid="132" ordinal="6" offset="43" sl="123" sc="28" el="123" ec="68" bec="0" bev="0" fileid="3" />
                <SequencePoint vc="0" uspid="133" ordinal="7" offset="50" sl="124" sc="21" el="124" ec="22" bec="0" bev="0" fileid="3" />
                <SequencePoint vc="0" uspid="134" ordinal="8" offset="53" sl="126" sc="25" el="126" ec="26" bec="0" bev="0" fileid="3" />
                <SequencePoint vc="0" uspid="135" ordinal="9" offset="54" sl="127" sc="29" el="127" ec="58" bec="0" bev="0" fileid="3" />
                <SequencePoint vc="0" uspid="136" ordinal="10" offset="61" sl="128" sc="29" el="128" ec="46" bec="2" bev="0" fileid="3" />
                <SequencePoint vc="0" uspid="137" ordinal="11" offset="71" sl="129" sc="33" el="129" ec="39" bec="0" bev="0" fileid="3" />
                <SequencePoint vc="0" uspid="138" ordinal="12" offset="73" sl="131" sc="29" el="131" ec="41" bec="0" bev="0" fileid="3" />
                <SequencePoint vc="0" uspid="139" ordinal="13" offset="94" sl="132" sc="29" el="132" ec="30" bec="0" bev="0" fileid="3" />
                <SequencePoint vc="0" uspid="140" ordinal="14" offset="95" sl="133" sc="33" el="133" ec="53" bec="0" bev="0" fileid="3" />
                <SequencePoint vc="0" uspid="141" ordinal="15" offset="108" sl="134" sc="29" el="134" ec="30" bec="0" bev="0" fileid="3" />
                <SequencePoint vc="0" uspid="142" ordinal="16" offset="124" sl="135" sc="29" el="135" ec="60" bec="0" bev="0" fileid="3" />
                <SequencePoint vc="0" uspid="143" ordinal="17" offset="141" sl="136" sc="25" el="136" ec="26" bec="0" bev="0" fileid="3" />
                <SequencePoint vc="0" uspid="144" ordinal="18" offset="142" sl="125" sc="25" el="125" ec="37" bec="0" bev="0" fileid="3" />
                <SequencePoint vc="0" uspid="145" ordinal="19" offset="147" sl="137" sc="21" el="137" ec="22" bec="0" bev="0" fileid="3" />
                <SequencePoint vc="0" uspid="146" ordinal="20" offset="161" sl="138" sc="17" el="138" ec="18" bec="0" bev="0" fileid="3" />
                <SequencePoint vc="0" uspid="147" ordinal="21" offset="164" sl="139" sc="17" el="139" ec="48" bec="0" bev="0" fileid="3" />
                <SequencePoint vc="0" uspid="148" ordinal="22" offset="165" sl="140" sc="17" el="140" ec="18" bec="0" bev="0" fileid="3" />
                <SequencePoint vc="0" uspid="149" ordinal="23" offset="166" sl="140" sc="19" el="140" ec="20" bec="0" bev="0" fileid="3" />
                <SequencePoint vc="0" uspid="150" ordinal="24" offset="169" sl="141" sc="17" el="141" ec="40" bec="0" bev="0" fileid="3" />
                <SequencePoint vc="0" uspid="151" ordinal="25" offset="170" sl="142" sc="17" el="142" ec="18" bec="0" bev="0" fileid="3" />
                <SequencePoint vc="0" uspid="152" ordinal="26" offset="171" sl="142" sc="19" el="142" ec="20" bec="0" bev="0" fileid="3" />
                <SequencePoint vc="0" uspid="153" ordinal="27" offset="174" sl="143" sc="17" el="143" ec="36" bec="0" bev="0" fileid="3" />
                <SequencePoint vc="0" uspid="154" ordinal="28" offset="175" sl="144" sc="17" el="144" ec="18" bec="0" bev="0" fileid="3" />
                <SequencePoint vc="0" uspid="155" ordinal="29" offset="176" sl="144" sc="19" el="144" ec="20" bec="0" bev="0" fileid="3" />
                <SequencePoint vc="0" uspid="156" ordinal="30" offset="179" sl="146" sc="17" el="146" ec="29" bec="0" bev="0" fileid="3" />
                <SequencePoint vc="0" uspid="157" ordinal="31" offset="200" sl="147" sc="17" el="147" ec="18" bec="0" bev="0" fileid="3" />
                <SequencePoint vc="0" uspid="158" ordinal="32" offset="201" sl="148" sc="21" el="148" ec="40" bec="0" bev="0" fileid="3" />
                <SequencePoint vc="0" uspid="159" ordinal="33" offset="208" sl="149" sc="21" el="149" ec="53" bec="0" bev="0" fileid="3" />
                <SequencePoint vc="0" uspid="160" ordinal="34" offset="221" sl="150" sc="17" el="150" ec="18" bec="0" bev="0" fileid="3" />
                <SequencePoint vc="0" uspid="161" ordinal="35" offset="237" sl="151" sc="13" el="151" ec="14" bec="0" bev="0" fileid="3" />
                <SequencePoint vc="0" uspid="162" ordinal="36" offset="240" sl="152" sc="13" el="152" ec="34" bec="0" bev="0" fileid="3" />
                <SequencePoint vc="0" uspid="163" ordinal="37" offset="242" sl="153" sc="13" el="153" ec="14" bec="0" bev="0" fileid="3" />
                <SequencePoint vc="0" uspid="164" ordinal="38" offset="243" sl="154" sc="17" el="154" ec="38" bec="0" bev="0" fileid="3" />
                <SequencePoint vc="0" uspid="165" ordinal="39" offset="251" sl="155" sc="13" el="155" ec="14" bec="0" bev="0" fileid="3" />
                <SequencePoint vc="0" uspid="166" ordinal="40" offset="254" sl="156" sc="9" el="156" ec="10" bec="0" bev="0" fileid="3" />
              </SequencePoints>
              <BranchPoints>
                <BranchPoint vc="0" uspid="167" ordinal="0" offset="69" sl="128" path="0" offsetchain="71" offsetend="147" fileid="3" />
                <BranchPoint vc="0" uspid="168" ordinal="1" offset="69" sl="128" path="1" offsetend="73" fileid="3" />
              </BranchPoints>
              <MethodPoint xsi:type="SequencePoint" vc="0" uspid="126" ordinal="0" offset="0" sl="113" sc="9" el="113" ec="10" bec="0" bev="0" fileid="3" />
            </Method>
            <Method visited="false" cyclomaticComplexity="2" nPathComplexity="0" sequenceCoverage="0" branchCoverage="0" crapScore="6" isConstructor="false" isStatic="false" isGetter="false" isSetter="false">
              <Summary numSequencePoints="5" visitedSequencePoints="0" numBranchPoints="1" visitedBranchPoints="0" sequenceCoverage="0" branchCoverage="0" maxCyclomaticComplexity="2" minCyclomaticComplexity="2" maxCrapScore="6" minCrapScore="6" visitedClasses="0" numClasses="0" visitedMethods="0" numMethods="1" />
              <MetadataToken>100663310</MetadataToken>
              <Name>System.Collections.Generic.List`1&lt;System.String&gt; Log4NetAppenders.UnitTest.MockServer::GetMessages()</Name>
              <FileRef uid="3" />
              <SequencePoints>
                <SequencePoint vc="0" uspid="169" ordinal="0" offset="0" sl="159" sc="9" el="159" ec="10" bec="0" bev="0" fileid="3" />
                <SequencePoint vc="0" uspid="170" ordinal="1" offset="1" sl="160" sc="13" el="160" ec="25" bec="0" bev="0" fileid="3" />
                <SequencePoint vc="0" uspid="171" ordinal="2" offset="19" sl="161" sc="13" el="161" ec="14" bec="0" bev="0" fileid="3" />
                <SequencePoint vc="0" uspid="172" ordinal="3" offset="20" sl="162" sc="17" el="162" ec="52" bec="0" bev="0" fileid="3" />
                <SequencePoint vc="0" uspid="173" ordinal="4" offset="45" sl="164" sc="9" el="164" ec="10" bec="0" bev="0" fileid="3" />
              </SequencePoints>
              <BranchPoints />
              <MethodPoint xsi:type="SequencePoint" vc="0" uspid="169" ordinal="0" offset="0" sl="159" sc="9" el="159" ec="10" bec="0" bev="0" fileid="3" />
            </Method>
            <Method visited="false" cyclomaticComplexity="2" nPathComplexity="0" sequenceCoverage="0" branchCoverage="0" crapScore="6" isConstructor="false" isStatic="false" isGetter="false" isSetter="false">
              <Summary numSequencePoints="6" visitedSequencePoints="0" numBranchPoints="1" visitedBranchPoints="0" sequenceCoverage="0" branchCoverage="0" maxCyclomaticComplexity="2" minCyclomaticComplexity="2" maxCrapScore="6" minCrapScore="6" visitedClasses="0" numClasses="0" visitedMethods="0" numMethods="1" />
              <MetadataToken>100663311</MetadataToken>
              <Name>System.Void Log4NetAppenders.UnitTest.MockServer::ClearMessages()</Name>
              <FileRef uid="3" />
              <SequencePoints>
                <SequencePoint vc="0" uspid="174" ordinal="0" offset="0" sl="167" sc="9" el="167" ec="10" bec="0" bev="0" fileid="3" />
                <SequencePoint vc="0" uspid="175" ordinal="1" offset="1" sl="168" sc="13" el="168" ec="25" bec="0" bev="0" fileid="3" />
                <SequencePoint vc="0" uspid="176" ordinal="2" offset="19" sl="169" sc="13" el="169" ec="14" bec="0" bev="0" fileid="3" />
                <SequencePoint vc="0" uspid="177" ordinal="3" offset="20" sl="170" sc="17" el="170" ec="35" bec="0" bev="0" fileid="3" />
                <SequencePoint vc="0" uspid="178" ordinal="4" offset="32" sl="171" sc="13" el="171" ec="14" bec="0" bev="0" fileid="3" />
                <SequencePoint vc="0" uspid="179" ordinal="5" offset="46" sl="172" sc="9" el="172" ec="10" bec="0" bev="0" fileid="3" />
              </SequencePoints>
              <BranchPoints />
              <MethodPoint xsi:type="SequencePoint" vc="0" uspid="174" ordinal="0" offset="0" sl="167" sc="9" el="167" ec="10" bec="0" bev="0" fileid="3" />
            </Method>
            <Method visited="false" cyclomaticComplexity="1" nPathComplexity="0" sequenceCoverage="0" branchCoverage="0" crapScore="2" isConstructor="true" isStatic="false" isGetter="false" isSetter="false">
              <Summary numSequencePoints="3" visitedSequencePoints="0" numBranchPoints="1" visitedBranchPoints="0" sequenceCoverage="0" branchCoverage="0" maxCyclomaticComplexity="1" minCyclomaticComplexity="1" maxCrapScore="2" minCrapScore="2" visitedClasses="0" numClasses="0" visitedMethods="0" numMethods="1" />
              <MetadataToken>100663312</MetadataToken>
              <Name>System.Void Log4NetAppenders.UnitTest.MockServer::.ctor()</Name>
              <FileRef uid="3" />
              <SequencePoints>
                <SequencePoint vc="0" uspid="180" ordinal="0" offset="0" sl="174" sc="9" el="174" ec="46" bec="0" bev="0" fileid="3" />
                <SequencePoint vc="0" uspid="181" ordinal="1" offset="11" sl="179" sc="9" el="179" ec="95" bec="0" bev="0" fileid="3" />
                <SequencePoint vc="0" uspid="182" ordinal="2" offset="22" sl="182" sc="9" el="182" ec="62" bec="0" bev="0" fileid="3" />
              </SequencePoints>
              <BranchPoints />
              <MethodPoint xsi:type="SequencePoint" vc="0" uspid="180" ordinal="0" offset="0" sl="174" sc="9" el="174" ec="46" bec="0" bev="0" fileid="3" />
            </Method>
          </Methods>
        </Class>
        <Class>
          <Summary numSequencePoints="335" visitedSequencePoints="0" numBranchPoints="26" visitedBranchPoints="0" sequenceCoverage="0" branchCoverage="0" maxCyclomaticComplexity="3" minCyclomaticComplexity="1" maxCrapScore="12" minCrapScore="2" visitedClasses="0" numClasses="1" visitedMethods="0" numMethods="22" />
          <FullName>Log4NetAppenders.UnitTest.RemoteSyslogAsyncSSLAppenderTest</FullName>
          <Methods>
            <Method visited="false" cyclomaticComplexity="1" nPathComplexity="0" sequenceCoverage="0" branchCoverage="0" crapScore="2" isConstructor="false" isStatic="true" isGetter="false" isSetter="false">
              <Summary numSequencePoints="4" visitedSequencePoints="0" numBranchPoints="1" visitedBranchPoints="0" sequenceCoverage="0" branchCoverage="0" maxCyclomaticComplexity="1" minCyclomaticComplexity="1" maxCrapScore="2" minCrapScore="2" visitedClasses="0" numClasses="0" visitedMethods="0" numMethods="1" />
              <MetadataToken>100663313</MetadataToken>
              <Name>System.String Log4NetAppenders.UnitTest.RemoteSyslogAsyncSSLAppenderTest::FormatMessage(System.String)</Name>
              <FileRef uid="4" />
              <SequencePoints>
                <SequencePoint vc="0" uspid="183" ordinal="0" offset="0" sl="37" sc="9" el="37" ec="10" bec="0" bev="0" fileid="4" />
                <SequencePoint vc="0" uspid="184" ordinal="1" offset="1" sl="38" sc="13" el="38" ec="53" bec="0" bev="0" fileid="4" />
                <SequencePoint vc="0" uspid="185" ordinal="2" offset="23" sl="39" sc="13" el="39" ec="28" bec="0" bev="0" fileid="4" />
                <SequencePoint vc="0" uspid="186" ordinal="3" offset="27" sl="40" sc="9" el="40" ec="10" bec="0" bev="0" fileid="4" />
              </SequencePoints>
              <BranchPoints />
              <MethodPoint xsi:type="SequencePoint" vc="0" uspid="183" ordinal="0" offset="0" sl="37" sc="9" el="37" ec="10" bec="0" bev="0" fileid="4" />
            </Method>
            <Method visited="false" cyclomaticComplexity="1" nPathComplexity="0" sequenceCoverage="0" branchCoverage="0" crapScore="2" isConstructor="false" isStatic="true" isGetter="false" isSetter="false">
              <Summary numSequencePoints="11" visitedSequencePoints="0" numBranchPoints="1" visitedBranchPoints="0" sequenceCoverage="0" branchCoverage="0" maxCyclomaticComplexity="1" minCyclomaticComplexity="1" maxCrapScore="2" minCrapScore="2" visitedClasses="0" numClasses="0" visitedMethods="0" numMethods="1" />
              <MetadataToken>100663314</MetadataToken>
              <Name>System.Void Log4NetAppenders.UnitTest.RemoteSyslogAsyncSSLAppenderTest::CreateAppender()</Name>
              <FileRef uid="4" />
              <SequencePoints>
                <SequencePoint vc="0" uspid="187" ordinal="0" offset="0" sl="43" sc="9" el="43" ec="10" bec="0" bev="0" fileid="4" />
                <SequencePoint vc="0" uspid="188" ordinal="1" offset="1" sl="44" sc="13" el="44" ec="60" bec="0" bev="0" fileid="4" />
                <SequencePoint vc="0" uspid="189" ordinal="2" offset="12" sl="45" sc="13" el="45" ec="38" bec="0" bev="0" fileid="4" />
                <SequencePoint vc="0" uspid="190" ordinal="3" offset="19" sl="47" sc="13" el="56" ec="15" bec="0" bev="0" fileid="4" />
                <SequencePoint vc="0" uspid="191" ordinal="4" offset="108" sl="57" sc="13" el="57" ec="40" bec="0" bev="0" fileid="4" />
                <SequencePoint vc="0" uspid="192" ordinal="5" offset="115" sl="59" sc="13" el="63" ec="15" bec="0" bev="0" fileid="4" />
                <SequencePoint vc="0" uspid="193" ordinal="6" offset="141" sl="64" sc="13" el="64" ec="44" bec="0" bev="0" fileid="4" />
                <SequencePoint vc="0" uspid="194" ordinal="7" offset="148" sl="66" sc="13" el="66" ec="65" bec="0" bev="0" fileid="4" />
                <SequencePoint vc="0" uspid="195" ordinal="8" offset="168" sl="68" sc="13" el="68" ec="34" bec="0" bev="0" fileid="4" />
                <SequencePoint vc="0" uspid="196" ordinal="9" offset="174" sl="69" sc="13" el="69" ec="79" bec="0" bev="0" fileid="4" />
                <SequencePoint vc="0" uspid="197" ordinal="10" offset="194" sl="70" sc="9" el="70" ec="10" bec="0" bev="0" fileid="4" />
              </SequencePoints>
              <BranchPoints />
              <MethodPoint xsi:type="SequencePoint" vc="0" uspid="187" ordinal="0" offset="0" sl="43" sc="9" el="43" ec="10" bec="0" bev="0" fileid="4" />
            </Method>
            <Method visited="false" cyclomaticComplexity="1" nPathComplexity="0" sequenceCoverage="0" branchCoverage="0" crapScore="2" isConstructor="false" isStatic="true" isGetter="false" isSetter="false">
              <Summary numSequencePoints="4" visitedSequencePoints="0" numBranchPoints="1" visitedBranchPoints="0" sequenceCoverage="0" branchCoverage="0" maxCyclomaticComplexity="1" minCyclomaticComplexity="1" maxCrapScore="2" minCrapScore="2" visitedClasses="0" numClasses="0" visitedMethods="0" numMethods="1" />
              <MetadataToken>100663315</MetadataToken>
              <Name>System.Void Log4NetAppenders.UnitTest.RemoteSyslogAsyncSSLAppenderTest::SuiteSetUp(Microsoft.VisualStudio.TestTools.UnitTesting.TestContext)</Name>
              <FileRef uid="4" />
              <SequencePoints>
                <SequencePoint vc="0" uspid="198" ordinal="0" offset="0" sl="76" sc="9" el="76" ec="10" bec="0" bev="0" fileid="4" />
                <SequencePoint vc="0" uspid="199" ordinal="1" offset="1" sl="78" sc="13" el="78" ec="56" bec="0" bev="0" fileid="4" />
                <SequencePoint vc="0" uspid="200" ordinal="2" offset="22" sl="79" sc="13" el="79" ec="30" bec="0" bev="0" fileid="4" />
                <SequencePoint vc="0" uspid="201" ordinal="3" offset="28" sl="80" sc="9" el="80" ec="10" bec="0" bev="0" fileid="4" />
              </SequencePoints>
              <BranchPoints />
              <MethodPoint xsi:type="SequencePoint" vc="0" uspid="198" ordinal="0" offset="0" sl="76" sc="9" el="76" ec="10" bec="0" bev="0" fileid="4" />
            </Method>
            <Method visited="false" cyclomaticComplexity="1" nPathComplexity="0" sequenceCoverage="0" branchCoverage="0" crapScore="2" isConstructor="false" isStatic="true" isGetter="false" isSetter="false">
              <Summary numSequencePoints="3" visitedSequencePoints="0" numBranchPoints="1" visitedBranchPoints="0" sequenceCoverage="0" branchCoverage="0" maxCyclomaticComplexity="1" minCyclomaticComplexity="1" maxCrapScore="2" minCrapScore="2" visitedClasses="0" numClasses="0" visitedMethods="0" numMethods="1" />
              <MetadataToken>100663316</MetadataToken>
              <Name>System.Void Log4NetAppenders.UnitTest.RemoteSyslogAsyncSSLAppenderTest::SuiteTearDown()</Name>
              <FileRef uid="4" />
              <SequencePoints>
                <SequencePoint vc="0" uspid="202" ordinal="0" offset="0" sl="85" sc="9" el="85" ec="10" bec="0" bev="0" fileid="4" />
                <SequencePoint vc="0" uspid="203" ordinal="1" offset="1" sl="86" sc="13" el="86" ec="31" bec="0" bev="0" fileid="4" />
                <SequencePoint vc="0" uspid="204" ordinal="2" offset="12" sl="87" sc="9" el="87" ec="10" bec="0" bev="0" fileid="4" />
              </SequencePoints>
              <BranchPoints />
              <MethodPoint xsi:type="SequencePoint" vc="0" uspid="202" ordinal="0" offset="0" sl="85" sc="9" el="85" ec="10" bec="0" bev="0" fileid="4" />
            </Method>
            <Method visited="false" cyclomaticComplexity="1" nPathComplexity="0" sequenceCoverage="0" branchCoverage="0" crapScore="2" isConstructor="false" isStatic="false" isGetter="false" isSetter="false">
              <Summary numSequencePoints="2" visitedSequencePoints="0" numBranchPoints="1" visitedBranchPoints="0" sequenceCoverage="0" branchCoverage="0" maxCyclomaticComplexity="1" minCyclomaticComplexity="1" maxCrapScore="2" minCrapScore="2" visitedClasses="0" numClasses="0" visitedMethods="0" numMethods="1" />
              <MetadataToken>100663317</MetadataToken>
              <Name>System.Void Log4NetAppenders.UnitTest.RemoteSyslogAsyncSSLAppenderTest::TestSetUp()</Name>
              <FileRef uid="4" />
              <SequencePoints>
                <SequencePoint vc="0" uspid="205" ordinal="0" offset="0" sl="92" sc="9" el="92" ec="10" bec="0" bev="0" fileid="4" />
                <SequencePoint vc="0" uspid="206" ordinal="1" offset="1" sl="94" sc="9" el="94" ec="10" bec="0" bev="0" fileid="4" />
              </SequencePoints>
              <BranchPoints />
              <MethodPoint xsi:type="SequencePoint" vc="0" uspid="205" ordinal="0" offset="0" sl="92" sc="9" el="92" ec="10" bec="0" bev="0" fileid="4" />
            </Method>
            <Method visited="false" cyclomaticComplexity="1" nPathComplexity="0" sequenceCoverage="0" branchCoverage="0" crapScore="2" isConstructor="false" isStatic="false" isGetter="false" isSetter="false">
              <Summary numSequencePoints="2" visitedSequencePoints="0" numBranchPoints="1" visitedBranchPoints="0" sequenceCoverage="0" branchCoverage="0" maxCyclomaticComplexity="1" minCyclomaticComplexity="1" maxCrapScore="2" minCrapScore="2" visitedClasses="0" numClasses="0" visitedMethods="0" numMethods="1" />
              <MetadataToken>100663318</MetadataToken>
              <Name>System.Void Log4NetAppenders.UnitTest.RemoteSyslogAsyncSSLAppenderTest::TestTearDown()</Name>
              <FileRef uid="4" />
              <SequencePoints>
                <SequencePoint vc="0" uspid="207" ordinal="0" offset="0" sl="99" sc="9" el="99" ec="10" bec="0" bev="0" fileid="4" />
                <SequencePoint vc="0" uspid="208" ordinal="1" offset="1" sl="101" sc="9" el="101" ec="10" bec="0" bev="0" fileid="4" />
              </SequencePoints>
              <BranchPoints />
              <MethodPoint xsi:type="SequencePoint" vc="0" uspid="207" ordinal="0" offset="0" sl="99" sc="9" el="99" ec="10" bec="0" bev="0" fileid="4" />
            </Method>
            <Method visited="false" cyclomaticComplexity="1" nPathComplexity="0" sequenceCoverage="0" branchCoverage="0" crapScore="2" isConstructor="false" isStatic="false" isGetter="false" isSetter="false">
              <Summary numSequencePoints="7" visitedSequencePoints="0" numBranchPoints="1" visitedBranchPoints="0" sequenceCoverage="0" branchCoverage="0" maxCyclomaticComplexity="1" minCyclomaticComplexity="1" maxCrapScore="2" minCrapScore="2" visitedClasses="0" numClasses="0" visitedMethods="0" numMethods="1" />
              <MetadataToken>100663319</MetadataToken>
              <Name>System.Void Log4NetAppenders.UnitTest.RemoteSyslogAsyncSSLAppenderTest::TestCertPathNotDefinedSkipDisableSSL()</Name>
              <FileRef uid="4" />
              <SequencePoints>
                <SequencePoint vc="0" uspid="209" ordinal="0" offset="0" sl="106" sc="9" el="106" ec="10" bec="0" bev="0" fileid="4" />
                <SequencePoint vc="0" uspid="210" ordinal="1" offset="1" sl="107" sc="13" el="107" ec="48" bec="0" bev="0" fileid="4" />
                <SequencePoint vc="0" uspid="211" ordinal="2" offset="7" sl="108" sc="13" el="113" ec="15" bec="0" bev="0" fileid="4" />
                <SequencePoint vc="0" uspid="212" ordinal="3" offset="64" sl="114" sc="13" el="114" ec="40" bec="0" bev="0" fileid="4" />
                <SequencePoint vc="0" uspid="213" ordinal="4" offset="71" sl="115" sc="13" el="115" ec="109" bec="0" bev="0" fileid="4" />
                <SequencePoint vc="0" uspid="214" ordinal="5" offset="79" sl="116" sc="13" el="116" ec="122" bec="0" bev="0" fileid="4" />
                <SequencePoint vc="0" uspid="215" ordinal="6" offset="98" sl="117" sc="9" el="117" ec="10" bec="0" bev="0" fileid="4" />
              </SequencePoints>
              <BranchPoints />
              <MethodPoint xsi:type="SequencePoint" vc="0" uspid="209" ordinal="0" offset="0" sl="106" sc="9" el="106" ec="10" bec="0" bev="0" fileid="4" />
            </Method>
            <Method visited="false" cyclomaticComplexity="1" nPathComplexity="0" sequenceCoverage="0" branchCoverage="0" crapScore="2" isConstructor="false" isStatic="false" isGetter="false" isSetter="false">
              <Summary numSequencePoints="7" visitedSequencePoints="0" numBranchPoints="1" visitedBranchPoints="0" sequenceCoverage="0" branchCoverage="0" maxCyclomaticComplexity="1" minCyclomaticComplexity="1" maxCrapScore="2" minCrapScore="2" visitedClasses="0" numClasses="0" visitedMethods="0" numMethods="1" />
              <MetadataToken>100663320</MetadataToken>
              <Name>System.Void Log4NetAppenders.UnitTest.RemoteSyslogAsyncSSLAppenderTest::TestCertPathNotValidSkipDisableSSL()</Name>
              <FileRef uid="4" />
              <SequencePoints>
                <SequencePoint vc="0" uspid="216" ordinal="0" offset="0" sl="121" sc="9" el="121" ec="10" bec="0" bev="0" fileid="4" />
                <SequencePoint vc="0" uspid="217" ordinal="1" offset="1" sl="122" sc="13" el="122" ec="48" bec="0" bev="0" fileid="4" />
                <SequencePoint vc="0" uspid="218" ordinal="2" offset="7" sl="123" sc="13" el="128" ec="15" bec="0" bev="0" fileid="4" />
                <SequencePoint vc="0" uspid="219" ordinal="3" offset="68" sl="129" sc="13" el="129" ec="40" bec="0" bev="0" fileid="4" />
                <SequencePoint vc="0" uspid="220" ordinal="4" offset="75" sl="130" sc="13" el="130" ec="109" bec="0" bev="0" fileid="4" />
                <SequencePoint vc="0" uspid="221" ordinal="5" offset="83" sl="131" sc="13" el="131" ec="122" bec="0" bev="0" fileid="4" />
                <SequencePoint vc="0" uspid="222" ordinal="6" offset="102" sl="132" sc="9" el="132" ec="10" bec="0" bev="0" fileid="4" />
              </SequencePoints>
              <BranchPoints />
              <MethodPoint xsi:type="SequencePoint" vc="0" uspid="216" ordinal="0" offset="0" sl="121" sc="9" el="121" ec="10" bec="0" bev="0" fileid="4" />
            </Method>
            <Method visited="false" cyclomaticComplexity="1" nPathComplexity="0" sequenceCoverage="0" branchCoverage="0" crapScore="2" isConstructor="false" isStatic="false" isGetter="false" isSetter="false">
              <Summary numSequencePoints="5" visitedSequencePoints="0" numBranchPoints="1" visitedBranchPoints="0" sequenceCoverage="0" branchCoverage="0" maxCyclomaticComplexity="1" minCyclomaticComplexity="1" maxCrapScore="2" minCrapScore="2" visitedClasses="0" numClasses="0" visitedMethods="0" numMethods="1" />
              <MetadataToken>100663321</MetadataToken>
              <Name>System.Void Log4NetAppenders.UnitTest.RemoteSyslogAsyncSSLAppenderTest::TestSysLogFacilityNotDefinedException()</Name>
              <FileRef uid="4" />
              <SequencePoints>
                <SequencePoint vc="0" uspid="223" ordinal="0" offset="0" sl="138" sc="9" el="138" ec="10" bec="0" bev="0" fileid="4" />
                <SequencePoint vc="0" uspid="224" ordinal="1" offset="1" sl="139" sc="13" el="145" ec="15" bec="0" bev="0" fileid="4" />
                <SequencePoint vc="0" uspid="225" ordinal="2" offset="63" sl="146" sc="13" el="146" ec="40" bec="0" bev="0" fileid="4" />
                <SequencePoint vc="0" uspid="226" ordinal="3" offset="70" sl="147" sc="13" el="147" ec="56" bec="0" bev="0" fileid="4" />
                <SequencePoint vc="0" uspid="227" ordinal="4" offset="81" sl="148" sc="9" el="148" ec="10" bec="0" bev="0" fileid="4" />
              </SequencePoints>
              <BranchPoints />
              <MethodPoint xsi:type="SequencePoint" vc="0" uspid="223" ordinal="0" offset="0" sl="138" sc="9" el="138" ec="10" bec="0" bev="0" fileid="4" />
            </Method>
            <Method visited="false" cyclomaticComplexity="1" nPathComplexity="0" sequenceCoverage="0" branchCoverage="0" crapScore="2" isConstructor="false" isStatic="false" isGetter="false" isSetter="false">
              <Summary numSequencePoints="6" visitedSequencePoints="0" numBranchPoints="1" visitedBranchPoints="0" sequenceCoverage="0" branchCoverage="0" maxCyclomaticComplexity="1" minCyclomaticComplexity="1" maxCrapScore="2" minCrapScore="2" visitedClasses="0" numClasses="0" visitedMethods="0" numMethods="1" />
              <MetadataToken>100663322</MetadataToken>
              <Name>System.Void Log4NetAppenders.UnitTest.RemoteSyslogAsyncSSLAppenderTest::TestRemoteHostNotDefinedException()</Name>
              <FileRef uid="4" />
              <SequencePoints>
                <SequencePoint vc="0" uspid="228" ordinal="0" offset="0" sl="154" sc="9" el="154" ec="10" bec="0" bev="0" fileid="4" />
                <SequencePoint vc="0" uspid="229" ordinal="1" offset="1" sl="155" sc="13" el="155" ec="48" bec="0" bev="0" fileid="4" />
                <SequencePoint vc="0" uspid="230" ordinal="2" offset="7" sl="156" sc="13" el="163" ec="15" bec="0" bev="0" fileid="4" />
                <SequencePoint vc="0" uspid="231" ordinal="3" offset="73" sl="164" sc="13" el="164" ec="40" bec="0" bev="0" fileid="4" />
                <SequencePoint vc="0" uspid="232" ordinal="4" offset="80" sl="165" sc="13" el="165" ec="56" bec="0" bev="0" fileid="4" />
                <SequencePoint vc="0" uspid="233" ordinal="5" offset="91" sl="166" sc="9" el="166" ec="10" bec="0" bev="0" fileid="4" />
              </SequencePoints>
              <BranchPoints />
              <MethodPoint xsi:type="SequencePoint" vc="0" uspid="228" ordinal="0" offset="0" sl="154" sc="9" el="154" ec="10" bec="0" bev="0" fileid="4" />
            </Method>
            <Method visited="false" cyclomaticComplexity="1" nPathComplexity="0" sequenceCoverage="0" branchCoverage="0" crapScore="2" isConstructor="false" isStatic="false" isGetter="false" isSetter="false">
              <Summary numSequencePoints="6" visitedSequencePoints="0" numBranchPoints="1" visitedBranchPoints="0" sequenceCoverage="0" branchCoverage="0" maxCyclomaticComplexity="1" minCyclomaticComplexity="1" maxCrapScore="2" minCrapScore="2" visitedClasses="0" numClasses="0" visitedMethods="0" numMethods="1" />
              <MetadataToken>100663323</MetadataToken>
              <Name>System.Void Log4NetAppenders.UnitTest.RemoteSyslogAsyncSSLAppenderTest::TestRemoteHostNotValidException()</Name>
              <FileRef uid="4" />
              <SequencePoints>
                <SequencePoint vc="0" uspid="234" ordinal="0" offset="0" sl="171" sc="9" el="171" ec="10" bec="0" bev="0" fileid="4" />
                <SequencePoint vc="0" uspid="235" ordinal="1" offset="1" sl="172" sc="13" el="172" ec="48" bec="0" bev="0" fileid="4" />
                <SequencePoint vc="0" uspid="236" ordinal="2" offset="7" sl="173" sc="13" el="178" ec="15" bec="0" bev="0" fileid="4" />
                <SequencePoint vc="0" uspid="237" ordinal="3" offset="72" sl="179" sc="13" el="179" ec="40" bec="0" bev="0" fileid="4" />
                <SequencePoint vc="0" uspid="238" ordinal="4" offset="79" sl="180" sc="13" el="180" ec="56" bec="0" bev="0" fileid="4" />
                <SequencePoint vc="0" uspid="239" ordinal="5" offset="90" sl="181" sc="9" el="181" ec="10" bec="0" bev="0" fileid="4" />
              </SequencePoints>
              <BranchPoints />
              <MethodPoint xsi:type="SequencePoint" vc="0" uspid="234" ordinal="0" offset="0" sl="171" sc="9" el="171" ec="10" bec="0" bev="0" fileid="4" />
            </Method>
            <Method visited="false" cyclomaticComplexity="1" nPathComplexity="0" sequenceCoverage="0" branchCoverage="0" crapScore="2" isConstructor="false" isStatic="false" isGetter="false" isSetter="false">
              <Summary numSequencePoints="6" visitedSequencePoints="0" numBranchPoints="1" visitedBranchPoints="0" sequenceCoverage="0" branchCoverage="0" maxCyclomaticComplexity="1" minCyclomaticComplexity="1" maxCrapScore="2" minCrapScore="2" visitedClasses="0" numClasses="0" visitedMethods="0" numMethods="1" />
              <MetadataToken>100663324</MetadataToken>
              <Name>System.Void Log4NetAppenders.UnitTest.RemoteSyslogAsyncSSLAppenderTest::TestCertPathNotDefinedException()</Name>
              <FileRef uid="4" />
              <SequencePoints>
                <SequencePoint vc="0" uspid="240" ordinal="0" offset="0" sl="187" sc="9" el="187" ec="10" bec="0" bev="0" fileid="4" />
                <SequencePoint vc="0" uspid="241" ordinal="1" offset="1" sl="188" sc="13" el="188" ec="48" bec="0" bev="0" fileid="4" />
                <SequencePoint vc="0" uspid="242" ordinal="2" offset="7" sl="189" sc="13" el="193" ec="15" bec="0" bev="0" fileid="4" />
                <SequencePoint vc="0" uspid="243" ordinal="3" offset="56" sl="194" sc="13" el="194" ec="40" bec="0" bev="0" fileid="4" />
                <SequencePoint vc="0" uspid="244" ordinal="4" offset="63" sl="195" sc="13" el="195" ec="56" bec="0" bev="0" fileid="4" />
                <SequencePoint vc="0" uspid="245" ordinal="5" offset="74" sl="196" sc="9" el="196" ec="10" bec="0" bev="0" fileid="4" />
              </SequencePoints>
              <BranchPoints />
              <MethodPoint xsi:type="SequencePoint" vc="0" uspid="240" ordinal="0" offset="0" sl="187" sc="9" el="187" ec="10" bec="0" bev="0" fileid="4" />
            </Method>
            <Method visited="false" cyclomaticComplexity="1" nPathComplexity="0" sequenceCoverage="0" branchCoverage="0" crapScore="2" isConstructor="false" isStatic="false" isGetter="false" isSetter="false">
              <Summary numSequencePoints="6" visitedSequencePoints="0" numBranchPoints="1" visitedBranchPoints="0" sequenceCoverage="0" branchCoverage="0" maxCyclomaticComplexity="1" minCyclomaticComplexity="1" maxCrapScore="2" minCrapScore="2" visitedClasses="0" numClasses="0" visitedMethods="0" numMethods="1" />
              <MetadataToken>100663325</MetadataToken>
              <Name>System.Void Log4NetAppenders.UnitTest.RemoteSyslogAsyncSSLAppenderTest::TestCertPathNotValidException()</Name>
              <FileRef uid="4" />
              <SequencePoints>
                <SequencePoint vc="0" uspid="246" ordinal="0" offset="0" sl="202" sc="9" el="202" ec="10" bec="0" bev="0" fileid="4" />
                <SequencePoint vc="0" uspid="247" ordinal="1" offset="1" sl="203" sc="13" el="203" ec="48" bec="0" bev="0" fileid="4" />
                <SequencePoint vc="0" uspid="248" ordinal="2" offset="7" sl="204" sc="13" el="208" ec="15" bec="0" bev="0" fileid="4" />
                <SequencePoint vc="0" uspid="249" ordinal="3" offset="60" sl="209" sc="13" el="209" ec="40" bec="0" bev="0" fileid="4" />
                <SequencePoint vc="0" uspid="250" ordinal="4" offset="67" sl="210" sc="13" el="210" ec="56" bec="0" bev="0" fileid="4" />
                <SequencePoint vc="0" uspid="251" ordinal="5" offset="78" sl="211" sc="9" el="211" ec="10" bec="0" bev="0" fileid="4" />
              </SequencePoints>
              <BranchPoints />
              <MethodPoint xsi:type="SequencePoint" vc="0" uspid="246" ordinal="0" offset="0" sl="202" sc="9" el="202" ec="10" bec="0" bev="0" fileid="4" />
            </Method>
            <Method visited="false" cyclomaticComplexity="1" nPathComplexity="0" sequenceCoverage="0" branchCoverage="0" crapScore="2" isConstructor="false" isStatic="false" isGetter="false" isSetter="false">
              <Summary numSequencePoints="5" visitedSequencePoints="0" numBranchPoints="1" visitedBranchPoints="0" sequenceCoverage="0" branchCoverage="0" maxCyclomaticComplexity="1" minCyclomaticComplexity="1" maxCrapScore="2" minCrapScore="2" visitedClasses="0" numClasses="0" visitedMethods="0" numMethods="1" />
              <MetadataToken>100663326</MetadataToken>
              <Name>System.Void Log4NetAppenders.UnitTest.RemoteSyslogAsyncSSLAppenderTest::TestSysLogFacilityNotDefined1Exception()</Name>
              <FileRef uid="4" />
              <SequencePoints>
                <SequencePoint vc="0" uspid="252" ordinal="0" offset="0" sl="217" sc="9" el="217" ec="10" bec="0" bev="0" fileid="4" />
                <SequencePoint vc="0" uspid="253" ordinal="1" offset="1" sl="218" sc="13" el="222" ec="15" bec="0" bev="0" fileid="4" />
                <SequencePoint vc="0" uspid="254" ordinal="2" offset="54" sl="223" sc="13" el="223" ec="40" bec="0" bev="0" fileid="4" />
                <SequencePoint vc="0" uspid="255" ordinal="3" offset="61" sl="224" sc="13" el="224" ec="56" bec="0" bev="0" fileid="4" />
                <SequencePoint vc="0" uspid="256" ordinal="4" offset="72" sl="225" sc="9" el="225" ec="10" bec="0" bev="0" fileid="4" />
              </SequencePoints>
              <BranchPoints />
              <MethodPoint xsi:type="SequencePoint" vc="0" uspid="252" ordinal="0" offset="0" sl="217" sc="9" el="217" ec="10" bec="0" bev="0" fileid="4" />
            </Method>
            <Method visited="false" cyclomaticComplexity="1" nPathComplexity="0" sequenceCoverage="0" branchCoverage="0" crapScore="2" isConstructor="false" isStatic="false" isGetter="false" isSetter="false">
              <Summary numSequencePoints="5" visitedSequencePoints="0" numBranchPoints="1" visitedBranchPoints="0" sequenceCoverage="0" branchCoverage="0" maxCyclomaticComplexity="1" minCyclomaticComplexity="1" maxCrapScore="2" minCrapScore="2" visitedClasses="0" numClasses="0" visitedMethods="0" numMethods="1" />
              <MetadataToken>100663327</MetadataToken>
              <Name>System.Void Log4NetAppenders.UnitTest.RemoteSyslogAsyncSSLAppenderTest::TestSysLogFacilityNotDefined2Exception()</Name>
              <FileRef uid="4" />
              <SequencePoints>
                <SequencePoint vc="0" uspid="257" ordinal="0" offset="0" sl="230" sc="9" el="230" ec="10" bec="0" bev="0" fileid="4" />
                <SequencePoint vc="0" uspid="258" ordinal="1" offset="1" sl="231" sc="13" el="235" ec="15" bec="0" bev="0" fileid="4" />
                <SequencePoint vc="0" uspid="259" ordinal="2" offset="58" sl="236" sc="13" el="236" ec="40" bec="0" bev="0" fileid="4" />
                <SequencePoint vc="0" uspid="260" ordinal="3" offset="65" sl="237" sc="13" el="237" ec="56" bec="0" bev="0" fileid="4" />
                <SequencePoint vc="0" uspid="261" ordinal="4" offset="76" sl="238" sc="9" el="238" ec="10" bec="0" bev="0" fileid="4" />
              </SequencePoints>
              <BranchPoints />
              <MethodPoint xsi:type="SequencePoint" vc="0" uspid="257" ordinal="0" offset="0" sl="230" sc="9" el="230" ec="10" bec="0" bev="0" fileid="4" />
            </Method>
            <Method visited="false" cyclomaticComplexity="1" nPathComplexity="0" sequenceCoverage="0" branchCoverage="0" crapScore="2" isConstructor="false" isStatic="false" isGetter="false" isSetter="false">
              <Summary numSequencePoints="5" visitedSequencePoints="0" numBranchPoints="1" visitedBranchPoints="0" sequenceCoverage="0" branchCoverage="0" maxCyclomaticComplexity="1" minCyclomaticComplexity="1" maxCrapScore="2" minCrapScore="2" visitedClasses="0" numClasses="0" visitedMethods="0" numMethods="1" />
              <MetadataToken>100663328</MetadataToken>
              <Name>System.Void Log4NetAppenders.UnitTest.RemoteSyslogAsyncSSLAppenderTest::TestSysLogFacilityInvalidException()</Name>
              <FileRef uid="4" />
              <SequencePoints>
                <SequencePoint vc="0" uspid="262" ordinal="0" offset="0" sl="243" sc="9" el="243" ec="10" bec="0" bev="0" fileid="4" />
                <SequencePoint vc="0" uspid="263" ordinal="1" offset="1" sl="244" sc="13" el="248" ec="15" bec="0" bev="0" fileid="4" />
                <SequencePoint vc="0" uspid="264" ordinal="2" offset="58" sl="249" sc="13" el="249" ec="40" bec="0" bev="0" fileid="4" />
                <SequencePoint vc="0" uspid="265" ordinal="3" offset="65" sl="250" sc="13" el="250" ec="56" bec="0" bev="0" fileid="4" />
                <SequencePoint vc="0" uspid="266" ordinal="4" offset="76" sl="251" sc="9" el="251" ec="10" bec="0" bev="0" fileid="4" />
              </SequencePoints>
              <BranchPoints />
              <MethodPoint xsi:type="SequencePoint" vc="0" uspid="262" ordinal="0" offset="0" sl="243" sc="9" el="243" ec="10" bec="0" bev="0" fileid="4" />
            </Method>
            <Method visited="false" cyclomaticComplexity="1" nPathComplexity="0" sequenceCoverage="0" branchCoverage="0" crapScore="2" isConstructor="false" isStatic="false" isGetter="false" isSetter="false">
              <Summary numSequencePoints="7" visitedSequencePoints="0" numBranchPoints="1" visitedBranchPoints="0" sequenceCoverage="0" branchCoverage="0" maxCyclomaticComplexity="1" minCyclomaticComplexity="1" maxCrapScore="2" minCrapScore="2" visitedClasses="0" numClasses="0" visitedMethods="0" numMethods="1" />
              <MetadataToken>100663329</MetadataToken>
              <Name>System.Void Log4NetAppenders.UnitTest.RemoteSyslogAsyncSSLAppenderTest::TestDomainNameAsync()</Name>
              <FileRef uid="4" />
              <SequencePoints>
                <SequencePoint vc="0" uspid="267" ordinal="0" offset="0" sl="255" sc="9" el="255" ec="10" bec="0" bev="0" fileid="4" />
                <SequencePoint vc="0" uspid="268" ordinal="1" offset="1" sl="256" sc="13" el="256" ec="48" bec="0" bev="0" fileid="4" />
                <SequencePoint vc="0" uspid="269" ordinal="2" offset="7" sl="257" sc="13" el="262" ec="15" bec="0" bev="0" fileid="4" />
                <SequencePoint vc="0" uspid="270" ordinal="3" offset="72" sl="264" sc="13" el="264" ec="64" bec="0" bev="0" fileid="4" />
                <SequencePoint vc="0" uspid="271" ordinal="4" offset="89" sl="266" sc="13" el="270" ec="15" bec="0" bev="0" fileid="4" />
                <SequencePoint vc="0" uspid="272" ordinal="5" offset="142" sl="271" sc="13" el="271" ec="65" bec="0" bev="0" fileid="4" />
                <SequencePoint vc="0" uspid="273" ordinal="6" offset="159" sl="272" sc="9" el="272" ec="10" bec="0" bev="0" fileid="4" />
              </SequencePoints>
              <BranchPoints />
              <MethodPoint xsi:type="SequencePoint" vc="0" uspid="267" ordinal="0" offset="0" sl="255" sc="9" el="255" ec="10" bec="0" bev="0" fileid="4" />
            </Method>
            <Method visited="false" cyclomaticComplexity="1" nPathComplexity="0" sequenceCoverage="0" branchCoverage="0" crapScore="2" isConstructor="false" isStatic="false" isGetter="false" isSetter="false">
              <Summary numSequencePoints="122" visitedSequencePoints="0" numBranchPoints="1" visitedBranchPoints="0" sequenceCoverage="0" branchCoverage="0" maxCyclomaticComplexity="1" minCyclomaticComplexity="1" maxCrapScore="2" minCrapScore="2" visitedClasses="0" numClasses="0" visitedMethods="0" numMethods="1" />
              <MetadataToken>100663330</MetadataToken>
              <Name>System.Void Log4NetAppenders.UnitTest.RemoteSyslogAsyncSSLAppenderTest::TestSysLogFacilityAsync()</Name>
              <FileRef uid="4" />
              <SequencePoints>
                <SequencePoint vc="0" uspid="274" ordinal="0" offset="0" sl="277" sc="9" el="277" ec="10" bec="0" bev="0" fileid="4" />
                <SequencePoint vc="0" uspid="275" ordinal="1" offset="1" sl="278" sc="13" el="278" ec="48" bec="0" bev="0" fileid="4" />
                <SequencePoint vc="0" uspid="276" ordinal="2" offset="7" sl="279" sc="13" el="283" ec="15" bec="0" bev="0" fileid="4" />
                <SequencePoint vc="0" uspid="277" ordinal="3" offset="60" sl="284" sc="13" el="284" ec="40" bec="0" bev="0" fileid="4" />
                <SequencePoint vc="0" uspid="278" ordinal="4" offset="67" sl="285" sc="13" el="285" ec="109" bec="0" bev="0" fileid="4" />
                <SequencePoint vc="0" uspid="279" ordinal="5" offset="75" sl="286" sc="13" el="286" ec="122" bec="0" bev="0" fileid="4" />
                <SequencePoint vc="0" uspid="280" ordinal="6" offset="94" sl="288" sc="13" el="288" ec="39" bec="0" bev="0" fileid="4" />
                <SequencePoint vc="0" uspid="281" ordinal="7" offset="100" sl="289" sc="13" el="293" ec="15" bec="0" bev="0" fileid="4" />
                <SequencePoint vc="0" uspid="282" ordinal="8" offset="153" sl="294" sc="13" el="294" ec="40" bec="0" bev="0" fileid="4" />
                <SequencePoint vc="0" uspid="283" ordinal="9" offset="160" sl="295" sc="13" el="295" ec="105" bec="0" bev="0" fileid="4" />
                <SequencePoint vc="0" uspid="284" ordinal="10" offset="168" sl="296" sc="13" el="296" ec="122" bec="0" bev="0" fileid="4" />
                <SequencePoint vc="0" uspid="285" ordinal="11" offset="187" sl="298" sc="13" el="298" ec="39" bec="0" bev="0" fileid="4" />
                <SequencePoint vc="0" uspid="286" ordinal="12" offset="193" sl="299" sc="13" el="303" ec="15" bec="0" bev="0" fileid="4" />
                <SequencePoint vc="0" uspid="287" ordinal="13" offset="246" sl="304" sc="13" el="304" ec="40" bec="0" bev="0" fileid="4" />
                <SequencePoint vc="0" uspid="288" ordinal="14" offset="253" sl="305" sc="13" el="305" ec="105" bec="0" bev="0" fileid="4" />
                <SequencePoint vc="0" uspid="289" ordinal="15" offset="261" sl="306" sc="13" el="306" ec="123" bec="0" bev="0" fileid="4" />
                <SequencePoint vc="0" uspid="290" ordinal="16" offset="281" sl="308" sc="13" el="308" ec="42" bec="0" bev="0" fileid="4" />
                <SequencePoint vc="0" uspid="291" ordinal="17" offset="287" sl="309" sc="13" el="313" ec="15" bec="0" bev="0" fileid="4" />
                <SequencePoint vc="0" uspid="292" ordinal="18" offset="340" sl="314" sc="13" el="314" ec="40" bec="0" bev="0" fileid="4" />
                <SequencePoint vc="0" uspid="293" ordinal="19" offset="347" sl="315" sc="13" el="315" ec="105" bec="0" bev="0" fileid="4" />
                <SequencePoint vc="0" uspid="294" ordinal="20" offset="355" sl="316" sc="13" el="316" ec="123" bec="0" bev="0" fileid="4" />
                <SequencePoint vc="0" uspid="295" ordinal="21" offset="375" sl="318" sc="13" el="318" ec="48" bec="0" bev="0" fileid="4" />
                <SequencePoint vc="0" uspid="296" ordinal="22" offset="381" sl="319" sc="13" el="323" ec="15" bec="0" bev="0" fileid="4" />
                <SequencePoint vc="0" uspid="297" ordinal="23" offset="434" sl="324" sc="13" el="324" ec="40" bec="0" bev="0" fileid="4" />
                <SequencePoint vc="0" uspid="298" ordinal="24" offset="441" sl="325" sc="13" el="325" ec="105" bec="0" bev="0" fileid="4" />
                <SequencePoint vc="0" uspid="299" ordinal="25" offset="449" sl="326" sc="13" el="326" ec="123" bec="0" bev="0" fileid="4" />
                <SequencePoint vc="0" uspid="300" ordinal="26" offset="469" sl="328" sc="13" el="328" ec="41" bec="0" bev="0" fileid="4" />
                <SequencePoint vc="0" uspid="301" ordinal="27" offset="475" sl="329" sc="13" el="333" ec="15" bec="0" bev="0" fileid="4" />
                <SequencePoint vc="0" uspid="302" ordinal="28" offset="528" sl="334" sc="13" el="334" ec="40" bec="0" bev="0" fileid="4" />
                <SequencePoint vc="0" uspid="303" ordinal="29" offset="535" sl="335" sc="13" el="335" ec="105" bec="0" bev="0" fileid="4" />
                <SequencePoint vc="0" uspid="304" ordinal="30" offset="543" sl="336" sc="13" el="336" ec="123" bec="0" bev="0" fileid="4" />
                <SequencePoint vc="0" uspid="305" ordinal="31" offset="563" sl="338" sc="13" el="338" ec="42" bec="0" bev="0" fileid="4" />
                <SequencePoint vc="0" uspid="306" ordinal="32" offset="569" sl="339" sc="13" el="343" ec="15" bec="0" bev="0" fileid="4" />
                <SequencePoint vc="0" uspid="307" ordinal="33" offset="622" sl="344" sc="13" el="344" ec="40" bec="0" bev="0" fileid="4" />
                <SequencePoint vc="0" uspid="308" ordinal="34" offset="629" sl="345" sc="13" el="345" ec="105" bec="0" bev="0" fileid="4" />
                <SequencePoint vc="0" uspid="309" ordinal="35" offset="637" sl="346" sc="13" el="346" ec="123" bec="0" bev="0" fileid="4" />
                <SequencePoint vc="0" uspid="310" ordinal="36" offset="657" sl="348" sc="13" el="348" ec="39" bec="0" bev="0" fileid="4" />
                <SequencePoint vc="0" uspid="311" ordinal="37" offset="663" sl="349" sc="13" el="353" ec="15" bec="0" bev="0" fileid="4" />
[...]
                <SequencePoint vc="0" uspid="1083" ordinal="47" offset="798" sl="622" sc="13" el="622" ec="96" bec="0" bev="0" fileid="12" />
                <SequencePoint vc="0" uspid="1084" ordinal="48" offset="806" sl="623" sc="13" el="623" ec="122" bec="0" bev="0" fileid="12" />
                <SequencePoint vc="0" uspid="1085" ordinal="49" offset="825" sl="625" sc="13" el="625" ec="39" bec="0" bev="0" fileid="12" />
                <SequencePoint vc="0" uspid="1086" ordinal="50" offset="831" sl="626" sc="13" el="626" ec="46" bec="0" bev="0" fileid="12" />
                <SequencePoint vc="0" uspid="1087" ordinal="51" offset="837" sl="627" sc="13" el="631" ec="15" bec="0" bev="0" fileid="12" />
                <SequencePoint vc="0" uspid="1088" ordinal="52" offset="894" sl="632" sc="13" el="632" ec="40" bec="0" bev="0" fileid="12" />
                <SequencePoint vc="0" uspid="1089" ordinal="53" offset="901" sl="633" sc="13" el="633" ec="98" bec="0" bev="0" fileid="12" />
                <SequencePoint vc="0" uspid="1090" ordinal="54" offset="909" sl="634" sc="13" el="634" ec="123" bec="0" bev="0" fileid="12" />
                <SequencePoint vc="0" uspid="1091" ordinal="55" offset="929" sl="635" sc="9" el="635" ec="10" bec="0" bev="0" fileid="12" />
              </SequencePoints>
              <BranchPoints />
              <MethodPoint xsi:type="SequencePoint" vc="0" uspid="1036" ordinal="0" offset="0" sl="536" sc="9" el="536" ec="10" bec="0" bev="0" fileid="12" />
            </Method>
            <Method visited="false" cyclomaticComplexity="1" nPathComplexity="0" sequenceCoverage="0" branchCoverage="0" crapScore="2" isConstructor="false" isStatic="false" isGetter="false" isSetter="false">
              <Summary numSequencePoints="33" visitedSequencePoints="0" numBranchPoints="1" visitedBranchPoints="0" sequenceCoverage="0" branchCoverage="0" maxCyclomaticComplexity="1" minCyclomaticComplexity="1" maxCrapScore="2" minCrapScore="2" visitedClasses="0" numClasses="0" visitedMethods="0" numMethods="1" />
              <MetadataToken>100663373</MetadataToken>
              <Name>System.Void Log4NetAppenders.UnitTest.RemoteSyslogSSLAppenderTest::TestMessageReceipt()</Name>
              <FileRef uid="12" />
              <SequencePoints>
                <SequencePoint vc="0" uspid="1092" ordinal="0" offset="0" sl="639" sc="9" el="639" ec="10" bec="0" bev="0" fileid="12" />
                <SequencePoint vc="0" uspid="1093" ordinal="1" offset="1" sl="640" sc="13" el="640" ec="51" bec="0" bev="0" fileid="12" />
                <SequencePoint vc="0" uspid="1094" ordinal="2" offset="7" sl="641" sc="13" el="641" ec="37" bec="0" bev="0" fileid="12" />
                <SequencePoint vc="0" uspid="1095" ordinal="3" offset="18" sl="643" sc="13" el="643" ec="61" bec="0" bev="0" fileid="12" />
                <SequencePoint vc="0" uspid="1096" ordinal="4" offset="40" sl="644" sc="13" el="644" ec="38" bec="0" bev="0" fileid="12" />
                <SequencePoint vc="0" uspid="1097" ordinal="5" offset="42" sl="646" sc="13" el="646" ec="69" bec="0" bev="0" fileid="12" />
                <SequencePoint vc="0" uspid="1098" ordinal="6" offset="53" sl="647" sc="13" el="647" ec="32" bec="0" bev="0" fileid="12" />
                <SequencePoint vc="0" uspid="1099" ordinal="7" offset="65" sl="648" sc="13" el="648" ec="39" bec="0" bev="0" fileid="12" />
                <SequencePoint vc="0" uspid="1100" ordinal="8" offset="73" sl="649" sc="13" el="649" ec="32" bec="0" bev="0" fileid="12" />
                <SequencePoint vc="0" uspid="1101" ordinal="9" offset="77" sl="650" sc="13" el="650" ec="51" bec="0" bev="0" fileid="12" />
                <SequencePoint vc="0" uspid="1102" ordinal="10" offset="97" sl="652" sc="13" el="652" ec="68" bec="0" bev="0" fileid="12" />
                <SequencePoint vc="0" uspid="1103" ordinal="11" offset="108" sl="653" sc="13" el="653" ec="32" bec="0" bev="0" fileid="12" />
                <SequencePoint vc="0" uspid="1104" ordinal="12" offset="120" sl="654" sc="13" el="654" ec="39" bec="0" bev="0" fileid="12" />
                <SequencePoint vc="0" uspid="1105" ordinal="13" offset="128" sl="655" sc="13" el="655" ec="32" bec="0" bev="0" fileid="12" />
                <SequencePoint vc="0" uspid="1106" ordinal="14" offset="132" sl="656" sc="13" el="656" ec="51" bec="0" bev="0" fileid="12" />
                <SequencePoint vc="0" uspid="1107" ordinal="15" offset="152" sl="658" sc="13" el="658" ec="66" bec="0" bev="0" fileid="12" />
                <SequencePoint vc="0" uspid="1108" ordinal="16" offset="163" sl="659" sc="13" el="659" ec="33" bec="0" bev="0" fileid="12" />
                <SequencePoint vc="0" uspid="1109" ordinal="17" offset="175" sl="660" sc="13" el="660" ec="39" bec="0" bev="0" fileid="12" />
                <SequencePoint vc="0" uspid="1110" ordinal="18" offset="183" sl="661" sc="13" el="661" ec="32" bec="0" bev="0" fileid="12" />
                <SequencePoint vc="0" uspid="1111" ordinal="19" offset="187" sl="662" sc="13" el="662" ec="51" bec="0" bev="0" fileid="12" />
                <SequencePoint vc="0" uspid="1112" ordinal="20" offset="207" sl="664" sc="13" el="664" ec="69" bec="0" bev="0" fileid="12" />
                <SequencePoint vc="0" uspid="1113" ordinal="21" offset="218" sl="665" sc="13" el="665" ec="33" bec="0" bev="0" fileid="12" />
                <SequencePoint vc="0" uspid="1114" ordinal="22" offset="230" sl="666" sc="13" el="666" ec="39" bec="0" bev="0" fileid="12" />
                <SequencePoint vc="0" uspid="1115" ordinal="23" offset="238" sl="667" sc="13" el="667" ec="32" bec="0" bev="0" fileid="12" />
                <SequencePoint vc="0" uspid="1116" ordinal="24" offset="242" sl="668" sc="13" el="668" ec="51" bec="0" bev="0" fileid="12" />
                <SequencePoint vc="0" uspid="1117" ordinal="25" offset="262" sl="670" sc="13" el="670" ec="69" bec="0" bev="0" fileid="12" />
                <SequencePoint vc="0" uspid="1118" ordinal="26" offset="273" sl="671" sc="13" el="671" ec="33" bec="0" bev="0" fileid="12" />
                <SequencePoint vc="0" uspid="1119" ordinal="27" offset="285" sl="672" sc="13" el="672" ec="32" bec="0" bev="0" fileid="12" />
                <SequencePoint vc="0" uspid="1120" ordinal="28" offset="289" sl="673" sc="13" el="673" ec="39" bec="0" bev="0" fileid="12" />
                <SequencePoint vc="0" uspid="1121" ordinal="29" offset="297" sl="675" sc="13" el="675" ec="52" bec="0" bev="0" fileid="12" />
                <SequencePoint vc="0" uspid="1122" ordinal="30" offset="317" sl="678" sc="13" el="678" ec="50" bec="0" bev="0" fileid="12" />
                <SequencePoint vc="0" uspid="1123" ordinal="31" offset="328" sl="680" sc="13" el="680" ec="65" bec="0" bev="0" fileid="12" />
                <SequencePoint vc="0" uspid="1124" ordinal="32" offset="341" sl="681" sc="9" el="681" ec="10" bec="0" bev="0" fileid="12" />
              </SequencePoints>
              <BranchPoints />
              <MethodPoint xsi:type="SequencePoint" vc="0" uspid="1092" ordinal="0" offset="0" sl="639" sc="9" el="639" ec="10" bec="0" bev="0" fileid="12" />
            </Method>
            <Method visited="false" cyclomaticComplexity="3" nPathComplexity="4" sequenceCoverage="0" branchCoverage="0" crapScore="12" isConstructor="false" isStatic="false" isGetter="false" isSetter="false">
              <Summary numSequencePoints="27" visitedSequencePoints="0" numBranchPoints="5" visitedBranchPoints="0" sequenceCoverage="0" branchCoverage="0" maxCyclomaticComplexity="3" minCyclomaticComplexity="3" maxCrapScore="12" minCrapScore="12" visitedClasses="0" numClasses="0" visitedMethods="0" numMethods="1" />
              <MetadataToken>100663374</MetadataToken>
              <Name>System.Void Log4NetAppenders.UnitTest.RemoteSyslogSSLAppenderTest::TestMessagesProcessed()</Name>
              <FileRef uid="12" />
              <SequencePoints>
                <SequencePoint vc="0" uspid="1125" ordinal="0" offset="6" sl="686" sc="9" el="686" ec="10" bec="0" bev="0" fileid="12" />
                <SequencePoint vc="0" uspid="1126" ordinal="1" offset="7" sl="687" sc="13" el="687" ec="51" bec="0" bev="0" fileid="12" />
                <SequencePoint vc="0" uspid="1127" ordinal="2" offset="13" sl="688" sc="13" el="688" ec="23" bec="0" bev="0" fileid="12" />
                <SequencePoint vc="0" uspid="1128" ordinal="3" offset="17" sl="718" sc="13" el="718" ec="14" bec="0" bev="0" fileid="12" />
                <SequencePoint vc="0" uspid="1129" ordinal="4" offset="18" sl="719" sc="17" el="719" ec="77" bec="0" bev="0" fileid="12" />
                <SequencePoint vc="0" uspid="1130" ordinal="5" offset="41" sl="720" sc="17" el="720" ec="36" bec="0" bev="0" fileid="12" />
                <SequencePoint vc="0" uspid="1131" ordinal="6" offset="54" sl="721" sc="17" el="721" ec="76" bec="0" bev="0" fileid="12" />
                <SequencePoint vc="0" uspid="1132" ordinal="7" offset="77" sl="722" sc="17" el="722" ec="36" bec="0" bev="0" fileid="12" />
                <SequencePoint vc="0" uspid="1133" ordinal="8" offset="90" sl="723" sc="17" el="723" ec="74" bec="0" bev="0" fileid="12" />
                <SequencePoint vc="0" uspid="1134" ordinal="9" offset="113" sl="724" sc="17" el="724" ec="37" bec="0" bev="0" fileid="12" />
                <SequencePoint vc="0" uspid="1135" ordinal="10" offset="126" sl="725" sc="17" el="725" ec="43" bec="0" bev="0" fileid="12" />
                <SequencePoint vc="0" uspid="1136" ordinal="11" offset="135" sl="726" sc="13" el="726" ec="14" bec="0" bev="0" fileid="12" />
                <SequencePoint vc="0" uspid="1137" ordinal="12" offset="136" sl="717" sc="27" el="717" ec="30" bec="0" bev="0" fileid="12" />
                <SequencePoint vc="0" uspid="1138" ordinal="13" offset="140" sl="717" sc="20" el="717" ec="25" bec="2" bev="0" fileid="12" />
                <SequencePoint vc="0" uspid="1139" ordinal="14" offset="153" sl="728" sc="13" el="728" ec="52" bec="0" bev="0" fileid="12" />
                <SequencePoint vc="0" uspid="1140" ordinal="15" offset="175" sl="733" sc="13" el="733" ec="14" bec="0" bev="0" fileid="12" />
                <SequencePoint vc="0" uspid="1141" ordinal="16" offset="176" sl="734" sc="17" el="734" ec="81" bec="0" bev="0" fileid="12" />
                <SequencePoint vc="0" uspid="1142" ordinal="17" offset="199" sl="735" sc="17" el="735" ec="37" bec="0" bev="0" fileid="12" />
                <SequencePoint vc="0" uspid="1143" ordinal="18" offset="212" sl="736" sc="17" el="736" ec="43" bec="0" bev="0" fileid="12" />
                <SequencePoint vc="0" uspid="1144" ordinal="19" offset="221" sl="740" sc="13" el="740" ec="14" bec="0" bev="0" fileid="12" />
                <SequencePoint vc="0" uspid="1145" ordinal="20" offset="222" sl="732" sc="27" el="732" ec="30" bec="0" bev="0" fileid="12" />
                <SequencePoint vc="0" uspid="1146" ordinal="21" offset="226" sl="732" sc="20" el="732" ec="25" bec="2" bev="0" fileid="12" />
                <SequencePoint vc="0" uspid="1147" ordinal="22" offset="236" sl="742" sc="13" el="742" ec="52" bec="0" bev="0" fileid="12" />
                <SequencePoint vc="0" uspid="1148" ordinal="23" offset="256" sl="744" sc="13" el="744" ec="50" bec="0" bev="0" fileid="12" />
                <SequencePoint vc="0" uspid="1149" ordinal="24" offset="272" sl="745" sc="13" el="745" ec="126" bec="0" bev="0" fileid="12" />
                <SequencePoint vc="0" uspid="1150" ordinal="25" offset="291" sl="747" sc="13" el="747" ec="72" bec="0" bev="0" fileid="12" />
                <SequencePoint vc="0" uspid="1151" ordinal="26" offset="318" sl="748" sc="9" el="748" ec="10" bec="0" bev="0" fileid="12" />
              </SequencePoints>
              <BranchPoints>
                <BranchPoint vc="0" uspid="1152" ordinal="0" offset="148" sl="717" path="0" offsetend="153" fileid="12" />
                <BranchPoint vc="0" uspid="1153" ordinal="1" offset="148" sl="717" path="1" offsetend="17" fileid="12" />
                <BranchPoint vc="0" uspid="1154" ordinal="2" offset="234" sl="732" path="0" offsetend="236" fileid="12" />
                <BranchPoint vc="0" uspid="1155" ordinal="3" offset="234" sl="732" path="1" offsetend="175" fileid="12" />
              </BranchPoints>
              <MethodPoint vc="0" uspid="1156" ordinal="0" offset="0" />
            </Method>
            <Method visited="false" cyclomaticComplexity="1" nPathComplexity="0" sequenceCoverage="0" branchCoverage="0" crapScore="2" isConstructor="true" isStatic="false" isGetter="false" isSetter="false">
              <Summary numSequencePoints="0" visitedSequencePoints="0" numBranchPoints="0" visitedBranchPoints="0" sequenceCoverage="0" branchCoverage="0" maxCyclomaticComplexity="1" minCyclomaticComplexity="1" maxCrapScore="2" minCrapScore="2" visitedClasses="0" numClasses="0" visitedMethods="0" numMethods="0" />
              <MetadataToken>100663375</MetadataToken>
              <Name>System.Void Log4NetAppenders.UnitTest.RemoteSyslogSSLAppenderTest::.ctor()</Name>
              <SequencePoints />
              <BranchPoints />
              <MethodPoint vc="0" uspid="1157" ordinal="0" offset="0" />
            </Method>
            <Method visited="false" cyclomaticComplexity="1" nPathComplexity="0" sequenceCoverage="0" branchCoverage="0" crapScore="2" isConstructor="true" isStatic="true" isGetter="false" isSetter="false">
              <Summary numSequencePoints="4" visitedSequencePoints="0" numBranchPoints="1" visitedBranchPoints="0" sequenceCoverage="0" branchCoverage="0" maxCyclomaticComplexity="1" minCyclomaticComplexity="1" maxCrapScore="2" minCrapScore="2" visitedClasses="0" numClasses="0" visitedMethods="0" numMethods="1" />
              <MetadataToken>100663376</MetadataToken>
              <Name>System.Void Log4NetAppenders.UnitTest.RemoteSyslogSSLAppenderTest::.cctor()</Name>
              <FileRef uid="12" />
              <SequencePoints>
                <SequencePoint vc="0" uspid="1158" ordinal="0" offset="0" sl="20" sc="9" el="20" ec="86" bec="0" bev="0" fileid="12" />
                <SequencePoint vc="0" uspid="1159" ordinal="1" offset="10" sl="21" sc="9" el="21" ec="87" bec="0" bev="0" fileid="12" />
                <SequencePoint vc="0" uspid="1160" ordinal="2" offset="20" sl="22" sc="9" el="22" ec="55" bec="0" bev="0" fileid="12" />
                <SequencePoint vc="0" uspid="1161" ordinal="3" offset="30" sl="34" sc="9" el="34" ec="63" bec="0" bev="0" fileid="12" />
              </SequencePoints>
              <BranchPoints />
              <MethodPoint xsi:type="SequencePoint" vc="0" uspid="1158" ordinal="0" offset="0" sl="20" sc="9" el="20" ec="86" bec="0" bev="0" fileid="12" />
            </Method>
          </Methods>
        </Class>
        <Class>
          <Summary numSequencePoints="1" visitedSequencePoints="0" numBranchPoints="1" visitedBranchPoints="0" sequenceCoverage="0" branchCoverage="0" maxCyclomaticComplexity="1" minCyclomaticComplexity="1" maxCrapScore="2" minCrapScore="2" visitedClasses="0" numClasses="1" visitedMethods="0" numMethods="1" />
          <FullName>Log4NetAppenders.UnitTest.RemoteSyslogSSLAppenderTest/&lt;&gt;c__DisplayClass27_0</FullName>
          <Methods>
            <Method visited="false" cyclomaticComplexity="1" nPathComplexity="0" sequenceCoverage="0" branchCoverage="0" crapScore="2" isConstructor="true" isStatic="false" isGetter="false" isSetter="false">
              <Summary numSequencePoints="0" visitedSequencePoints="0" numBranchPoints="0" visitedBranchPoints="0" sequenceCoverage="0" branchCoverage="0" maxCyclomaticComplexity="1" minCyclomaticComplexity="1" maxCrapScore="2" minCrapScore="2" visitedClasses="0" numClasses="0" visitedMethods="0" numMethods="0" />
              <MetadataToken>100663389</MetadataToken>
              <Name>System.Void Log4NetAppenders.UnitTest.RemoteSyslogSSLAppenderTest/&lt;&gt;c__DisplayClass27_0::.ctor()</Name>
              <SequencePoints />
              <BranchPoints />
              <MethodPoint vc="0" uspid="1162" ordinal="0" offset="0" />
            </Method>
            <Method visited="false" cyclomaticComplexity="1" nPathComplexity="0" sequenceCoverage="0" branchCoverage="0" crapScore="2" isConstructor="false" isStatic="false" isGetter="false" isSetter="false">
              <Summary numSequencePoints="1" visitedSequencePoints="0" numBranchPoints="1" visitedBranchPoints="0" sequenceCoverage="0" branchCoverage="0" maxCyclomaticComplexity="1" minCyclomaticComplexity="1" maxCrapScore="2" minCrapScore="2" visitedClasses="0" numClasses="0" visitedMethods="0" numMethods="1" />
              <MetadataToken>100663390</MetadataToken>
              <Name>System.Boolean Log4NetAppenders.UnitTest.RemoteSyslogSSLAppenderTest/&lt;&gt;c__DisplayClass27_0::&lt;TestMessagesProcessed&gt;b__0(System.String)</Name>
              <FileRef uid="12" />
              <SequencePoints>
                <SequencePoint vc="0" uspid="1163" ordinal="0" offset="13" sl="745" sc="69" el="745" ec="124" bec="0" bev="0" fileid="12" />
              </SequencePoints>
              <BranchPoints />
              <MethodPoint vc="0" uspid="1164" ordinal="0" offset="0" />
            </Method>
          </Methods>
        </Class>
        <Class>
          <Summary numSequencePoints="1" visitedSequencePoints="0" numBranchPoints="1" visitedBranchPoints="0" sequenceCoverage="0" branchCoverage="0" maxCyclomaticComplexity="1" minCyclomaticComplexity="1" maxCrapScore="2" minCrapScore="2" visitedClasses="0" numClasses="1" visitedMethods="0" numMethods="1" />
          <FullName>Log4NetAppenders.UnitTest.RemoteSyslogSSLAppenderTest/&lt;&gt;c__DisplayClass27_1</FullName>
          <Methods>
            <Method visited="false" cyclomaticComplexity="1" nPathComplexity="0" sequenceCoverage="0" branchCoverage="0" crapScore="2" isConstructor="true" isStatic="false" isGetter="false" isSetter="false">
              <Summary numSequencePoints="0" visitedSequencePoints="0" numBranchPoints="0" visitedBranchPoints="0" sequenceCoverage="0" branchCoverage="0" maxCyclomaticComplexity="1" minCyclomaticComplexity="1" maxCrapScore="2" minCrapScore="2" visitedClasses="0" numClasses="0" visitedMethods="0" numMethods="0" />
              <MetadataToken>100663391</MetadataToken>
              <Name>System.Void Log4NetAppenders.UnitTest.RemoteSyslogSSLAppenderTest/&lt;&gt;c__DisplayClass27_1::.ctor()</Name>
              <SequencePoints />
              <BranchPoints />
              <MethodPoint vc="0" uspid="1165" ordinal="0" offset="0" />
            </Method>
            <Method visited="false" cyclomaticComplexity="1" nPathComplexity="0" sequenceCoverage="0" branchCoverage="0" crapScore="2" isConstructor="false" isStatic="false" isGetter="false" isSetter="false">
              <Summary numSequencePoints="1" visitedSequencePoints="0" numBranchPoints="1" visitedBranchPoints="0" sequenceCoverage="0" branchCoverage="0" maxCyclomaticComplexity="1" minCyclomaticComplexity="1" maxCrapScore="2" minCrapScore="2" visitedClasses="0" numClasses="0" visitedMethods="0" numMethods="1" />
              <MetadataToken>100663392</MetadataToken>
              <Name>System.Boolean Log4NetAppenders.UnitTest.RemoteSyslogSSLAppenderTest/&lt;&gt;c__DisplayClass27_1::&lt;TestMessagesProcessed&gt;b__1(System.String)</Name>
              <FileRef uid="12" />
              <SequencePoints>
                <SequencePoint vc="0" uspid="1166" ordinal="0" offset="0" sl="745" sc="94" el="745" ec="123" bec="0" bev="0" fileid="12" />
              </SequencePoints>
              <BranchPoints />
              <MethodPoint xsi:type="SequencePoint" vc="0" uspid="1166" ordinal="0" offset="0" sl="745" sc="94" el="745" ec="123" bec="0" bev="0" fileid="12" />
            </Method>
          </Methods>
        </Class>
      </Classes>
    </Module>
  </Modules>
</CoverageSession>